Log file open, 05/24/18 21:20:40
LogWindows: Failed to load 'aqProf.dll' (GetLastError=126)
LogWindows: File 'aqProf.dll' does not exist
LogWindows: Failed to load 'VSPerf140.dll' (GetLastError=126)
LogWindows: File 'VSPerf140.dll' does not exist
LogWindows: Failed to load 'VtuneApi.dll' (GetLastError=126)
LogWindows: File 'VtuneApi.dll' does not exist
LogWindows: Failed to load 'VtuneApi32e.dll' (GetLastError=126)
LogWindows: File 'VtuneApi32e.dll' does not exist
LogInit: Display: Running engine for game: Recovery
LogPlatformFile: Not using cached read wrapper
LogInit: Display: RandInit(-2114410162) SRandInit(-2114410162).
LogInit: Read version file with build ID '3709383'
LogInit: Overriding engine version to CL 3832480, compatible CL 3709383
LogInit: Registered custom module enumerator with build ID '3709383'
LogTaskGraph: Started task graph with 5 named threads and 8 total threads with 3 sets of task threads.
LogStats: Stats thread started at 0.425657
LogD3D11RHI: Aftermath initialized
LogPluginManager: Mounting plugin Paper2D
LogPluginManager: Mounting plugin LightPropagationVolume
LogPluginManager: Mounting plugin CodeLiteSourceCodeAccess
LogPluginManager: Mounting plugin GitSourceControl
LogPluginManager: Mounting plugin KDevelopSourceCodeAccess
LogPluginManager: Mounting plugin NullSourceCodeAccess
LogPluginManager: Mounting plugin PerforceSourceControl
LogPluginManager: Mounting plugin SubversionSourceControl
LogPluginManager: Mounting plugin UObjectPlugin
LogPluginManager: Mounting plugin VisualStudioCodeSourceCodeAccess
LogPluginManager: Mounting plugin VisualStudioSourceCodeAccess
LogPluginManager: Mounting plugin XCodeSourceCodeAccess
LogPluginManager: Mounting plugin AssetManagerEditor
LogPluginManager: Mounting plugin AudioCapture
LogPluginManager: Mounting plugin FacialAnimation
LogPluginManager: Mounting plugin GameplayTagsEditor
LogPluginManager: Mounting plugin MobileLauncherProfileWizard
LogPluginManager: Mounting plugin PluginBrowser
LogPluginManager: Mounting plugin SpeedTreeImporter
LogPluginManager: Mounting plugin AlembicImporter
LogPluginManager: Mounting plugin CharacterAI
LogPluginManager: Mounting plugin HTML5Networking
LogPluginManager: Mounting plugin AndroidMedia
LogPluginManager: Mounting plugin AvfMedia
LogPluginManager: Mounting plugin ImgMedia
LogPluginManager: Mounting plugin MediaCompositing
LogPluginManager: Mounting plugin MediaPlayerEditor
LogPluginManager: Mounting plugin WmfMedia
LogPluginManager: Mounting plugin TcpMessaging
LogPluginManager: Mounting plugin UdpMessaging
LogPluginManager: Mounting plugin ActorSequence
LogPluginManager: Mounting plugin LevelSequenceEditor
LogPluginManager: Mounting plugin MatineeToLevelSequence
LogPluginManager: Mounting plugin OnlineSubsystemGooglePlay
LogPluginManager: Mounting plugin OnlineSubsystemIOS
LogPluginManager: Mounting plugin OnlineSubsystem
LogPluginManager: Mounting plugin OnlineSubsystemNull
LogPluginManager: Mounting plugin OnlineSubsystemUtils
LogPluginManager: Mounting plugin AndroidDeviceProfileSelector
LogPluginManager: Mounting plugin AndroidMoviePlayer
LogPluginManager: Mounting plugin AndroidPermission
LogPluginManager: Mounting plugin AppleARKit
LogPluginManager: Mounting plugin AppleMoviePlayer
LogPluginManager: Mounting plugin ArchVisCharacter
LogPluginManager: Mounting plugin CableComponent
LogPluginManager: Mounting plugin CustomMeshComponent
LogPluginManager: Mounting plugin ExampleDeviceProfileSelector
LogPluginManager: Mounting plugin GoogleCloudMessaging
LogPluginManager: Mounting plugin ImmediatePhysics
LogPluginManager: Mounting plugin IOSDeviceProfileSelector
LogPluginManager: Mounting plugin LinuxDeviceProfileSelector
LogPluginManager: Mounting plugin LocationServicesBPLibrary
LogPluginManager: Mounting plugin MobilePatchingUtils
LogPluginManager: Mounting plugin OculusVR
LogPluginManager: Plugin shader directory ../../../Engine/Plugins/Runtime/Oculus/OculusVR/Shaders found
LogPluginManager: Mapping shader source directory ../../../Engine/Plugins/Runtime/Oculus/OculusVR/Shaders to virtual directory /Plugin/OculusVR
LogPluginManager: Mounting plugin PhysXVehicles
LogPluginManager: Mounting plugin ProceduralMeshComponent
LogPluginManager: Mounting plugin RuntimePhysXCooking
LogPluginManager: Mounting plugin SteamVR
LogPluginManager: Mounting plugin WindowsMoviePlayer
LogModuleManager: Warning: Module file ../../../../../../Users/steph/Documents/Unreal Projects/Recovery/Binaries/Win64/UE4Editor-Recovery-1765.dll is missing. This is likely a stale module that must be recompiled.
LogModuleManager: Display: Found up-to-date module file ../../../Engine/Plugins/2D/Paper2D/Binaries/Win64/UE4Editor-Paper2D.dll (API version 3709383).
LogModuleManager: Display: Found up-to-date module file ../../../Engine/Plugins/2D/Paper2D/Binaries/Win64/UE4Editor-Paper2DEditor.dll (API version 3709383).
LogModuleManager: Display: Found up-to-date module file ../../../Engine/Plugins/2D/Paper2D/Binaries/Win64/UE4Editor-PaperSpriteSheetImporter.dll (API version 3709383).
LogModuleManager: Display: Found up-to-date module file ../../../Engine/Plugins/2D/Paper2D/Binaries/Win64/UE4Editor-PaperTiledImporter.dll (API version 3709383).
LogModuleManager: Display: Found up-to-date module file ../../../Engine/Plugins/2D/Paper2D/Binaries/Win64/UE4Editor-SmartSnapping.dll (API version 3709383).
LogModuleManager: Display: Found up-to-date module file ../../../Engine/Plugins/Blendables/LightPropagationVolume/Binaries/Win64/UE4Editor-LightPropagationVolumeRuntime.dll (API version 3709383).
LogModuleManager: Display: Found up-to-date module file ../../../Engine/Plugins/Blendables/LightPropagationVolume/Binaries/Win64/UE4Editor-LightPropagationVolumeEditor.dll (API version 3709383).
LogModuleManager: Display: Found up-to-date module file ../../../Engine/Plugins/Developer/GitSourceControl/Binaries/Win64/UE4Editor-GitSourceControl.dll (API version 3709383).
LogModuleManager: Display: Found up-to-date module file ../../../Engine/Plugins/Developer/PerforceSourceControl/Binaries/Win64/UE4Editor-PerforceSourceControl.dll (API version 3709383).
LogModuleManager: Display: Found up-to-date module file ../../../Engine/Plugins/Developer/SubversionSourceControl/Binaries/Win64/UE4Editor-SubversionSourceControl.dll (API version 3709383).
LogModuleManager: Display: Found up-to-date module file ../../../Engine/Plugins/Developer/UObjectPlugin/Binaries/Win64/UE4Editor-UObjectPlugin.dll (API version 3709383).
LogModuleManager: Display: Found up-to-date module file ../../../Engine/Plugins/Developer/VisualStudioCodeSourceCodeAccess/Binaries/Win64/UE4Editor-VisualStudioCodeSourceCodeAccess.dll (API version 3709383).
LogModuleManager: Display: Found up-to-date module file ../../../Engine/Plugins/Developer/VisualStudioSourceCodeAccess/Binaries/Win64/UE4Editor-VisualStudioSourceCodeAccess.dll (API version 3709383).
LogModuleManager: Display: Found up-to-date module file ../../../Engine/Plugins/Editor/AssetManagerEditor/Binaries/Win64/UE4Editor-AssetManagerEditor.dll (API version 3709383).
LogModuleManager: Display: Found up-to-date module file ../../../Engine/Plugins/Editor/AudioCapture/Binaries/Win64/UE4Editor-AudioCapture.dll (API version 3709383).
LogModuleManager: Display: Found up-to-date module file ../../../Engine/Plugins/Editor/FacialAnimation/Binaries/Win64/UE4Editor-FacialAnimation.dll (API version 3709383).
LogModuleManager: Display: Found up-to-date module file ../../../Engine/Plugins/Editor/FacialAnimation/Binaries/Win64/UE4Editor-FacialAnimationEditor.dll (API version 3709383).
LogModuleManager: Display: Found up-to-date module file ../../../Engine/Plugins/Editor/GameplayTagsEditor/Binaries/Win64/UE4Editor-GameplayTagsEditor.dll (API version 3709383).
LogModuleManager: Display: Found up-to-date module file ../../../Engine/Plugins/Editor/MobileLauncherProfileWizard/Binaries/Win64/UE4Editor-MobileLauncherProfileWizard.dll (API version 3709383).
LogModuleManager: Display: Found up-to-date module file ../../../Engine/Plugins/Editor/PluginBrowser/Binaries/Win64/UE4Editor-PluginBrowser.dll (API version 3709383).
LogModuleManager: Display: Found up-to-date module file ../../../Engine/Plugins/Editor/SpeedTreeImporter/Binaries/Win64/UE4Editor-SpeedTreeImporter.dll (API version 3709383).
LogModuleManager: Display: Found up-to-date module file ../../../Engine/Plugins/Experimental/AlembicImporter/Binaries/Win64/UE4Editor-AlembicImporter.dll (API version 3709383).
LogModuleManager: Display: Found up-to-date module file ../../../Engine/Plugins/Experimental/AlembicImporter/Binaries/Win64/UE4Editor-AlembicLibrary.dll (API version 3709383).
LogModuleManager: Display: Found up-to-date module file ../../../Engine/Plugins/Experimental/CharacterAI/Binaries/Win64/UE4Editor-CharacterAI.dll (API version 3709383).
LogModuleManager: Display: Found up-to-date module file ../../../Engine/Plugins/Experimental/HTML5Networking/Binaries/Win64/UE4Editor-HTML5Networking.dll (API version 3709383).
LogModuleManager: Display: Found up-to-date module file ../../../Engine/Plugins/Media/AndroidMedia/Binaries/Win64/UE4Editor-AndroidMediaEditor.dll (API version 3709383).
LogModuleManager: Display: Found up-to-date module file ../../../Engine/Plugins/Media/AndroidMedia/Binaries/Win64/UE4Editor-AndroidMediaFactory.dll (API version 3709383).
LogModuleManager: Display: Found up-to-date module file ../../../Engine/Plugins/Media/AvfMedia/Binaries/Win64/UE4Editor-AvfMediaEditor.dll (API version 3709383).
LogModuleManager: Display: Found up-to-date module file ../../../Engine/Plugins/Media/AvfMedia/Binaries/Win64/UE4Editor-AvfMediaFactory.dll (API version 3709383).
LogModuleManager: Display: Found up-to-date module file ../../../Engine/Plugins/Media/AvfMedia/Binaries/Win64/UE4Editor-AvfMediaFactory.dll (API version 3709383).
LogModuleManager: Display: Found up-to-date module file ../../../Engine/Plugins/Media/ImgMedia/Binaries/Win64/UE4Editor-ImgMedia.dll (API version 3709383).
LogModuleManager: Display: Found up-to-date module file ../../../Engine/Plugins/Media/ImgMedia/Binaries/Win64/UE4Editor-ImgMediaEditor.dll (API version 3709383).
LogModuleManager: Display: Found up-to-date module file ../../../Engine/Plugins/Media/ImgMedia/Binaries/Win64/UE4Editor-ImgMediaFactory.dll (API version 3709383).
LogModuleManager: Display: Found up-to-date module file ../../../Engine/Plugins/Media/ImgMedia/Binaries/Win64/UE4Editor-ImgMediaFactory.dll (API version 3709383).
LogModuleManager: Display: Found up-to-date module file ../../../Engine/Plugins/Media/ImgMedia/Binaries/Win64/UE4Editor-OpenExrWrapper.dll (API version 3709383).
LogModuleManager: Display: Found up-to-date module file ../../../Engine/Plugins/Media/MediaCompositing/Binaries/Win64/UE4Editor-MediaCompositing.dll (API version 3709383).
LogModuleManager: Display: Found up-to-date module file ../../../Engine/Plugins/Media/MediaCompositing/Binaries/Win64/UE4Editor-MediaCompositingEditor.dll (API version 3709383).
LogModuleManager: Display: Found up-to-date module file ../../../Engine/Plugins/Media/MediaPlayerEditor/Binaries/Win64/UE4Editor-MediaPlayerEditor.dll (API version 3709383).
LogModuleManager: Display: Found up-to-date module file ../../../Engine/Plugins/Media/WmfMedia/Binaries/Win64/UE4Editor-WmfMedia.dll (API version 3709383).
LogModuleManager: Display: Found up-to-date module file ../../../Engine/Plugins/Media/WmfMedia/Binaries/Win64/UE4Editor-WmfMediaEditor.dll (API version 3709383).
LogModuleManager: Display: Found up-to-date module file ../../../Engine/Plugins/Media/WmfMedia/Binaries/Win64/UE4Editor-WmfMediaFactory.dll (API version 3709383).
LogModuleManager: Display: Found up-to-date module file ../../../Engine/Plugins/Media/WmfMedia/Binaries/Win64/UE4Editor-WmfMediaFactory.dll (API version 3709383).
LogModuleManager: Display: Found up-to-date module file ../../../Engine/Plugins/Messaging/TcpMessaging/Binaries/Win64/UE4Editor-TcpMessaging.dll (API version 3709383).
LogModuleManager: Display: Found up-to-date module file ../../../Engine/Plugins/Messaging/UdpMessaging/Binaries/Win64/UE4Editor-UdpMessaging.dll (API version 3709383).
LogModuleManager: Display: Found up-to-date module file ../../../Engine/Plugins/MovieScene/ActorSequence/Binaries/Win64/UE4Editor-ActorSequence.dll (API version 3709383).
LogModuleManager: Display: Found up-to-date module file ../../../Engine/Plugins/MovieScene/LevelSequenceEditor/Binaries/Win64/UE4Editor-LevelSequenceEditor.dll (API version 3709383).
LogModuleManager: Display: Found up-to-date module file ../../../Engine/Plugins/MovieScene/MatineeToLevelSequence/Binaries/Win64/UE4Editor-MatineeToLevelSequence.dll (API version 3709383).
LogModuleManager: Display: Found up-to-date module file ../../../Engine/Plugins/Online/OnlineSubsystem/Binaries/Win64/UE4Editor-OnlineSubsystem.dll (API version 3709383).
LogModuleManager: Display: Found up-to-date module file ../../../Engine/Plugins/Online/OnlineSubsystemNull/Binaries/Win64/UE4Editor-OnlineSubsystemNull.dll (API version 3709383).
LogModuleManager: Display: Found up-to-date module file ../../../Engine/Plugins/Online/OnlineSubsystemUtils/Binaries/Win64/UE4Editor-OnlineSubsystemUtils.dll (API version 3709383).
LogModuleManager: Display: Found up-to-date module file ../../../Engine/Plugins/Online/OnlineSubsystemUtils/Binaries/Win64/UE4Editor-OnlineBlueprintSupport.dll (API version 3709383).
LogModuleManager: Display: Found up-to-date module file ../../../Engine/Plugins/Runtime/AndroidDeviceProfileSelector/Binaries/Win64/UE4Editor-AndroidDeviceProfileSelector.dll (API version 3709383).
LogModuleManager: Display: Found up-to-date module file ../../../Engine/Plugins/Runtime/AndroidPermission/Binaries/Win64/UE4Editor-AndroidPermission.dll (API version 3709383).
LogModuleManager: Display: Found up-to-date module file ../../../Engine/Plugins/Runtime/AppleARKit/Binaries/Win64/UE4Editor-AppleARKit.dll (API version 3709383).
LogModuleManager: Display: Found up-to-date module file ../../../Engine/Plugins/Runtime/ArchVisCharacter/Binaries/Win64/UE4Editor-ArchVisCharacter.dll (API version 3709383).
LogModuleManager: Display: Found up-to-date module file ../../../Engine/Plugins/Runtime/CableComponent/Binaries/Win64/UE4Editor-CableComponent.dll (API version 3709383).
LogModuleManager: Display: Found up-to-date module file ../../../Engine/Plugins/Runtime/CustomMeshComponent/Binaries/Win64/UE4Editor-CustomMeshComponent.dll (API version 3709383).
LogModuleManager: Display: Found up-to-date module file ../../../Engine/Plugins/Runtime/ExampleDeviceProfileSelector/Binaries/Win64/UE4Editor-ExampleDeviceProfileSelector.dll (API version 3709383).
LogModuleManager: Display: Found up-to-date module file ../../../Engine/Plugins/Runtime/ImmediatePhysics/Binaries/Win64/UE4Editor-ImmediatePhysics.dll (API version 3709383).
LogModuleManager: Display: Found up-to-date module file ../../../Engine/Plugins/Runtime/ImmediatePhysics/Binaries/Win64/UE4Editor-ImmediatePhysicsEditor.dll (API version 3709383).
LogModuleManager: Display: Found up-to-date module file ../../../Engine/Plugins/Runtime/LocationServicesBPLibrary/Binaries/Win64/UE4Editor-LocationServicesBPLibrary.dll (API version 3709383).
LogModuleManager: Display: Found up-to-date module file ../../../Engine/Plugins/Runtime/MobilePatchingUtils/Binaries/Win64/UE4Editor-MobilePatchingUtils.dll (API version 3709383).
LogModuleManager: Display: Found up-to-date module file ../../../Engine/Plugins/Runtime/Oculus/OculusVR/Binaries/Win64/UE4Editor-OculusHMD.dll (API version 3709383).
LogModuleManager: Display: Found up-to-date module file ../../../Engine/Plugins/Runtime/Oculus/OculusVR/Binaries/Win64/UE4Editor-OculusInput.dll (API version 3709383).
LogModuleManager: Display: Found up-to-date module file ../../../Engine/Plugins/Runtime/Oculus/OculusVR/Binaries/Win64/UE4Editor-OculusEditor.dll (API version 3709383).
LogModuleManager: Display: Found up-to-date module file ../../../Engine/Plugins/Runtime/PhysXVehicles/Binaries/Win64/UE4Editor-PhysXVehicles.dll (API version 3709383).
LogModuleManager: Display: Found up-to-date module file ../../../Engine/Plugins/Runtime/PhysXVehicles/Binaries/Win64/UE4Editor-PhysXVehiclesEditor.dll (API version 3709383).
LogModuleManager: Display: Found up-to-date module file ../../../Engine/Plugins/Runtime/ProceduralMeshComponent/Binaries/Win64/UE4Editor-ProceduralMeshComponent.dll (API version 3709383).
LogModuleManager: Display: Found up-to-date module file ../../../Engine/Plugins/Runtime/ProceduralMeshComponent/Binaries/Win64/UE4Editor-ProceduralMeshComponentEditor.dll (API version 3709383).
LogModuleManager: Display: Found up-to-date module file ../../../Engine/Plugins/Runtime/RuntimePhysXCooking/Binaries/Win64/UE4Editor-RuntimePhysXCooking.dll (API version 3709383).
LogModuleManager: Display: Found up-to-date module file ../../../Engine/Plugins/Runtime/Steam/SteamVR/Binaries/Win64/UE4Editor-SteamVR.dll (API version 3709383).
LogModuleManager: Display: Found up-to-date module file ../../../Engine/Plugins/Runtime/Steam/SteamVR/Binaries/Win64/UE4Editor-SteamVRController.dll (API version 3709383).
LogModuleManager: Display: Found up-to-date module file ../../../Engine/Plugins/Runtime/WindowsMoviePlayer/Binaries/Win64/UE4Editor-WindowsMoviePlayer.dll (API version 3709383).
LogInit: Warning: Incompatible or missing module: UE4Editor-Recovery.dll
Running C:/Program Files/Epic Games/UE_4.18/Engine/Binaries/DotNET/UnrealBuildTool.exe Recovery Development Win64 -project="C:/Users/steph/Documents/Unreal Projects/Recovery/Recovery.uproject" -editorrecompile -progress -NoHotReloadFromIDE
Creating makefile for Recovery (no existing makefile)
@progress push 5%
@progress pop
Deleting old hot reload file: "C:\Users\steph\Documents\Unreal Projects\Recovery\Binaries\Win64\UE4Editor-Recovery-1188.dll".
Deleting old hot reload file: "C:\Users\steph\Documents\Unreal Projects\Recovery\Binaries\Win64\UE4Editor-Recovery-1188.pdb".
Deleting old hot reload file: "C:\Users\steph\Documents\Unreal Projects\Recovery\Binaries\Win64\UE4Editor-Recovery-1487.dll".
Deleting old hot reload file: "C:\Users\steph\Documents\Unreal Projects\Recovery\Binaries\Win64\UE4Editor-Recovery-1487.pdb".
Deleting old hot reload file: "C:\Users\steph\Documents\Unreal Projects\Recovery\Binaries\Win64\UE4Editor-Recovery-1900.dll".
Deleting old hot reload file: "C:\Users\steph\Documents\Unreal Projects\Recovery\Binaries\Win64\UE4Editor-Recovery-1900.pdb".
Deleting old hot reload file: "C:\Users\steph\Documents\Unreal Projects\Recovery\Binaries\Win64\UE4Editor-Recovery-3030.dll".
Deleting old hot reload file: "C:\Users\steph\Documents\Unreal Projects\Recovery\Binaries\Win64\UE4Editor-Recovery-3030.pdb".
Deleting old hot reload file: "C:\Users\steph\Documents\Unreal Projects\Recovery\Binaries\Win64\UE4Editor-Recovery-3435.dll".
Deleting old hot reload file: "C:\Users\steph\Documents\Unreal Projects\Recovery\Binaries\Win64\UE4Editor-Recovery-3435.pdb".
Deleting old hot reload file: "C:\Users\steph\Documents\Unreal Projects\Recovery\Binaries\Win64\UE4Editor-Recovery-4534.dll".
Deleting old hot reload file: "C:\Users\steph\Documents\Unreal Projects\Recovery\Binaries\Win64\UE4Editor-Recovery-4534.pdb".
Deleting old hot reload file: "C:\Users\steph\Documents\Unreal Projects\Recovery\Binaries\Win64\UE4Editor-Recovery-5080.dll".
Deleting old hot reload file: "C:\Users\steph\Documents\Unreal Projects\Recovery\Binaries\Win64\UE4Editor-Recovery-5080.pdb".
Deleting old hot reload file: "C:\Users\steph\Documents\Unreal Projects\Recovery\Binaries\Win64\UE4Editor-Recovery-6137.dll".
Deleting old hot reload file: "C:\Users\steph\Documents\Unreal Projects\Recovery\Binaries\Win64\UE4Editor-Recovery-6137.pdb".
Deleting old hot reload file: "C:\Users\steph\Documents\Unreal Projects\Recovery\Binaries\Win64\UE4Editor-Recovery-7311.dll".
Deleting old hot reload file: "C:\Users\steph\Documents\Unreal Projects\Recovery\Binaries\Win64\UE4Editor-Recovery-7311.pdb".
Deleting old hot reload file: "C:\Users\steph\Documents\Unreal Projects\Recovery\Binaries\Win64\UE4Editor-Recovery-7784.dll".
Deleting old hot reload file: "C:\Users\steph\Documents\Unreal Projects\Recovery\Binaries\Win64\UE4Editor-Recovery-7784.pdb".
Deleting old hot reload file: "C:\Users\steph\Documents\Unreal Projects\Recovery\Binaries\Win64\UE4Editor-Recovery-868.dll".
Deleting old hot reload file: "C:\Users\steph\Documents\Unreal Projects\Recovery\Binaries\Win64\UE4Editor-Recovery-868.pdb".
Deleting old hot reload file: "C:\Users\steph\Documents\Unreal Projects\Recovery\Binaries\Win64\UE4Editor-Recovery-8859.dll".
Deleting old hot reload file: "C:\Users\steph\Documents\Unreal Projects\Recovery\Binaries\Win64\UE4Editor-Recovery-8859.pdb".
Deleting old hot reload file: "C:\Users\steph\Documents\Unreal Projects\Recovery\Binaries\Win64\UE4Editor-Recovery-9931.dll".
Deleting old hot reload file: "C:\Users\steph\Documents\Unreal Projects\Recovery\Binaries\Win64\UE4Editor-Recovery-9931.pdb".
Performing 1 actions (2 in parallel)
[1/1] Link UE4Editor-Recovery.dll
   Bibliothek "C:\Users\steph\Documents\Unreal Projects\Recovery\Intermediate\Build\Win64\UE4Editor\Development\UE4Editor-Recovery.suppressed.lib" und Objekt "C:\Users\steph\Documents\Unreal Projects\Recovery\Intermediate\Build\Win64\UE4Editor\Development\UE4Editor-Recovery.suppressed.exp" werden erstellt.
Total build time: 63,80 seconds (Local executor: 1,73 seconds)
LogModuleManager: Display: Found up-to-date module file ../../../../../../Users/steph/Documents/Unreal Projects/Recovery/Binaries/Win64/UE4Editor-Recovery.dll (API version 3709383).
LogModuleManager: Display: Found up-to-date module file ../../../Engine/Plugins/2D/Paper2D/Binaries/Win64/UE4Editor-Paper2D.dll (API version 3709383).
LogModuleManager: Display: Found up-to-date module file ../../../Engine/Plugins/2D/Paper2D/Binaries/Win64/UE4Editor-Paper2DEditor.dll (API version 3709383).
LogModuleManager: Display: Found up-to-date module file ../../../Engine/Plugins/2D/Paper2D/Binaries/Win64/UE4Editor-PaperSpriteSheetImporter.dll (API version 3709383).
LogModuleManager: Display: Found up-to-date module file ../../../Engine/Plugins/2D/Paper2D/Binaries/Win64/UE4Editor-PaperTiledImporter.dll (API version 3709383).
LogModuleManager: Display: Found up-to-date module file ../../../Engine/Plugins/2D/Paper2D/Binaries/Win64/UE4Editor-SmartSnapping.dll (API version 3709383).
LogModuleManager: Display: Found up-to-date module file ../../../Engine/Plugins/Blendables/LightPropagationVolume/Binaries/Win64/UE4Editor-LightPropagationVolumeRuntime.dll (API version 3709383).
LogModuleManager: Display: Found up-to-date module file ../../../Engine/Plugins/Blendables/LightPropagationVolume/Binaries/Win64/UE4Editor-LightPropagationVolumeEditor.dll (API version 3709383).
LogModuleManager: Display: Found up-to-date module file ../../../Engine/Plugins/Developer/GitSourceControl/Binaries/Win64/UE4Editor-GitSourceControl.dll (API version 3709383).
LogModuleManager: Display: Found up-to-date module file ../../../Engine/Plugins/Developer/PerforceSourceControl/Binaries/Win64/UE4Editor-PerforceSourceControl.dll (API version 3709383).
LogModuleManager: Display: Found up-to-date module file ../../../Engine/Plugins/Developer/SubversionSourceControl/Binaries/Win64/UE4Editor-SubversionSourceControl.dll (API version 3709383).
LogModuleManager: Display: Found up-to-date module file ../../../Engine/Plugins/Developer/UObjectPlugin/Binaries/Win64/UE4Editor-UObjectPlugin.dll (API version 3709383).
LogModuleManager: Display: Found up-to-date module file ../../../Engine/Plugins/Developer/VisualStudioCodeSourceCodeAccess/Binaries/Win64/UE4Editor-VisualStudioCodeSourceCodeAccess.dll (API version 3709383).
LogModuleManager: Display: Found up-to-date module file ../../../Engine/Plugins/Developer/VisualStudioSourceCodeAccess/Binaries/Win64/UE4Editor-VisualStudioSourceCodeAccess.dll (API version 3709383).
LogModuleManager: Display: Found up-to-date module file ../../../Engine/Plugins/Editor/AssetManagerEditor/Binaries/Win64/UE4Editor-AssetManagerEditor.dll (API version 3709383).
LogModuleManager: Display: Found up-to-date module file ../../../Engine/Plugins/Editor/AudioCapture/Binaries/Win64/UE4Editor-AudioCapture.dll (API version 3709383).
LogModuleManager: Display: Found up-to-date module file ../../../Engine/Plugins/Editor/FacialAnimation/Binaries/Win64/UE4Editor-FacialAnimation.dll (API version 3709383).
LogModuleManager: Display: Found up-to-date module file ../../../Engine/Plugins/Editor/FacialAnimation/Binaries/Win64/UE4Editor-FacialAnimationEditor.dll (API version 3709383).
LogModuleManager: Display: Found up-to-date module file ../../../Engine/Plugins/Editor/GameplayTagsEditor/Binaries/Win64/UE4Editor-GameplayTagsEditor.dll (API version 3709383).
LogModuleManager: Display: Found up-to-date module file ../../../Engine/Plugins/Editor/MobileLauncherProfileWizard/Binaries/Win64/UE4Editor-MobileLauncherProfileWizard.dll (API version 3709383).
LogModuleManager: Display: Found up-to-date module file ../../../Engine/Plugins/Editor/PluginBrowser/Binaries/Win64/UE4Editor-PluginBrowser.dll (API version 3709383).
LogModuleManager: Display: Found up-to-date module file ../../../Engine/Plugins/Editor/SpeedTreeImporter/Binaries/Win64/UE4Editor-SpeedTreeImporter.dll (API version 3709383).
LogModuleManager: Display: Found up-to-date module file ../../../Engine/Plugins/Experimental/AlembicImporter/Binaries/Win64/UE4Editor-AlembicImporter.dll (API version 3709383).
LogModuleManager: Display: Found up-to-date module file ../../../Engine/Plugins/Experimental/AlembicImporter/Binaries/Win64/UE4Editor-AlembicLibrary.dll (API version 3709383).
LogModuleManager: Display: Found up-to-date module file ../../../Engine/Plugins/Experimental/CharacterAI/Binaries/Win64/UE4Editor-CharacterAI.dll (API version 3709383).
LogModuleManager: Display: Found up-to-date module file ../../../Engine/Plugins/Experimental/HTML5Networking/Binaries/Win64/UE4Editor-HTML5Networking.dll (API version 3709383).
LogModuleManager: Display: Found up-to-date module file ../../../Engine/Plugins/Media/AndroidMedia/Binaries/Win64/UE4Editor-AndroidMediaEditor.dll (API version 3709383).
LogModuleManager: Display: Found up-to-date module file ../../../Engine/Plugins/Media/AndroidMedia/Binaries/Win64/UE4Editor-AndroidMediaFactory.dll (API version 3709383).
LogModuleManager: Display: Found up-to-date module file ../../../Engine/Plugins/Media/AvfMedia/Binaries/Win64/UE4Editor-AvfMediaEditor.dll (API version 3709383).
LogModuleManager: Display: Found up-to-date module file ../../../Engine/Plugins/Media/AvfMedia/Binaries/Win64/UE4Editor-AvfMediaFactory.dll (API version 3709383).
LogModuleManager: Display: Found up-to-date module file ../../../Engine/Plugins/Media/AvfMedia/Binaries/Win64/UE4Editor-AvfMediaFactory.dll (API version 3709383).
LogModuleManager: Display: Found up-to-date module file ../../../Engine/Plugins/Media/ImgMedia/Binaries/Win64/UE4Editor-ImgMedia.dll (API version 3709383).
LogModuleManager: Display: Found up-to-date module file ../../../Engine/Plugins/Media/ImgMedia/Binaries/Win64/UE4Editor-ImgMediaEditor.dll (API version 3709383).
LogModuleManager: Display: Found up-to-date module file ../../../Engine/Plugins/Media/ImgMedia/Binaries/Win64/UE4Editor-ImgMediaFactory.dll (API version 3709383).
LogModuleManager: Display: Found up-to-date module file ../../../Engine/Plugins/Media/ImgMedia/Binaries/Win64/UE4Editor-ImgMediaFactory.dll (API version 3709383).
LogModuleManager: Display: Found up-to-date module file ../../../Engine/Plugins/Media/ImgMedia/Binaries/Win64/UE4Editor-OpenExrWrapper.dll (API version 3709383).
LogModuleManager: Display: Found up-to-date module file ../../../Engine/Plugins/Media/MediaCompositing/Binaries/Win64/UE4Editor-MediaCompositing.dll (API version 3709383).
LogModuleManager: Display: Found up-to-date module file ../../../Engine/Plugins/Media/MediaCompositing/Binaries/Win64/UE4Editor-MediaCompositingEditor.dll (API version 3709383).
LogModuleManager: Display: Found up-to-date module file ../../../Engine/Plugins/Media/MediaPlayerEditor/Binaries/Win64/UE4Editor-MediaPlayerEditor.dll (API version 3709383).
LogModuleManager: Display: Found up-to-date module file ../../../Engine/Plugins/Media/WmfMedia/Binaries/Win64/UE4Editor-WmfMedia.dll (API version 3709383).
LogModuleManager: Display: Found up-to-date module file ../../../Engine/Plugins/Media/WmfMedia/Binaries/Win64/UE4Editor-WmfMediaEditor.dll (API version 3709383).
LogModuleManager: Display: Found up-to-date module file ../../../Engine/Plugins/Media/WmfMedia/Binaries/Win64/UE4Editor-WmfMediaFactory.dll (API version 3709383).
LogModuleManager: Display: Found up-to-date module file ../../../Engine/Plugins/Media/WmfMedia/Binaries/Win64/UE4Editor-WmfMediaFactory.dll (API version 3709383).
LogModuleManager: Display: Found up-to-date module file ../../../Engine/Plugins/Messaging/TcpMessaging/Binaries/Win64/UE4Editor-TcpMessaging.dll (API version 3709383).
LogModuleManager: Display: Found up-to-date module file ../../../Engine/Plugins/Messaging/UdpMessaging/Binaries/Win64/UE4Editor-UdpMessaging.dll (API version 3709383).
LogModuleManager: Display: Found up-to-date module file ../../../Engine/Plugins/MovieScene/ActorSequence/Binaries/Win64/UE4Editor-ActorSequence.dll (API version 3709383).
LogModuleManager: Display: Found up-to-date module file ../../../Engine/Plugins/MovieScene/LevelSequenceEditor/Binaries/Win64/UE4Editor-LevelSequenceEditor.dll (API version 3709383).
LogModuleManager: Display: Found up-to-date module file ../../../Engine/Plugins/MovieScene/MatineeToLevelSequence/Binaries/Win64/UE4Editor-MatineeToLevelSequence.dll (API version 3709383).
LogModuleManager: Display: Found up-to-date module file ../../../Engine/Plugins/Online/OnlineSubsystem/Binaries/Win64/UE4Editor-OnlineSubsystem.dll (API version 3709383).
LogModuleManager: Display: Found up-to-date module file ../../../Engine/Plugins/Online/OnlineSubsystemNull/Binaries/Win64/UE4Editor-OnlineSubsystemNull.dll (API version 3709383).
LogModuleManager: Display: Found up-to-date module file ../../../Engine/Plugins/Online/OnlineSubsystemUtils/Binaries/Win64/UE4Editor-OnlineSubsystemUtils.dll (API version 3709383).
LogModuleManager: Display: Found up-to-date module file ../../../Engine/Plugins/Online/OnlineSubsystemUtils/Binaries/Win64/UE4Editor-OnlineBlueprintSupport.dll (API version 3709383).
LogModuleManager: Display: Found up-to-date module file ../../../Engine/Plugins/Runtime/AndroidDeviceProfileSelector/Binaries/Win64/UE4Editor-AndroidDeviceProfileSelector.dll (API version 3709383).
LogModuleManager: Display: Found up-to-date module file ../../../Engine/Plugins/Runtime/AndroidPermission/Binaries/Win64/UE4Editor-AndroidPermission.dll (API version 3709383).
LogModuleManager: Display: Found up-to-date module file ../../../Engine/Plugins/Runtime/AppleARKit/Binaries/Win64/UE4Editor-AppleARKit.dll (API version 3709383).
LogModuleManager: Display: Found up-to-date module file ../../../Engine/Plugins/Runtime/ArchVisCharacter/Binaries/Win64/UE4Editor-ArchVisCharacter.dll (API version 3709383).
LogModuleManager: Display: Found up-to-date module file ../../../Engine/Plugins/Runtime/CableComponent/Binaries/Win64/UE4Editor-CableComponent.dll (API version 3709383).
LogModuleManager: Display: Found up-to-date module file ../../../Engine/Plugins/Runtime/CustomMeshComponent/Binaries/Win64/UE4Editor-CustomMeshComponent.dll (API version 3709383).
LogModuleManager: Display: Found up-to-date module file ../../../Engine/Plugins/Runtime/ExampleDeviceProfileSelector/Binaries/Win64/UE4Editor-ExampleDeviceProfileSelector.dll (API version 3709383).
LogModuleManager: Display: Found up-to-date module file ../../../Engine/Plugins/Runtime/ImmediatePhysics/Binaries/Win64/UE4Editor-ImmediatePhysics.dll (API version 3709383).
LogModuleManager: Display: Found up-to-date module file ../../../Engine/Plugins/Runtime/ImmediatePhysics/Binaries/Win64/UE4Editor-ImmediatePhysicsEditor.dll (API version 3709383).
LogModuleManager: Display: Found up-to-date module file ../../../Engine/Plugins/Runtime/LocationServicesBPLibrary/Binaries/Win64/UE4Editor-LocationServicesBPLibrary.dll (API version 3709383).
LogModuleManager: Display: Found up-to-date module file ../../../Engine/Plugins/Runtime/MobilePatchingUtils/Binaries/Win64/UE4Editor-MobilePatchingUtils.dll (API version 3709383).
LogModuleManager: Display: Found up-to-date module file ../../../Engine/Plugins/Runtime/Oculus/OculusVR/Binaries/Win64/UE4Editor-OculusHMD.dll (API version 3709383).
LogModuleManager: Display: Found up-to-date module file ../../../Engine/Plugins/Runtime/Oculus/OculusVR/Binaries/Win64/UE4Editor-OculusInput.dll (API version 3709383).
LogModuleManager: Display: Found up-to-date module file ../../../Engine/Plugins/Runtime/Oculus/OculusVR/Binaries/Win64/UE4Editor-OculusEditor.dll (API version 3709383).
LogModuleManager: Display: Found up-to-date module file ../../../Engine/Plugins/Runtime/PhysXVehicles/Binaries/Win64/UE4Editor-PhysXVehicles.dll (API version 3709383).
LogModuleManager: Display: Found up-to-date module file ../../../Engine/Plugins/Runtime/PhysXVehicles/Binaries/Win64/UE4Editor-PhysXVehiclesEditor.dll (API version 3709383).
LogModuleManager: Display: Found up-to-date module file ../../../Engine/Plugins/Runtime/ProceduralMeshComponent/Binaries/Win64/UE4Editor-ProceduralMeshComponent.dll (API version 3709383).
LogModuleManager: Display: Found up-to-date module file ../../../Engine/Plugins/Runtime/ProceduralMeshComponent/Binaries/Win64/UE4Editor-ProceduralMeshComponentEditor.dll (API version 3709383).
LogModuleManager: Display: Found up-to-date module file ../../../Engine/Plugins/Runtime/RuntimePhysXCooking/Binaries/Win64/UE4Editor-RuntimePhysXCooking.dll (API version 3709383).
LogModuleManager: Display: Found up-to-date module file ../../../Engine/Plugins/Runtime/Steam/SteamVR/Binaries/Win64/UE4Editor-SteamVR.dll (API version 3709383).
LogModuleManager: Display: Found up-to-date module file ../../../Engine/Plugins/Runtime/Steam/SteamVR/Binaries/Win64/UE4Editor-SteamVRController.dll (API version 3709383).
LogModuleManager: Display: Found up-to-date module file ../../../Engine/Plugins/Runtime/WindowsMoviePlayer/Binaries/Win64/UE4Editor-WindowsMoviePlayer.dll (API version 3709383).
LogInit: Using libcurl 7.47.1
LogInit:  - built for x86_64-pc-win32
LogInit:  - supports SSL with OpenSSL/1.0.2g
LogInit:  - supports HTTP deflate (compression) using libz 1.2.8
LogInit:  - other features:
LogInit:      CURL_VERSION_SSL
LogInit:      CURL_VERSION_LIBZ
LogInit:      CURL_VERSION_IPV6
LogInit:      CURL_VERSION_ASYNCHDNS
LogInit:      CURL_VERSION_LARGEFILE
LogInit:      CURL_VERSION_IDN
LogInit:  CurlRequestOptions (configurable via config and command line):
LogInit:  - bVerifyPeer = false  - Libcurl will NOT verify peer certificate
LogInit:  - bUseHttpProxy = false  - Libcurl will NOT use HTTP proxy
LogInit:  - bDontReuseConnections = false  - Libcurl will reuse connections
LogInit:  - CertBundlePath = nullptr  - Libcurl will use whatever was configured at build time.
LogInit: Build: ++UE4+Release-4.18-CL-3832480
LogInit: Engine Version: 4.18.3-3832480+++UE4+Release-4.18
LogInit: Compatible Engine Version: 4.18.0-3709383+++UE4+Release-4.18
LogInit: Net CL: 3709383
LogDevObjectVersion: Number of dev versions registered: 16
LogDevObjectVersion:   Dev-Blueprints (B0D832E4-1F89-4F0D-ACCF-7EB736FD4AA2): 10
LogDevObjectVersion:   Dev-Build (E1C64328-A22C-4D53-A36C-8E866417BD8C): 0
LogDevObjectVersion:   Dev-Core (375EC13C-06E4-48FB-B500-84F0262A717E): 2
LogDevObjectVersion:   Dev-Editor (E4B068ED-F494-42E9-A231-DA0B2E46BB41): 20
LogDevObjectVersion:   Dev-Framework (CFFC743F-43B0-4480-9391-14DF171D2073): 30
LogDevObjectVersion:   Dev-Mobile (B02B49B5-BB20-44E9-A304-32B752E40360): 0
LogDevObjectVersion:   Dev-Networking (A4E4105C-59A1-49B5-A7C5-40C4547EDFEE): 0
LogDevObjectVersion:   Dev-Online (39C831C9-5AE6-47DC-9A44-9C173E1C8E7C): 0
LogDevObjectVersion:   Dev-Physics (78F01B33-EBEA-4F98-B9B4-84EACCB95AA2): 0
LogDevObjectVersion:   Dev-Platform (6631380F-2D4D-43E0-8009-CF276956A95A): 0
LogDevObjectVersion:   Dev-Rendering (12F88B9F-8875-4AFC-A67C-D90C383ABD29): 20
LogDevObjectVersion:   Dev-Sequencer (7B5AE74C-D270-4C10-A958-57980B212A5A): 4
LogDevObjectVersion:   Dev-VR (D7296918-1DD6-4BDD-9DE2-64A83CC13884): 0
LogDevObjectVersion:   Dev-LoadTimes (C2A15278-BFE7-4AFE-6C17-90FF531DF755): 1
LogDevObjectVersion:   Private-Geometry (6EACA3D4-40EC-4CC1-B786-8BED09428FC5): 1
LogDevObjectVersion:   Dev-AnimPhys (29E575DD-E0A3-4627-9D10-D276232CDCEA): 12
LogInit: Compiled (64-bit): Jan 12 2018 02:04:55
LogInit: Compiled with Visual C++: 19.00.24215.01
LogInit: Build Configuration: Development
LogInit: Branch Name: ++UE4+Release-4.18
LogInit: Command line:  -skipcompile
LogInit: Base directory: C:/Program Files/Epic Games/UE_4.18/Engine/Binaries/Win64/
LogInit: Installed Engine Build: 1
LogInit: Presizing for max 8388607 objects, including 0 objects not considered by GC, pre-allocating 0 bytes for permanent pool.
LogInit: Object subsystem initialized
[2018.05.24-19.21.53:759][  0]LogInit: Selected Device Profile: [Windows]
[2018.05.24-19.21.53:760][  0]LogInit: Applying CVar settings loaded from the selected device profile: [Windows]
[2018.05.24-19.21.53:814][  0]LogInit: Computer: DESKTOP-DG7KHEC
[2018.05.24-19.21.53:814][  0]LogInit: User: steph
[2018.05.24-19.21.53:814][  0]LogInit: CPU Page size=4096, Cores=2
[2018.05.24-19.21.53:814][  0]LogInit: High frequency timer resolution =2.533316 MHz
[2018.05.24-19.21.53:815][  0]LogMemory: Memory total: Physical=7.8GB (8GB approx)
[2018.05.24-19.21.53:815][  0]LogMemory: Platform Memory Stats for Windows
[2018.05.24-19.21.53:815][  0]LogMemory: Process Physical Memory: 279.65 MB used, 279.65 MB peak
[2018.05.24-19.21.53:815][  0]LogMemory: Process Virtual Memory: 278.73 MB used, 278.73 MB peak
[2018.05.24-19.21.53:816][  0]LogMemory: Physical Memory: 6932.40 MB used,  1079.05 MB free, 8011.45 MB total
[2018.05.24-19.21.53:816][  0]LogMemory: Virtual Memory: 743.54 MB used,  1079.05 MB free, 134217728.00 MB total
[2018.05.24-19.21.54:238][  0]LogInit: Using OS detected language (de-DE).
[2018.05.24-19.21.54:238][  0]LogInit: Using OS detected locale (de-DE).
[2018.05.24-19.21.54:248][  0]LogTextLocalizationManager: No localization for 'de-DE' exists, so 'en' will be used for the language.
[2018.05.24-19.21.54:249][  0]LogTextLocalizationManager: No localization for 'de-DE' exists, so 'en' will be used for the locale.
[2018.05.24-19.21.54:965][  0]LogInit: Setting process to per monitor DPI aware
[2018.05.24-19.21.59:500][  0]LogD3D11RHI: D3D11 adapters:
[2018.05.24-19.21.59:527][  0]LogD3D11RHI:    0. 'Intel(R) HD Graphics 4000' (Feature Level 11_0)
[2018.05.24-19.21.59:527][  0]LogD3D11RHI:       32/0/1760 MB DedicatedVideo/DedicatedSystem/SharedSystem, Outputs:1, VendorId:0x8086
[2018.05.24-19.21.59:560][  0]LogD3D11RHI:    1. 'Microsoft Basic Render Driver' (Feature Level 11_0)
[2018.05.24-19.21.59:560][  0]LogD3D11RHI:       0/0/4005 MB DedicatedVideo/DedicatedSystem/SharedSystem, Outputs:0, VendorId:0x1414
[2018.05.24-19.21.59:560][  0]LogD3D11RHI: Chosen D3D11 Adapter: 0
[2018.05.24-19.21.59:579][  0]LogD3D11RHI: Creating new Direct3DDevice
[2018.05.24-19.21.59:579][  0]LogD3D11RHI:     GPU DeviceId: 0x166 (for the marketing name, search the web for "GPU Device Id")
[2018.05.24-19.21.59:579][  0]LogWindows: EnumDisplayDevices:
[2018.05.24-19.21.59:579][  0]LogWindows:    0. 'Intel(R) HD Graphics 4000' (P:1 D:1)
[2018.05.24-19.21.59:580][  0]LogWindows:    1. 'Intel(R) HD Graphics 4000' (P:0 D:0)
[2018.05.24-19.21.59:580][  0]LogWindows:    2. 'Intel(R) HD Graphics 4000' (P:0 D:0)
[2018.05.24-19.21.59:581][  0]LogWindows: DebugString: GetVideoDriverDetailsInvalid PrimaryIsNotTheChoosenAdapter GetVideoDriverDetailsInvalid PrimaryIsNotTheChoosenAdapter GetVideoDriverDetailsInvalid PrimaryIsNotTheChoosenAdapter FoundDriverCount:0 
[2018.05.24-19.21.59:581][  0]LogD3D11RHI:     Adapter Name: Intel(R) HD Graphics 4000
[2018.05.24-19.21.59:581][  0]LogD3D11RHI:   Driver Version: Unknown (internal:Unknown, unified:Unknown)
[2018.05.24-19.21.59:581][  0]LogD3D11RHI:      Driver Date: Unknown
[2018.05.24-19.21.59:581][  0]LogRHI: Texture pool is 638 MB (70% of 912 MB)
[2018.05.24-19.21.59:593][  0]LogD3D11RHI: Async texture creation enabled
[2018.05.24-19.21.59:601][  0]LogD3D11RHI: GPU Timing Frequency: 12.500000 (Debug: 2 0)
[2018.05.24-19.21.59:602][  0]LogShaderCompilers: Guid format shader working directory is -18 characters bigger than the processId version (../../../../../../Users/steph/Documents/Unreal Projects/Recovery/Intermediate/Shaders/WorkingDirectory/3424/).
[2018.05.24-19.21.59:603][  0]LogShaderCompilers: Cleaned the shader compiler working directory 'C:/Users/steph/AppData/Local/Temp/UnrealShaderWorkingDir/4E2CF5E74145781D2436F39CFE6CCB16/'.
[2018.05.24-19.21.59:603][  0]LogShaderCompilers: Display: Using Local Shader Compiler.
[2018.05.24-19.22.03:233][  0]LogTemp: Display: Loaded TP AllDesktopTargetPlatform
[2018.05.24-19.22.03:351][  0]LogTemp: Display: Loaded TP MacClientTargetPlatform
[2018.05.24-19.22.03:504][  0]LogTemp: Display: Loaded TP MacNoEditorTargetPlatform
[2018.05.24-19.22.03:635][  0]LogTemp: Display: Loaded TP MacServerTargetPlatform
[2018.05.24-19.22.03:795][  0]LogTemp: Display: Loaded TP MacTargetPlatform
[2018.05.24-19.22.03:940][  0]LogTemp: Display: Loaded TP WindowsClientTargetPlatform
[2018.05.24-19.22.04:069][  0]LogTemp: Display: Loaded TP WindowsNoEditorTargetPlatform
[2018.05.24-19.22.04:179][  0]LogTemp: Display: Loaded TP WindowsServerTargetPlatform
[2018.05.24-19.22.04:307][  0]LogTemp: Display: Loaded TP WindowsTargetPlatform
[2018.05.24-19.22.04:438][  0]LogTemp: Display: Loaded TP Android_ASTCTargetPlatform
[2018.05.24-19.22.04:566][  0]LogTemp: Display: Loaded TP Android_ATCTargetPlatform
[2018.05.24-19.22.04:690][  0]LogTemp: Display: Loaded TP Android_DXTTargetPlatform
[2018.05.24-19.22.04:798][  0]LogTemp: Display: Loaded TP Android_ETC1TargetPlatform
[2018.05.24-19.22.04:944][  0]LogTemp: Display: Loaded TP Android_ETC2TargetPlatform
[2018.05.24-19.22.05:178][  0]LogTemp: Display: Loaded TP Android_MultiTargetPlatform
[2018.05.24-19.22.05:178][  0]LogTemp: Display: Loaded TP Android_PVRTCTargetPlatform
[2018.05.24-19.22.05:307][  0]LogTemp: Display: Loaded TP AndroidTargetPlatform
[2018.05.24-19.22.05:412][  0]LogTemp: Display: Loaded TP HTML5TargetPlatform
[2018.05.24-19.22.05:613][  0]LogTemp: Display: Loaded TP IOSTargetPlatform
[2018.05.24-19.22.05:696][  0]LogTemp: Display: Loaded TP TVOSTargetPlatform
[2018.05.24-19.22.05:811][  0]LogTemp: Display: Loaded TP LinuxClientTargetPlatform
[2018.05.24-19.22.05:959][  0]LogTemp: Display: Loaded TP LinuxNoEditorTargetPlatform
[2018.05.24-19.22.06:074][  0]LogTemp: Display: Loaded TP LinuxServerTargetPlatform
[2018.05.24-19.22.06:196][  0]LogTemp: Display: Loaded TP LinuxTargetPlatform
[2018.05.24-19.22.06:197][  0]LogTargetPlatformManager: Display: Building Assets For Windows
[2018.05.24-19.22.07:459][  0]LogDerivedDataCache: Display: Max Cache Size: 512 MB
[2018.05.24-19.22.07:917][  0]LogDerivedDataCache: Loaded boot cache 0.46s 82MB C:/Users/steph/AppData/Local/UnrealEngine/4.18/DerivedDataCache/Boot.ddc.
[2018.05.24-19.22.07:918][  0]LogDerivedDataCache: Display: Loaded Boot cache: C:/Users/steph/AppData/Local/UnrealEngine/4.18/DerivedDataCache/Boot.ddc
[2018.05.24-19.22.07:919][  0]LogDerivedDataCache: FDerivedDataBackendGraph:  Pak pak cache file ../../../../../../Users/steph/Documents/Unreal Projects/Recovery/DerivedDataCache/DDC.ddp not found, will not use a pak cache.
[2018.05.24-19.22.07:919][  0]LogDerivedDataCache: Unable to find inner node Pak for hierarchical cache Hierarchy.
[2018.05.24-19.22.07:919][  0]LogDerivedDataCache: FDerivedDataBackendGraph:  CompressedPak pak cache file ../../../../../../Users/steph/Documents/Unreal Projects/Recovery/DerivedDataCache/Compressed.ddp not found, will not use a pak cache.
[2018.05.24-19.22.07:919][  0]LogDerivedDataCache: Unable to find inner node CompressedPak for hierarchical cache Hierarchy.
[2018.05.24-19.22.07:958][  0]LogDerivedDataCache: Display: Pak cache opened for reading ../../../Engine/DerivedDataCache/Compressed.ddp.
[2018.05.24-19.22.07:974][  0]LogDerivedDataCache: Using Local data cache path C:/Users/steph/AppData/Local/UnrealEngine/Common/DerivedDataCache: Writable
[2018.05.24-19.22.07:997][  0]LogMaterial: Verifying Global Shaders for PCD3D_SM5
[2018.05.24-19.22.07:998][  0]LogSlate: Using Freetype 2.6.0
[2018.05.24-19.22.07:999][  0]LogSlate: SlateFontCache - WITH_FREETYPE: 1, WITH_HARFBUZZ: 1
[2018.05.24-19.22.08:000][  0]LogSlate: SlateFontCache - WITH_FREETYPE: 1, WITH_HARFBUZZ: 1
[2018.05.24-19.22.08:950][  0]LogInit: Selected Device Profile: [Windows]
[2018.05.24-19.22.09:933][  0]LogSimplygon: Simplygon DLL not present - disabling.
[2018.05.24-19.22.10:053][  0]LogMeshReduction: Using SimplygonSwarm for distributed automatic mesh merging
[2018.05.24-19.22.10:053][  0]LogMeshReduction: Using QuadricMeshReduction for automatic static mesh reduction
[2018.05.24-19.22.10:053][  0]LogMeshReduction: No automatic skeletal mesh reduction module available
[2018.05.24-19.22.10:053][  0]LogMeshReduction: No automatic mesh merging module available
[2018.05.24-19.22.10:053][  0]LogMeshMerging: No automatic mesh merging module available
[2018.05.24-19.22.10:123][  0]LogNetVersion: Recovery , NetCL: 3709383, EngineNetVer: 2, GameNetVer: 0 (Checksum: 427405547)
[2018.05.24-19.22.10:732][  0]LogAssetRegistry: FAssetRegistry took 0.0331 seconds to start up
[2018.05.24-19.22.12:469][  0]LogPackageLocalizationCache: Processed 7 localized package path(s) for 1 prioritized culture(s) in 0.109768 seconds
[2018.05.24-19.22.12:478][  0]LogUObjectArray: 35870 objects as part of root set at end of initial load.
[2018.05.24-19.22.12:478][  0]LogUObjectAllocator: 7363696 out of 0 bytes used by permanent object pool.
[2018.05.24-19.22.12:478][  0]LogUObjectArray: CloseDisregardForGC: 0/0 objects in disregard for GC pool
[2018.05.24-19.22.12:599][  0]LogInit: WinSock: version 1.1 (2.2), MaxSocks=32767, MaxUdp=65467
[2018.05.24-19.22.25:624][  0]LogTcpMessaging: Initializing TcpMessaging bridge
[2018.05.24-19.22.25:710][  0]LogUdpMessaging: Initializing bridge on interface 0.0.0.0:0 to multicast group 230.0.0.1:6666.
[2018.05.24-19.22.28:987][  0]LogMaterial: Uniform references updated for custom material expression Custom.
[2018.05.24-19.22.30:257][  0]SourceControl: Source control is disabled
[2018.05.24-19.22.30:257][  0]SourceControl: Source control is disabled
[2018.05.24-19.22.30:419][  0]SourceControl: Source control is disabled
[2018.05.24-19.22.30:560][  0]SourceControl: Source control is disabled
[2018.05.24-19.22.32:844][  0]LogAndroidPermission: UAndroidPermissionCallbackProxy::GetInstance
[2018.05.24-19.22.33:564][  0]LogOcInput: OculusInput pre-init called
[2018.05.24-19.22.34:353][  0]LogEngine: Initializing Engine...
[2018.05.24-19.22.34:362][  0]LogHMD: Failed to initialize OpenVR with code 110
[2018.05.24-19.22.34:995][  0]LogStats: UGameplayTagsManager::ConstructGameplayTagTree: Construct from data asset -  0.000 s
[2018.05.24-19.22.34:996][  0]LogStats: UGameplayTagsManager::ConstructGameplayTagTree: GameplayTagTreeChangedEvent.Broadcast -  0.000 s
[2018.05.24-19.22.35:429][  0]LogAIModule: Creating AISystem for world Untitled
[2018.05.24-19.22.35:465][  0]LogInit: XAudio2 using 'Lautsprecher/Kopfhörer (Realtek High Definition Audio)' : 2 channels at 48 kHz using 32 bits per sample (channel mask 0x3)
[2018.05.24-19.22.35:548][  0]LogInit: FAudioDevice initialized.
[2018.05.24-19.22.35:710][  0]LogDerivedDataCache: Saved boot cache 0.15s 82MB C:/Users/steph/AppData/Local/UnrealEngine/4.18/DerivedDataCache/Boot.ddc.
[2018.05.24-19.22.35:807][  0]LogInit: Texture streaming: Enabled
[2018.05.24-19.22.36:668][  0]LogEngineSessionManager: EngineSessionManager initialized
[2018.05.24-19.22.36:669][  0]LogEngineSessionManager: EngineSessionManager sent abnormal shutdown report. Type=Debugger, SessionId={6E71F8CB-4D75-F6A5-75EB-AE98800ADEAC}
[2018.05.24-19.22.36:671][  0]LogEngineSessionManager: EngineSessionManager sent abnormal shutdown report. Type=Crashed, SessionId={206567FE-4A12-5894-4D71-80AAEC75371C}
[2018.05.24-19.22.37:129][  0]LogInit: Transaction tracking system initialized
[2018.05.24-19.22.38:267][  0]BlueprintLog: New page: Editor Load
[2018.05.24-19.22.41:440][  0]LocalizationService: Localization service is disabled
[2018.05.24-19.22.44:585][  0]LogConsoleResponse: Display: 
[2018.05.24-19.22.45:562][  0]LogCook: Display: Max memory allowance for cook 16384mb min free memory 0mb
[2018.05.24-19.22.45:563][  0]LogCook: Display: Mobile HDR setting 1
[2018.05.24-19.22.45:563][  0]LogGameplayTags: Display: UGameplayTagsManager::DoneAddingNativeTags. DelegateIsBound: 0
[2018.05.24-19.22.46:205][  0]LogFileCache: Scanning file cache for directory 'C:/Users/steph/Documents/Unreal Projects/Recovery/Content/' took 0.03s
[2018.05.24-19.22.48:890][  0]SourceControl: Source control is disabled
[2018.05.24-19.22.48:893][  0]Cmd: MAP LOAD FILE="../../../../../../Users/steph/Documents/Unreal Projects/Recovery/Content/FirstPersonCPP/Maps/FirstPersonExampleMap.umap" TEMPLATE=0 SHOWPROGRESS=1 FEATURELEVEL=3
[2018.05.24-19.22.48:902][  0]LightingResults: New page: Lighting Build
[2018.05.24-19.22.49:024][  0]MapCheck: New page: Map Check
[2018.05.24-19.22.49:024][  0]LightingResults: New page: Lighting Build
[2018.05.24-19.22.49:673][  0]LogAIModule: Creating AISystem for world FirstPersonExampleMap
[2018.05.24-19.22.49:772][  0]LogEditorServer: Finished looking for orphan Actors (0.000 secs)
[2018.05.24-19.22.49:800][  0]Cmd: MAP CHECKDEP NOCLEARLOG
[2018.05.24-19.22.49:933][  0]MapCheck: Map check complete: 0 Error(s), 0 Warning(s), took 133.394ms to complete.
[2018.05.24-19.22.49:934][  0]LogFileHelpers: Loading map 'FirstPersonExampleMap' took 1.043
[2018.05.24-19.22.50:042][  0]LogWindowsTextInputMethodSystem: Display: IME system now deactivated.
[2018.05.24-19.22.50:057][  0]LogWindowsTextInputMethodSystem: Display: IME system now deactivated.
[2018.05.24-19.22.50:327][  0]LogCollectionManager: Loaded 0 collections in 0.003099 seconds
[2018.05.24-19.22.50:515][  0]LogFileCache: Scanning file cache for directory 'C:/Users/steph/Documents/Unreal Projects/Recovery/Saved/Collections/' took 0.01s
[2018.05.24-19.22.50:515][  0]LogFileCache: Scanning file cache for directory 'C:/Users/steph/Documents/Unreal Projects/Recovery/Content/Developers/steph/Collections/' took 0.01s
[2018.05.24-19.22.50:515][  0]LogFileCache: Scanning file cache for directory 'C:/Users/steph/Documents/Unreal Projects/Recovery/Content/Collections/' took 0.01s
[2018.05.24-19.22.50:515][  0]LogCollectionManager: Rebuilt the GUID cache for 0 collections in 0.000000 seconds
[2018.05.24-19.22.50:546][  0]LogContentBrowser: Native class hierarchy populated in 0.0284 seconds. Added 2374 classes and 521 folders.
[2018.05.24-19.22.50:738][  0]LogContentBrowser: Native class hierarchy updated for 'WidgetCarousel' in 0.0012 seconds. Added 0 classes and 0 folders.
[2018.05.24-19.22.51:477][  0]LogContentBrowser: Native class hierarchy updated for 'AddContentDialog' in 0.0017 seconds. Added 0 classes and 0 folders.
[2018.05.24-19.22.51:618][  0]LogContentBrowser: Native class hierarchy updated for 'SceneOutliner' in 0.0016 seconds. Added 1 classes and 2 folders.
[2018.05.24-19.22.51:877][  0]LogSlate: Took 0.010962 seconds to synchronously load lazily loaded font '../../../Engine/Content/Slate/Fonts/Roboto-Regular.ttf' (155K)
[2018.05.24-19.22.51:891][  0]LogSlate: Took 0.008749 seconds to synchronously load lazily loaded font '../../../Engine/Content/Slate/Fonts/Roboto-Bold.ttf' (160K)
[2018.05.24-19.22.51:911][  0]LogSlate: Took 0.008599 seconds to synchronously load lazily loaded font '../../../Engine/Content/Editor/Slate/Fonts/FontAwesome.ttf' (139K)
[2018.05.24-19.22.52:203][  0]LogRenderer: Reallocating scene render targets to support 784x372 Format 10 NumSamples 1 (Frame:1).
[2018.05.24-19.22.53:441][  0]LogContentBrowser: Native class hierarchy updated for 'HierarchicalLODOutliner' in 0.0014 seconds. Added 1 classes and 2 folders.
[2018.05.24-19.22.53:442][  0]LogLoad: (Engine Initialization) Total time: 137.01 seconds
[2018.05.24-19.22.53:442][  0]LogLoad: (Engine Initialization) Total Blueprint compile time: 0.00 seconds
[2018.05.24-19.22.53:442][  0]LogExternalProfiler: No external profilers were discovered.  External profiling features will not be available.
[2018.05.24-19.22.53:488][  0]LogContentStreaming: Texture pool size now 1000 MB
[2018.05.24-19.22.53:550][  0]LogSlate: Took 0.008612 seconds to synchronously load lazily loaded font '../../../Engine/Content/Slate/Fonts/Roboto-Light.ttf' (159K)
[2018.05.24-19.22.54:726][  4]LogAssetRegistry: Asset discovery search completed in 44.0214 seconds
[2018.05.24-19.22.54:731][  4]LogCollectionManager: Rebuilt the object cache for 0 collections in 0.000001 seconds (found 0 objects)
[2018.05.24-19.22.54:732][  4]LogCollectionManager: Fixed up redirectors for 0 collections in 0.001596 seconds (updated 0 objects)
[2018.05.24-19.23.25:916][290]LogTemp: Repeating last play command: Selected Viewport
[2018.05.24-19.23.26:013][290]LogBlueprintUserMessages: Early PlayInEditor Detection: Level '/Game/FirstPersonCPP/Maps/FirstPersonExampleMap.FirstPersonExampleMap:PersistentLevel' has LevelScriptBlueprint '/Game/FirstPersonCPP/Maps/FirstPersonExampleMap.FirstPersonExampleMap:PersistentLevel.FirstPersonExampleMap' with GeneratedClass '/Game/FirstPersonCPP/Maps/FirstPersonExampleMap.FirstPersonExampleMap_C' with ClassGeneratedBy '/Game/FirstPersonCPP/Maps/FirstPersonExampleMap.FirstPersonExampleMap:PersistentLevel.FirstPersonExampleMap'
[2018.05.24-19.23.26:014][290]LogPlayLevel: PlayLevel: No blueprints needed recompiling
[2018.05.24-19.23.26:025][290]PIE: New page: PIE session: FirstPersonExampleMap (May 24, 2018, 11:23:26 PM)
[2018.05.24-19.23.26:026][290]LogPlayLevel: Creating play world package: /Game/FirstPersonCPP/Maps/UEDPIE_0_FirstPersonExampleMap
[2018.05.24-19.23.26:108][290]LogPlayLevel: PIE: StaticDuplicateObject took: (0.082151s)
[2018.05.24-19.23.26:118][290]LogAIModule: Creating AISystem for world FirstPersonExampleMap
[2018.05.24-19.23.26:120][290]LogPlayLevel: PIE: World Init took: (0.011019s)
[2018.05.24-19.23.26:122][290]LogPlayLevel: PIE: Created PIE world by copying editor world from /Game/FirstPersonCPP/Maps/FirstPersonExampleMap.FirstPersonExampleMap to /Game/FirstPersonCPP/Maps/UEDPIE_0_FirstPersonExampleMap.FirstPersonExampleMap (0.096158s)
[2018.05.24-19.23.26:149][290]LogInit: XAudio2 using 'Lautsprecher/Kopfhörer (Realtek High Definition Audio)' : 2 channels at 48 kHz using 32 bits per sample (channel mask 0x3)
[2018.05.24-19.23.26:173][290]LogInit: FAudioDevice initialized.
[2018.05.24-19.23.26:230][290]LogLoad: Game class is 'MyGameModeBase'
[2018.05.24-19.23.26:245][290]LogWorld: Bringing World /Game/FirstPersonCPP/Maps/UEDPIE_0_FirstPersonExampleMap.FirstPersonExampleMap up for play (max tick rate 60) at 2018.05.24-21.23.26
[2018.05.24-19.23.26:251][290]LogWorld: Bringing up level for play took: 0.009625
[2018.05.24-19.23.26:456][290]LogContentBrowser: Native class hierarchy updated for 'MovieSceneCapture' in 0.0013 seconds. Added 11 classes and 0 folders.
[2018.05.24-19.23.26:461][290]PIE: Play in editor start time for /Game/FirstPersonCPP/Maps/UEDPIE_0_FirstPersonExampleMap 1.07
[2018.05.24-19.23.26:462][290]LogBlueprintUserMessages: Late PlayInEditor Detection: Level '/Game/FirstPersonCPP/Maps/FirstPersonExampleMap.FirstPersonExampleMap:PersistentLevel' has LevelScriptBlueprint '/Game/FirstPersonCPP/Maps/FirstPersonExampleMap.FirstPersonExampleMap:PersistentLevel.FirstPersonExampleMap' with GeneratedClass '/Game/FirstPersonCPP/Maps/FirstPersonExampleMap.FirstPersonExampleMap_C' with ClassGeneratedBy '/Game/FirstPersonCPP/Maps/FirstPersonExampleMap.FirstPersonExampleMap:PersistentLevel.FirstPersonExampleMap'
[2018.05.24-19.23.33:326][479]LogBlueprintUserMessages: Early EndPlayMap Detection: Level '/Game/FirstPersonCPP/Maps/FirstPersonExampleMap.FirstPersonExampleMap:PersistentLevel' has LevelScriptBlueprint '/Game/FirstPersonCPP/Maps/FirstPersonExampleMap.FirstPersonExampleMap:PersistentLevel.FirstPersonExampleMap' with GeneratedClass '/Game/FirstPersonCPP/Maps/FirstPersonExampleMap.FirstPersonExampleMap_C' with ClassGeneratedBy '/Game/FirstPersonCPP/Maps/FirstPersonExampleMap.FirstPersonExampleMap:PersistentLevel.FirstPersonExampleMap'
[2018.05.24-19.23.33:401][479]LogBlueprintUserMessages: Late EndPlayMap Detection: Level '/Game/FirstPersonCPP/Maps/FirstPersonExampleMap.FirstPersonExampleMap:PersistentLevel' has LevelScriptBlueprint '/Game/FirstPersonCPP/Maps/FirstPersonExampleMap.FirstPersonExampleMap:PersistentLevel.FirstPersonExampleMap' with GeneratedClass '/Game/FirstPersonCPP/Maps/FirstPersonExampleMap.FirstPersonExampleMap_C' with ClassGeneratedBy '/Game/FirstPersonCPP/Maps/FirstPersonExampleMap.FirstPersonExampleMap:PersistentLevel.FirstPersonExampleMap'
[2018.05.24-19.23.38:509][587]LogSlate: Took 0.001038 seconds to synchronously load lazily loaded font '../../../Engine/Content/Slate/Fonts/Roboto-Light.ttf' (159K)
[2018.05.24-19.23.42:880][637]LogSlate: Warning: Prevented a slow task dialog from being summoned while a context menu was open
[2018.05.24-19.23.46:428][698]LogSavePackage: Save=297.09ms
[2018.05.24-19.23.46:429][698]LogSavePackage: Moving '../../../../../../Users/steph/Documents/Unreal Projects/Recovery/Saved/FirstPersonExampleMap2624F60045EA6CD76DD861987CE22413.tmp' to '../../../../../../Users/steph/Documents/Unreal Projects/Recovery/Content/FirstPersonCPP/Maps/FirstPersonExampleMap.umap'
[2018.05.24-19.23.46:445][698]LogSavePackage: Display: Finished SavePackage ../../../../../../Users/steph/Documents/Unreal Projects/Recovery/Content/FirstPersonCPP/Maps/FirstPersonExampleMap.umap
[2018.05.24-19.23.47:777][698]LogSlate: Took 0.030413 seconds to synchronously load lazily loaded font '../../../Engine/Content/Slate/Fonts/Roboto-Regular.ttf' (155K)
[2018.05.24-19.23.50:457][698]LogSavePackage: Save=3950.69ms
[2018.05.24-19.23.50:457][698]LogSavePackage: Moving '../../../../../../Users/steph/Documents/Unreal Projects/Recovery/Saved/FirstPersonExampleMap_BuiltData181A3AE8480D475E965A57A3AD4449CB.tmp' to '../../../../../../Users/steph/Documents/Unreal Projects/Recovery/Content/FirstPersonCPP/Maps/FirstPersonExampleMap_BuiltData.uasset'
[2018.05.24-19.23.50:463][698]LogSavePackage: Display: Finished SavePackage ../../../../../../Users/steph/Documents/Unreal Projects/Recovery/Content/FirstPersonCPP/Maps/FirstPersonExampleMap_BuiltData.uasset
[2018.05.24-19.23.52:064][731]LogTemp: Repeating last play command: Selected Viewport
[2018.05.24-19.23.52:137][731]LogBlueprintUserMessages: Early PlayInEditor Detection: Level '/Game/FirstPersonCPP/Maps/FirstPersonExampleMap.FirstPersonExampleMap:PersistentLevel' has LevelScriptBlueprint '/Game/FirstPersonCPP/Maps/FirstPersonExampleMap.FirstPersonExampleMap:PersistentLevel.FirstPersonExampleMap' with GeneratedClass '/Game/FirstPersonCPP/Maps/FirstPersonExampleMap.FirstPersonExampleMap_C' with ClassGeneratedBy '/Game/FirstPersonCPP/Maps/FirstPersonExampleMap.FirstPersonExampleMap:PersistentLevel.FirstPersonExampleMap'
[2018.05.24-19.23.52:137][731]LogPlayLevel: PlayLevel: No blueprints needed recompiling
[2018.05.24-19.23.52:137][731]PIE: New page: PIE session: FirstPersonExampleMap (May 24, 2018, 11:23:52 PM)
[2018.05.24-19.23.52:138][731]LogPlayLevel: Creating play world package: /Game/FirstPersonCPP/Maps/UEDPIE_0_FirstPersonExampleMap
[2018.05.24-19.23.52:173][731]LogPlayLevel: PIE: StaticDuplicateObject took: (0.033550s)
[2018.05.24-19.23.52:176][731]LogAIModule: Creating AISystem for world FirstPersonExampleMap
[2018.05.24-19.23.52:178][731]LogPlayLevel: PIE: World Init took: (0.002102s)
[2018.05.24-19.23.52:179][731]LogPlayLevel: PIE: Created PIE world by copying editor world from /Game/FirstPersonCPP/Maps/FirstPersonExampleMap.FirstPersonExampleMap to /Game/FirstPersonCPP/Maps/UEDPIE_0_FirstPersonExampleMap.FirstPersonExampleMap (0.040434s)
[2018.05.24-19.23.52:213][731]LogInit: XAudio2 using 'Lautsprecher/Kopfhörer (Realtek High Definition Audio)' : 2 channels at 48 kHz using 32 bits per sample (channel mask 0x3)
[2018.05.24-19.23.52:237][731]LogInit: FAudioDevice initialized.
[2018.05.24-19.23.52:358][731]LogLoad: Game class is 'MyGameModeBase'
[2018.05.24-19.23.52:362][731]LogWorld: Bringing World /Game/FirstPersonCPP/Maps/UEDPIE_0_FirstPersonExampleMap.FirstPersonExampleMap up for play (max tick rate 60) at 2018.05.24-21.23.52
[2018.05.24-19.23.52:365][731]LogWorld: Bringing up level for play took: 0.006165
[2018.05.24-19.23.52:368][731]PIE: Play in editor start time for /Game/FirstPersonCPP/Maps/UEDPIE_0_FirstPersonExampleMap 0.977
[2018.05.24-19.23.52:368][731]LogBlueprintUserMessages: Late PlayInEditor Detection: Level '/Game/FirstPersonCPP/Maps/FirstPersonExampleMap.FirstPersonExampleMap:PersistentLevel' has LevelScriptBlueprint '/Game/FirstPersonCPP/Maps/FirstPersonExampleMap.FirstPersonExampleMap:PersistentLevel.FirstPersonExampleMap' with GeneratedClass '/Game/FirstPersonCPP/Maps/FirstPersonExampleMap.FirstPersonExampleMap_C' with ClassGeneratedBy '/Game/FirstPersonCPP/Maps/FirstPersonExampleMap.FirstPersonExampleMap:PersistentLevel.FirstPersonExampleMap'
[2018.05.24-19.24.05:893][863]LogOutputDevice: Warning: 

Script Stack:
Interactable.PerformInteract

[2018.05.24-19.24.05:894][863]LogOutputDevice: Error: Ensure condition failed: this->IsBound() [File:C:\Program Files\Epic Games\UE_4.18\Engine\Source\Runtime\Core\Public\Delegates/DelegateSignatureImpl.inl] [Line: 1058] 
Unable to bind delegate to 'OnButtonClicked0' (function might not be marked as a UFUNCTION or object may be pending kill)

[2018.05.24-19.24.05:894][863]LogStats:             FDebug::EnsureFailed -  0.000 s
[2018.05.24-19.25.02:898][829]LogBlueprintUserMessages: Early EndPlayMap Detection: Level '/Game/FirstPersonCPP/Maps/FirstPersonExampleMap.FirstPersonExampleMap:PersistentLevel' has LevelScriptBlueprint '/Game/FirstPersonCPP/Maps/FirstPersonExampleMap.FirstPersonExampleMap:PersistentLevel.FirstPersonExampleMap' with GeneratedClass '/Game/FirstPersonCPP/Maps/FirstPersonExampleMap.FirstPersonExampleMap_C' with ClassGeneratedBy '/Game/FirstPersonCPP/Maps/FirstPersonExampleMap.FirstPersonExampleMap:PersistentLevel.FirstPersonExampleMap'
[2018.05.24-19.25.02:970][829]LogBlueprintUserMessages: Late EndPlayMap Detection: Level '/Game/FirstPersonCPP/Maps/FirstPersonExampleMap.FirstPersonExampleMap:PersistentLevel' has LevelScriptBlueprint '/Game/FirstPersonCPP/Maps/FirstPersonExampleMap.FirstPersonExampleMap:PersistentLevel.FirstPersonExampleMap' with GeneratedClass '/Game/FirstPersonCPP/Maps/FirstPersonExampleMap.FirstPersonExampleMap_C' with ClassGeneratedBy '/Game/FirstPersonCPP/Maps/FirstPersonExampleMap.FirstPersonExampleMap:PersistentLevel.FirstPersonExampleMap'
[2018.05.24-19.25.03:915][851]LogTemp: Repeating last play command: Selected Viewport
[2018.05.24-19.25.03:978][851]LogBlueprintUserMessages: Early PlayInEditor Detection: Level '/Game/FirstPersonCPP/Maps/FirstPersonExampleMap.FirstPersonExampleMap:PersistentLevel' has LevelScriptBlueprint '/Game/FirstPersonCPP/Maps/FirstPersonExampleMap.FirstPersonExampleMap:PersistentLevel.FirstPersonExampleMap' with GeneratedClass '/Game/FirstPersonCPP/Maps/FirstPersonExampleMap.FirstPersonExampleMap_C' with ClassGeneratedBy '/Game/FirstPersonCPP/Maps/FirstPersonExampleMap.FirstPersonExampleMap:PersistentLevel.FirstPersonExampleMap'
[2018.05.24-19.25.03:978][851]LogPlayLevel: PlayLevel: No blueprints needed recompiling
[2018.05.24-19.25.03:979][851]PIE: New page: PIE session: FirstPersonExampleMap (May 24, 2018, 11:25:03 PM)
[2018.05.24-19.25.03:979][851]LogPlayLevel: Creating play world package: /Game/FirstPersonCPP/Maps/UEDPIE_0_FirstPersonExampleMap
[2018.05.24-19.25.04:007][851]LogPlayLevel: PIE: StaticDuplicateObject took: (0.028322s)
[2018.05.24-19.25.04:012][851]LogAIModule: Creating AISystem for world FirstPersonExampleMap
[2018.05.24-19.25.04:013][851]LogPlayLevel: PIE: World Init took: (0.002053s)
[2018.05.24-19.25.04:015][851]LogPlayLevel: PIE: Created PIE world by copying editor world from /Game/FirstPersonCPP/Maps/FirstPersonExampleMap.FirstPersonExampleMap to /Game/FirstPersonCPP/Maps/UEDPIE_0_FirstPersonExampleMap.FirstPersonExampleMap (0.036251s)
[2018.05.24-19.25.04:044][851]LogInit: XAudio2 using 'Lautsprecher/Kopfhörer (Realtek High Definition Audio)' : 2 channels at 48 kHz using 32 bits per sample (channel mask 0x3)
[2018.05.24-19.25.04:164][851]LogInit: FAudioDevice initialized.
[2018.05.24-19.25.04:212][851]LogLoad: Game class is 'MyGameModeBase'
[2018.05.24-19.25.04:217][851]LogWorld: Bringing World /Game/FirstPersonCPP/Maps/UEDPIE_0_FirstPersonExampleMap.FirstPersonExampleMap up for play (max tick rate 60) at 2018.05.24-21.25.04
[2018.05.24-19.25.04:217][851]LogWorld: Bringing up level for play took: 0.004218
[2018.05.24-19.25.04:220][851]PIE: Play in editor start time for /Game/FirstPersonCPP/Maps/UEDPIE_0_FirstPersonExampleMap 0.829
[2018.05.24-19.25.04:220][851]LogBlueprintUserMessages: Late PlayInEditor Detection: Level '/Game/FirstPersonCPP/Maps/FirstPersonExampleMap.FirstPersonExampleMap:PersistentLevel' has LevelScriptBlueprint '/Game/FirstPersonCPP/Maps/FirstPersonExampleMap.FirstPersonExampleMap:PersistentLevel.FirstPersonExampleMap' with GeneratedClass '/Game/FirstPersonCPP/Maps/FirstPersonExampleMap.FirstPersonExampleMap_C' with ClassGeneratedBy '/Game/FirstPersonCPP/Maps/FirstPersonExampleMap.FirstPersonExampleMap:PersistentLevel.FirstPersonExampleMap'
[2018.05.24-19.26.15:056][831]LogBlueprintUserMessages: Early EndPlayMap Detection: Level '/Game/FirstPersonCPP/Maps/FirstPersonExampleMap.FirstPersonExampleMap:PersistentLevel' has LevelScriptBlueprint '/Game/FirstPersonCPP/Maps/FirstPersonExampleMap.FirstPersonExampleMap:PersistentLevel.FirstPersonExampleMap' with GeneratedClass '/Game/FirstPersonCPP/Maps/FirstPersonExampleMap.FirstPersonExampleMap_C' with ClassGeneratedBy '/Game/FirstPersonCPP/Maps/FirstPersonExampleMap.FirstPersonExampleMap:PersistentLevel.FirstPersonExampleMap'
[2018.05.24-19.26.15:124][831]LogBlueprintUserMessages: Late EndPlayMap Detection: Level '/Game/FirstPersonCPP/Maps/FirstPersonExampleMap.FirstPersonExampleMap:PersistentLevel' has LevelScriptBlueprint '/Game/FirstPersonCPP/Maps/FirstPersonExampleMap.FirstPersonExampleMap:PersistentLevel.FirstPersonExampleMap' with GeneratedClass '/Game/FirstPersonCPP/Maps/FirstPersonExampleMap.FirstPersonExampleMap_C' with ClassGeneratedBy '/Game/FirstPersonCPP/Maps/FirstPersonExampleMap.FirstPersonExampleMap:PersistentLevel.FirstPersonExampleMap'
[2018.05.24-19.26.17:556][891]LogTemp: Repeating last play command: Selected Viewport
[2018.05.24-19.26.17:607][891]LogBlueprintUserMessages: Early PlayInEditor Detection: Level '/Game/FirstPersonCPP/Maps/FirstPersonExampleMap.FirstPersonExampleMap:PersistentLevel' has LevelScriptBlueprint '/Game/FirstPersonCPP/Maps/FirstPersonExampleMap.FirstPersonExampleMap:PersistentLevel.FirstPersonExampleMap' with GeneratedClass '/Game/FirstPersonCPP/Maps/FirstPersonExampleMap.FirstPersonExampleMap_C' with ClassGeneratedBy '/Game/FirstPersonCPP/Maps/FirstPersonExampleMap.FirstPersonExampleMap:PersistentLevel.FirstPersonExampleMap'
[2018.05.24-19.26.17:607][891]LogPlayLevel: PlayLevel: No blueprints needed recompiling
[2018.05.24-19.26.17:608][891]PIE: New page: PIE session: FirstPersonExampleMap (May 24, 2018, 11:26:17 PM)
[2018.05.24-19.26.17:608][891]LogPlayLevel: Creating play world package: /Game/FirstPersonCPP/Maps/UEDPIE_0_FirstPersonExampleMap
[2018.05.24-19.26.17:639][891]LogPlayLevel: PIE: StaticDuplicateObject took: (0.030179s)
[2018.05.24-19.26.17:640][891]LogAIModule: Creating AISystem for world FirstPersonExampleMap
[2018.05.24-19.26.17:641][891]LogPlayLevel: PIE: World Init took: (0.001486s)
[2018.05.24-19.26.17:644][891]LogPlayLevel: PIE: Created PIE world by copying editor world from /Game/FirstPersonCPP/Maps/FirstPersonExampleMap.FirstPersonExampleMap to /Game/FirstPersonCPP/Maps/UEDPIE_0_FirstPersonExampleMap.FirstPersonExampleMap (0.036494s)
[2018.05.24-19.26.17:680][891]LogInit: XAudio2 using 'Lautsprecher/Kopfhörer (Realtek High Definition Audio)' : 2 channels at 48 kHz using 32 bits per sample (channel mask 0x3)
[2018.05.24-19.26.17:710][891]LogInit: FAudioDevice initialized.
[2018.05.24-19.26.17:758][891]LogLoad: Game class is 'MyGameModeBase'
[2018.05.24-19.26.17:762][891]LogWorld: Bringing World /Game/FirstPersonCPP/Maps/UEDPIE_0_FirstPersonExampleMap.FirstPersonExampleMap up for play (max tick rate 60) at 2018.05.24-21.26.17
[2018.05.24-19.26.17:763][891]LogWorld: Bringing up level for play took: 0.004279
[2018.05.24-19.26.17:766][891]PIE: Play in editor start time for /Game/FirstPersonCPP/Maps/UEDPIE_0_FirstPersonExampleMap 0.375
[2018.05.24-19.26.17:766][891]LogBlueprintUserMessages: Late PlayInEditor Detection: Level '/Game/FirstPersonCPP/Maps/FirstPersonExampleMap.FirstPersonExampleMap:PersistentLevel' has LevelScriptBlueprint '/Game/FirstPersonCPP/Maps/FirstPersonExampleMap.FirstPersonExampleMap:PersistentLevel.FirstPersonExampleMap' with GeneratedClass '/Game/FirstPersonCPP/Maps/FirstPersonExampleMap.FirstPersonExampleMap_C' with ClassGeneratedBy '/Game/FirstPersonCPP/Maps/FirstPersonExampleMap.FirstPersonExampleMap:PersistentLevel.FirstPersonExampleMap'
[2018.05.24-19.26.38:827][321]LogBlueprintUserMessages: Early EndPlayMap Detection: Level '/Game/FirstPersonCPP/Maps/FirstPersonExampleMap.FirstPersonExampleMap:PersistentLevel' has LevelScriptBlueprint '/Game/FirstPersonCPP/Maps/FirstPersonExampleMap.FirstPersonExampleMap:PersistentLevel.FirstPersonExampleMap' with GeneratedClass '/Game/FirstPersonCPP/Maps/FirstPersonExampleMap.FirstPersonExampleMap_C' with ClassGeneratedBy '/Game/FirstPersonCPP/Maps/FirstPersonExampleMap.FirstPersonExampleMap:PersistentLevel.FirstPersonExampleMap'
[2018.05.24-19.26.38:908][321]LogBlueprintUserMessages: Late EndPlayMap Detection: Level '/Game/FirstPersonCPP/Maps/FirstPersonExampleMap.FirstPersonExampleMap:PersistentLevel' has LevelScriptBlueprint '/Game/FirstPersonCPP/Maps/FirstPersonExampleMap.FirstPersonExampleMap:PersistentLevel.FirstPersonExampleMap' with GeneratedClass '/Game/FirstPersonCPP/Maps/FirstPersonExampleMap.FirstPersonExampleMap_C' with ClassGeneratedBy '/Game/FirstPersonCPP/Maps/FirstPersonExampleMap.FirstPersonExampleMap:PersistentLevel.FirstPersonExampleMap'
[2018.05.24-19.27.08:854][480]LogTemp: Repeating last play command: Selected Viewport
[2018.05.24-19.27.08:891][480]LogBlueprintUserMessages: Early PlayInEditor Detection: Level '/Game/FirstPersonCPP/Maps/FirstPersonExampleMap.FirstPersonExampleMap:PersistentLevel' has LevelScriptBlueprint '/Game/FirstPersonCPP/Maps/FirstPersonExampleMap.FirstPersonExampleMap:PersistentLevel.FirstPersonExampleMap' with GeneratedClass '/Game/FirstPersonCPP/Maps/FirstPersonExampleMap.FirstPersonExampleMap_C' with ClassGeneratedBy '/Game/FirstPersonCPP/Maps/FirstPersonExampleMap.FirstPersonExampleMap:PersistentLevel.FirstPersonExampleMap'
[2018.05.24-19.27.08:893][480]LogPlayLevel: PlayLevel: No blueprints needed recompiling
[2018.05.24-19.27.08:894][480]PIE: New page: PIE session: FirstPersonExampleMap (May 24, 2018, 11:27:08 PM)
[2018.05.24-19.27.08:895][480]LogPlayLevel: Creating play world package: /Game/FirstPersonCPP/Maps/UEDPIE_0_FirstPersonExampleMap
[2018.05.24-19.27.08:923][480]LogPlayLevel: PIE: StaticDuplicateObject took: (0.027611s)
[2018.05.24-19.27.08:925][480]LogAIModule: Creating AISystem for world FirstPersonExampleMap
[2018.05.24-19.27.08:925][480]LogPlayLevel: PIE: World Init took: (0.002001s)
[2018.05.24-19.27.08:926][480]LogPlayLevel: PIE: Created PIE world by copying editor world from /Game/FirstPersonCPP/Maps/FirstPersonExampleMap.FirstPersonExampleMap to /Game/FirstPersonCPP/Maps/UEDPIE_0_FirstPersonExampleMap.FirstPersonExampleMap (0.031234s)
[2018.05.24-19.27.08:955][480]LogInit: XAudio2 using 'Lautsprecher/Kopfhörer (Realtek High Definition Audio)' : 2 channels at 48 kHz using 32 bits per sample (channel mask 0x3)
[2018.05.24-19.27.08:978][480]LogInit: FAudioDevice initialized.
[2018.05.24-19.27.09:029][480]LogLoad: Game class is 'MyGameModeBase'
[2018.05.24-19.27.09:034][480]LogWorld: Bringing World /Game/FirstPersonCPP/Maps/UEDPIE_0_FirstPersonExampleMap.FirstPersonExampleMap up for play (max tick rate 60) at 2018.05.24-21.27.09
[2018.05.24-19.27.09:035][480]LogWorld: Bringing up level for play took: 0.004580
[2018.05.24-19.27.09:037][480]PIE: Play in editor start time for /Game/FirstPersonCPP/Maps/UEDPIE_0_FirstPersonExampleMap -0.354
[2018.05.24-19.27.09:038][480]LogBlueprintUserMessages: Late PlayInEditor Detection: Level '/Game/FirstPersonCPP/Maps/FirstPersonExampleMap.FirstPersonExampleMap:PersistentLevel' has LevelScriptBlueprint '/Game/FirstPersonCPP/Maps/FirstPersonExampleMap.FirstPersonExampleMap:PersistentLevel.FirstPersonExampleMap' with GeneratedClass '/Game/FirstPersonCPP/Maps/FirstPersonExampleMap.FirstPersonExampleMap_C' with ClassGeneratedBy '/Game/FirstPersonCPP/Maps/FirstPersonExampleMap.FirstPersonExampleMap:PersistentLevel.FirstPersonExampleMap'
[2018.05.24-19.27.23:291][781]LogBlueprintUserMessages: Early EndPlayMap Detection: Level '/Game/FirstPersonCPP/Maps/FirstPersonExampleMap.FirstPersonExampleMap:PersistentLevel' has LevelScriptBlueprint '/Game/FirstPersonCPP/Maps/FirstPersonExampleMap.FirstPersonExampleMap:PersistentLevel.FirstPersonExampleMap' with GeneratedClass '/Game/FirstPersonCPP/Maps/FirstPersonExampleMap.FirstPersonExampleMap_C' with ClassGeneratedBy '/Game/FirstPersonCPP/Maps/FirstPersonExampleMap.FirstPersonExampleMap:PersistentLevel.FirstPersonExampleMap'
[2018.05.24-19.27.23:364][781]LogBlueprintUserMessages: Late EndPlayMap Detection: Level '/Game/FirstPersonCPP/Maps/FirstPersonExampleMap.FirstPersonExampleMap:PersistentLevel' has LevelScriptBlueprint '/Game/FirstPersonCPP/Maps/FirstPersonExampleMap.FirstPersonExampleMap:PersistentLevel.FirstPersonExampleMap' with GeneratedClass '/Game/FirstPersonCPP/Maps/FirstPersonExampleMap.FirstPersonExampleMap_C' with ClassGeneratedBy '/Game/FirstPersonCPP/Maps/FirstPersonExampleMap.FirstPersonExampleMap:PersistentLevel.FirstPersonExampleMap'
[2018.05.24-19.29.00:249][296]LogContentBrowser: Native class hierarchy updated for 'BlueprintGraph' in 0.0016 seconds. Added 116 classes and 0 folders.
[2018.05.24-19.29.01:770][296]LogSlate: Took 0.006298 seconds to synchronously load lazily loaded font '../../../Engine/Content/Slate/Fonts/Roboto-Light.ttf' (159K)
[2018.05.24-19.29.01:778][296]LogSlate: Took 0.006535 seconds to synchronously load lazily loaded font '../../../Engine/Content/Editor/Slate/Fonts/Roboto-BoldCondensed.ttf' (158K)
[2018.05.24-19.29.10:576][497]LogSlate: Warning: Prevented a slow task dialog from being summoned while a context menu was open
