Log file open, 05/25/18 20:16:44
LogWindows: Failed to load 'aqProf.dll' (GetLastError=126)
LogWindows: File 'aqProf.dll' does not exist
LogWindows: Failed to load 'VSPerf140.dll' (GetLastError=126)
LogWindows: File 'VSPerf140.dll' does not exist
LogWindows: Failed to load 'VtuneApi.dll' (GetLastError=126)
LogWindows: File 'VtuneApi.dll' does not exist
LogWindows: Failed to load 'VtuneApi32e.dll' (GetLastError=126)
LogWindows: File 'VtuneApi32e.dll' does not exist
LogInit: Display: Running engine for game: Recovery
LogPlatformFile: Not using cached read wrapper
LogInit: Display: RandInit(920235875) SRandInit(920235875).
LogInit: Read version file with build ID '3709383'
LogInit: Overriding engine version to CL 3832480, compatible CL 3709383
LogInit: Registered custom module enumerator with build ID '3709383'
LogTaskGraph: Started task graph with 5 named threads and 8 total threads with 3 sets of task threads.
LogStats: Stats thread started at 0.263994
LogD3D11RHI: Aftermath initialized
LogPluginManager: Mounting plugin Paper2D
LogPluginManager: Mounting plugin LightPropagationVolume
LogPluginManager: Mounting plugin CodeLiteSourceCodeAccess
LogPluginManager: Mounting plugin GitSourceControl
LogPluginManager: Mounting plugin KDevelopSourceCodeAccess
LogPluginManager: Mounting plugin NullSourceCodeAccess
LogPluginManager: Mounting plugin PerforceSourceControl
LogPluginManager: Mounting plugin SubversionSourceControl
LogPluginManager: Mounting plugin UObjectPlugin
LogPluginManager: Mounting plugin VisualStudioCodeSourceCodeAccess
LogPluginManager: Mounting plugin VisualStudioSourceCodeAccess
LogPluginManager: Mounting plugin XCodeSourceCodeAccess
LogPluginManager: Mounting plugin AssetManagerEditor
LogPluginManager: Mounting plugin AudioCapture
LogPluginManager: Mounting plugin FacialAnimation
LogPluginManager: Mounting plugin GameplayTagsEditor
LogPluginManager: Mounting plugin MobileLauncherProfileWizard
LogPluginManager: Mounting plugin PluginBrowser
LogPluginManager: Mounting plugin SpeedTreeImporter
LogPluginManager: Mounting plugin AlembicImporter
LogPluginManager: Mounting plugin CharacterAI
LogPluginManager: Mounting plugin HTML5Networking
LogPluginManager: Mounting plugin AndroidMedia
LogPluginManager: Mounting plugin AvfMedia
LogPluginManager: Mounting plugin ImgMedia
LogPluginManager: Mounting plugin MediaCompositing
LogPluginManager: Mounting plugin MediaPlayerEditor
LogPluginManager: Mounting plugin WmfMedia
LogPluginManager: Mounting plugin TcpMessaging
LogPluginManager: Mounting plugin UdpMessaging
LogPluginManager: Mounting plugin ActorSequence
LogPluginManager: Mounting plugin LevelSequenceEditor
LogPluginManager: Mounting plugin MatineeToLevelSequence
LogPluginManager: Mounting plugin OnlineSubsystemGooglePlay
LogPluginManager: Mounting plugin OnlineSubsystemIOS
LogPluginManager: Mounting plugin OnlineSubsystem
LogPluginManager: Mounting plugin OnlineSubsystemNull
LogPluginManager: Mounting plugin OnlineSubsystemUtils
LogPluginManager: Mounting plugin AndroidDeviceProfileSelector
LogPluginManager: Mounting plugin AndroidMoviePlayer
LogPluginManager: Mounting plugin AndroidPermission
LogPluginManager: Mounting plugin AppleARKit
LogPluginManager: Mounting plugin AppleMoviePlayer
LogPluginManager: Mounting plugin ArchVisCharacter
LogPluginManager: Mounting plugin CableComponent
LogPluginManager: Mounting plugin CustomMeshComponent
LogPluginManager: Mounting plugin ExampleDeviceProfileSelector
LogPluginManager: Mounting plugin GoogleCloudMessaging
LogPluginManager: Mounting plugin ImmediatePhysics
LogPluginManager: Mounting plugin IOSDeviceProfileSelector
LogPluginManager: Mounting plugin LinuxDeviceProfileSelector
LogPluginManager: Mounting plugin LocationServicesBPLibrary
LogPluginManager: Mounting plugin MobilePatchingUtils
LogPluginManager: Mounting plugin OculusVR
LogPluginManager: Plugin shader directory ../../../Engine/Plugins/Runtime/Oculus/OculusVR/Shaders found
LogPluginManager: Mapping shader source directory ../../../Engine/Plugins/Runtime/Oculus/OculusVR/Shaders to virtual directory /Plugin/OculusVR
LogPluginManager: Mounting plugin PhysXVehicles
LogPluginManager: Mounting plugin ProceduralMeshComponent
LogPluginManager: Mounting plugin RuntimePhysXCooking
LogPluginManager: Mounting plugin SteamVR
LogPluginManager: Mounting plugin WindowsMoviePlayer
LogModuleManager: Display: Found up-to-date module file ../../../../../../Users/steph/Documents/Unreal Projects/Recovery/Binaries/Win64/UE4Editor-Recovery-7200.dll (API version 3709383).
LogModuleManager: Display: Found up-to-date module file ../../../Engine/Plugins/2D/Paper2D/Binaries/Win64/UE4Editor-Paper2D.dll (API version 3709383).
LogModuleManager: Display: Found up-to-date module file ../../../Engine/Plugins/2D/Paper2D/Binaries/Win64/UE4Editor-Paper2DEditor.dll (API version 3709383).
LogModuleManager: Display: Found up-to-date module file ../../../Engine/Plugins/2D/Paper2D/Binaries/Win64/UE4Editor-PaperSpriteSheetImporter.dll (API version 3709383).
LogModuleManager: Display: Found up-to-date module file ../../../Engine/Plugins/2D/Paper2D/Binaries/Win64/UE4Editor-PaperTiledImporter.dll (API version 3709383).
LogModuleManager: Display: Found up-to-date module file ../../../Engine/Plugins/2D/Paper2D/Binaries/Win64/UE4Editor-SmartSnapping.dll (API version 3709383).
LogModuleManager: Display: Found up-to-date module file ../../../Engine/Plugins/Blendables/LightPropagationVolume/Binaries/Win64/UE4Editor-LightPropagationVolumeRuntime.dll (API version 3709383).
LogModuleManager: Display: Found up-to-date module file ../../../Engine/Plugins/Blendables/LightPropagationVolume/Binaries/Win64/UE4Editor-LightPropagationVolumeEditor.dll (API version 3709383).
LogModuleManager: Display: Found up-to-date module file ../../../Engine/Plugins/Developer/GitSourceControl/Binaries/Win64/UE4Editor-GitSourceControl.dll (API version 3709383).
LogModuleManager: Display: Found up-to-date module file ../../../Engine/Plugins/Developer/PerforceSourceControl/Binaries/Win64/UE4Editor-PerforceSourceControl.dll (API version 3709383).
LogModuleManager: Display: Found up-to-date module file ../../../Engine/Plugins/Developer/SubversionSourceControl/Binaries/Win64/UE4Editor-SubversionSourceControl.dll (API version 3709383).
LogModuleManager: Display: Found up-to-date module file ../../../Engine/Plugins/Developer/UObjectPlugin/Binaries/Win64/UE4Editor-UObjectPlugin.dll (API version 3709383).
LogModuleManager: Display: Found up-to-date module file ../../../Engine/Plugins/Developer/VisualStudioCodeSourceCodeAccess/Binaries/Win64/UE4Editor-VisualStudioCodeSourceCodeAccess.dll (API version 3709383).
LogModuleManager: Display: Found up-to-date module file ../../../Engine/Plugins/Developer/VisualStudioSourceCodeAccess/Binaries/Win64/UE4Editor-VisualStudioSourceCodeAccess.dll (API version 3709383).
LogModuleManager: Display: Found up-to-date module file ../../../Engine/Plugins/Editor/AssetManagerEditor/Binaries/Win64/UE4Editor-AssetManagerEditor.dll (API version 3709383).
LogModuleManager: Display: Found up-to-date module file ../../../Engine/Plugins/Editor/AudioCapture/Binaries/Win64/UE4Editor-AudioCapture.dll (API version 3709383).
LogModuleManager: Display: Found up-to-date module file ../../../Engine/Plugins/Editor/FacialAnimation/Binaries/Win64/UE4Editor-FacialAnimation.dll (API version 3709383).
LogModuleManager: Display: Found up-to-date module file ../../../Engine/Plugins/Editor/FacialAnimation/Binaries/Win64/UE4Editor-FacialAnimationEditor.dll (API version 3709383).
LogModuleManager: Display: Found up-to-date module file ../../../Engine/Plugins/Editor/GameplayTagsEditor/Binaries/Win64/UE4Editor-GameplayTagsEditor.dll (API version 3709383).
LogModuleManager: Display: Found up-to-date module file ../../../Engine/Plugins/Editor/MobileLauncherProfileWizard/Binaries/Win64/UE4Editor-MobileLauncherProfileWizard.dll (API version 3709383).
LogModuleManager: Display: Found up-to-date module file ../../../Engine/Plugins/Editor/PluginBrowser/Binaries/Win64/UE4Editor-PluginBrowser.dll (API version 3709383).
LogModuleManager: Display: Found up-to-date module file ../../../Engine/Plugins/Editor/SpeedTreeImporter/Binaries/Win64/UE4Editor-SpeedTreeImporter.dll (API version 3709383).
LogModuleManager: Display: Found up-to-date module file ../../../Engine/Plugins/Experimental/AlembicImporter/Binaries/Win64/UE4Editor-AlembicImporter.dll (API version 3709383).
LogModuleManager: Display: Found up-to-date module file ../../../Engine/Plugins/Experimental/AlembicImporter/Binaries/Win64/UE4Editor-AlembicLibrary.dll (API version 3709383).
LogModuleManager: Display: Found up-to-date module file ../../../Engine/Plugins/Experimental/CharacterAI/Binaries/Win64/UE4Editor-CharacterAI.dll (API version 3709383).
LogModuleManager: Display: Found up-to-date module file ../../../Engine/Plugins/Experimental/HTML5Networking/Binaries/Win64/UE4Editor-HTML5Networking.dll (API version 3709383).
LogModuleManager: Display: Found up-to-date module file ../../../Engine/Plugins/Media/AndroidMedia/Binaries/Win64/UE4Editor-AndroidMediaEditor.dll (API version 3709383).
LogModuleManager: Display: Found up-to-date module file ../../../Engine/Plugins/Media/AndroidMedia/Binaries/Win64/UE4Editor-AndroidMediaFactory.dll (API version 3709383).
LogModuleManager: Display: Found up-to-date module file ../../../Engine/Plugins/Media/AvfMedia/Binaries/Win64/UE4Editor-AvfMediaEditor.dll (API version 3709383).
LogModuleManager: Display: Found up-to-date module file ../../../Engine/Plugins/Media/AvfMedia/Binaries/Win64/UE4Editor-AvfMediaFactory.dll (API version 3709383).
LogModuleManager: Display: Found up-to-date module file ../../../Engine/Plugins/Media/AvfMedia/Binaries/Win64/UE4Editor-AvfMediaFactory.dll (API version 3709383).
LogModuleManager: Display: Found up-to-date module file ../../../Engine/Plugins/Media/ImgMedia/Binaries/Win64/UE4Editor-ImgMedia.dll (API version 3709383).
LogModuleManager: Display: Found up-to-date module file ../../../Engine/Plugins/Media/ImgMedia/Binaries/Win64/UE4Editor-ImgMediaEditor.dll (API version 3709383).
LogModuleManager: Display: Found up-to-date module file ../../../Engine/Plugins/Media/ImgMedia/Binaries/Win64/UE4Editor-ImgMediaFactory.dll (API version 3709383).
LogModuleManager: Display: Found up-to-date module file ../../../Engine/Plugins/Media/ImgMedia/Binaries/Win64/UE4Editor-ImgMediaFactory.dll (API version 3709383).
LogModuleManager: Display: Found up-to-date module file ../../../Engine/Plugins/Media/ImgMedia/Binaries/Win64/UE4Editor-OpenExrWrapper.dll (API version 3709383).
LogModuleManager: Display: Found up-to-date module file ../../../Engine/Plugins/Media/MediaCompositing/Binaries/Win64/UE4Editor-MediaCompositing.dll (API version 3709383).
LogModuleManager: Display: Found up-to-date module file ../../../Engine/Plugins/Media/MediaCompositing/Binaries/Win64/UE4Editor-MediaCompositingEditor.dll (API version 3709383).
LogModuleManager: Display: Found up-to-date module file ../../../Engine/Plugins/Media/MediaPlayerEditor/Binaries/Win64/UE4Editor-MediaPlayerEditor.dll (API version 3709383).
LogModuleManager: Display: Found up-to-date module file ../../../Engine/Plugins/Media/WmfMedia/Binaries/Win64/UE4Editor-WmfMedia.dll (API version 3709383).
LogModuleManager: Display: Found up-to-date module file ../../../Engine/Plugins/Media/WmfMedia/Binaries/Win64/UE4Editor-WmfMediaEditor.dll (API version 3709383).
LogModuleManager: Display: Found up-to-date module file ../../../Engine/Plugins/Media/WmfMedia/Binaries/Win64/UE4Editor-WmfMediaFactory.dll (API version 3709383).
LogModuleManager: Display: Found up-to-date module file ../../../Engine/Plugins/Media/WmfMedia/Binaries/Win64/UE4Editor-WmfMediaFactory.dll (API version 3709383).
LogModuleManager: Display: Found up-to-date module file ../../../Engine/Plugins/Messaging/TcpMessaging/Binaries/Win64/UE4Editor-TcpMessaging.dll (API version 3709383).
LogModuleManager: Display: Found up-to-date module file ../../../Engine/Plugins/Messaging/UdpMessaging/Binaries/Win64/UE4Editor-UdpMessaging.dll (API version 3709383).
LogModuleManager: Display: Found up-to-date module file ../../../Engine/Plugins/MovieScene/ActorSequence/Binaries/Win64/UE4Editor-ActorSequence.dll (API version 3709383).
LogModuleManager: Display: Found up-to-date module file ../../../Engine/Plugins/MovieScene/LevelSequenceEditor/Binaries/Win64/UE4Editor-LevelSequenceEditor.dll (API version 3709383).
LogModuleManager: Display: Found up-to-date module file ../../../Engine/Plugins/MovieScene/MatineeToLevelSequence/Binaries/Win64/UE4Editor-MatineeToLevelSequence.dll (API version 3709383).
LogModuleManager: Display: Found up-to-date module file ../../../Engine/Plugins/Online/OnlineSubsystem/Binaries/Win64/UE4Editor-OnlineSubsystem.dll (API version 3709383).
LogModuleManager: Display: Found up-to-date module file ../../../Engine/Plugins/Online/OnlineSubsystemNull/Binaries/Win64/UE4Editor-OnlineSubsystemNull.dll (API version 3709383).
LogModuleManager: Display: Found up-to-date module file ../../../Engine/Plugins/Online/OnlineSubsystemUtils/Binaries/Win64/UE4Editor-OnlineSubsystemUtils.dll (API version 3709383).
LogModuleManager: Display: Found up-to-date module file ../../../Engine/Plugins/Online/OnlineSubsystemUtils/Binaries/Win64/UE4Editor-OnlineBlueprintSupport.dll (API version 3709383).
LogModuleManager: Display: Found up-to-date module file ../../../Engine/Plugins/Runtime/AndroidDeviceProfileSelector/Binaries/Win64/UE4Editor-AndroidDeviceProfileSelector.dll (API version 3709383).
LogModuleManager: Display: Found up-to-date module file ../../../Engine/Plugins/Runtime/AndroidPermission/Binaries/Win64/UE4Editor-AndroidPermission.dll (API version 3709383).
LogModuleManager: Display: Found up-to-date module file ../../../Engine/Plugins/Runtime/AppleARKit/Binaries/Win64/UE4Editor-AppleARKit.dll (API version 3709383).
LogModuleManager: Display: Found up-to-date module file ../../../Engine/Plugins/Runtime/ArchVisCharacter/Binaries/Win64/UE4Editor-ArchVisCharacter.dll (API version 3709383).
LogModuleManager: Display: Found up-to-date module file ../../../Engine/Plugins/Runtime/CableComponent/Binaries/Win64/UE4Editor-CableComponent.dll (API version 3709383).
LogModuleManager: Display: Found up-to-date module file ../../../Engine/Plugins/Runtime/CustomMeshComponent/Binaries/Win64/UE4Editor-CustomMeshComponent.dll (API version 3709383).
LogModuleManager: Display: Found up-to-date module file ../../../Engine/Plugins/Runtime/ExampleDeviceProfileSelector/Binaries/Win64/UE4Editor-ExampleDeviceProfileSelector.dll (API version 3709383).
LogModuleManager: Display: Found up-to-date module file ../../../Engine/Plugins/Runtime/ImmediatePhysics/Binaries/Win64/UE4Editor-ImmediatePhysics.dll (API version 3709383).
LogModuleManager: Display: Found up-to-date module file ../../../Engine/Plugins/Runtime/ImmediatePhysics/Binaries/Win64/UE4Editor-ImmediatePhysicsEditor.dll (API version 3709383).
LogModuleManager: Display: Found up-to-date module file ../../../Engine/Plugins/Runtime/LocationServicesBPLibrary/Binaries/Win64/UE4Editor-LocationServicesBPLibrary.dll (API version 3709383).
LogModuleManager: Display: Found up-to-date module file ../../../Engine/Plugins/Runtime/MobilePatchingUtils/Binaries/Win64/UE4Editor-MobilePatchingUtils.dll (API version 3709383).
LogModuleManager: Display: Found up-to-date module file ../../../Engine/Plugins/Runtime/Oculus/OculusVR/Binaries/Win64/UE4Editor-OculusHMD.dll (API version 3709383).
LogModuleManager: Display: Found up-to-date module file ../../../Engine/Plugins/Runtime/Oculus/OculusVR/Binaries/Win64/UE4Editor-OculusInput.dll (API version 3709383).
LogModuleManager: Display: Found up-to-date module file ../../../Engine/Plugins/Runtime/Oculus/OculusVR/Binaries/Win64/UE4Editor-OculusEditor.dll (API version 3709383).
LogModuleManager: Display: Found up-to-date module file ../../../Engine/Plugins/Runtime/PhysXVehicles/Binaries/Win64/UE4Editor-PhysXVehicles.dll (API version 3709383).
LogModuleManager: Display: Found up-to-date module file ../../../Engine/Plugins/Runtime/PhysXVehicles/Binaries/Win64/UE4Editor-PhysXVehiclesEditor.dll (API version 3709383).
LogModuleManager: Display: Found up-to-date module file ../../../Engine/Plugins/Runtime/ProceduralMeshComponent/Binaries/Win64/UE4Editor-ProceduralMeshComponent.dll (API version 3709383).
LogModuleManager: Display: Found up-to-date module file ../../../Engine/Plugins/Runtime/ProceduralMeshComponent/Binaries/Win64/UE4Editor-ProceduralMeshComponentEditor.dll (API version 3709383).
LogModuleManager: Display: Found up-to-date module file ../../../Engine/Plugins/Runtime/RuntimePhysXCooking/Binaries/Win64/UE4Editor-RuntimePhysXCooking.dll (API version 3709383).
LogModuleManager: Display: Found up-to-date module file ../../../Engine/Plugins/Runtime/Steam/SteamVR/Binaries/Win64/UE4Editor-SteamVR.dll (API version 3709383).
LogModuleManager: Display: Found up-to-date module file ../../../Engine/Plugins/Runtime/Steam/SteamVR/Binaries/Win64/UE4Editor-SteamVRController.dll (API version 3709383).
LogModuleManager: Display: Found up-to-date module file ../../../Engine/Plugins/Runtime/WindowsMoviePlayer/Binaries/Win64/UE4Editor-WindowsMoviePlayer.dll (API version 3709383).
LogInit: Using libcurl 7.47.1
LogInit:  - built for x86_64-pc-win32
LogInit:  - supports SSL with OpenSSL/1.0.2g
LogInit:  - supports HTTP deflate (compression) using libz 1.2.8
LogInit:  - other features:
LogInit:      CURL_VERSION_SSL
LogInit:      CURL_VERSION_LIBZ
LogInit:      CURL_VERSION_IPV6
LogInit:      CURL_VERSION_ASYNCHDNS
LogInit:      CURL_VERSION_LARGEFILE
LogInit:      CURL_VERSION_IDN
LogInit:  CurlRequestOptions (configurable via config and command line):
LogInit:  - bVerifyPeer = false  - Libcurl will NOT verify peer certificate
LogInit:  - bUseHttpProxy = false  - Libcurl will NOT use HTTP proxy
LogInit:  - bDontReuseConnections = false  - Libcurl will reuse connections
LogInit:  - CertBundlePath = nullptr  - Libcurl will use whatever was configured at build time.
LogInit: Build: ++UE4+Release-4.18-CL-3832480
LogInit: Engine Version: 4.18.3-3832480+++UE4+Release-4.18
LogInit: Compatible Engine Version: 4.18.0-3709383+++UE4+Release-4.18
LogInit: Net CL: 3709383
LogDevObjectVersion: Number of dev versions registered: 16
LogDevObjectVersion:   Dev-Blueprints (B0D832E4-1F89-4F0D-ACCF-7EB736FD4AA2): 10
LogDevObjectVersion:   Dev-Build (E1C64328-A22C-4D53-A36C-8E866417BD8C): 0
LogDevObjectVersion:   Dev-Core (375EC13C-06E4-48FB-B500-84F0262A717E): 2
LogDevObjectVersion:   Dev-Editor (E4B068ED-F494-42E9-A231-DA0B2E46BB41): 20
LogDevObjectVersion:   Dev-Framework (CFFC743F-43B0-4480-9391-14DF171D2073): 30
LogDevObjectVersion:   Dev-Mobile (B02B49B5-BB20-44E9-A304-32B752E40360): 0
LogDevObjectVersion:   Dev-Networking (A4E4105C-59A1-49B5-A7C5-40C4547EDFEE): 0
LogDevObjectVersion:   Dev-Online (39C831C9-5AE6-47DC-9A44-9C173E1C8E7C): 0
LogDevObjectVersion:   Dev-Physics (78F01B33-EBEA-4F98-B9B4-84EACCB95AA2): 0
LogDevObjectVersion:   Dev-Platform (6631380F-2D4D-43E0-8009-CF276956A95A): 0
LogDevObjectVersion:   Dev-Rendering (12F88B9F-8875-4AFC-A67C-D90C383ABD29): 20
LogDevObjectVersion:   Dev-Sequencer (7B5AE74C-D270-4C10-A958-57980B212A5A): 4
LogDevObjectVersion:   Dev-VR (D7296918-1DD6-4BDD-9DE2-64A83CC13884): 0
LogDevObjectVersion:   Dev-LoadTimes (C2A15278-BFE7-4AFE-6C17-90FF531DF755): 1
LogDevObjectVersion:   Private-Geometry (6EACA3D4-40EC-4CC1-B786-8BED09428FC5): 1
LogDevObjectVersion:   Dev-AnimPhys (29E575DD-E0A3-4627-9D10-D276232CDCEA): 12
LogInit: Compiled (64-bit): Jan 12 2018 02:04:55
LogInit: Compiled with Visual C++: 19.00.24215.01
LogInit: Build Configuration: Development
LogInit: Branch Name: ++UE4+Release-4.18
LogInit: Command line:  
LogInit: Base directory: C:/Program Files/Epic Games/UE_4.18/Engine/Binaries/Win64/
LogInit: Installed Engine Build: 1
LogInit: Presizing for max 8388607 objects, including 0 objects not considered by GC, pre-allocating 0 bytes for permanent pool.
LogInit: Object subsystem initialized
[2018.05.25-18.16.47:919][  0]LogInit: Selected Device Profile: [Windows]
[2018.05.25-18.16.47:919][  0]LogInit: Applying CVar settings loaded from the selected device profile: [Windows]
[2018.05.25-18.16.47:963][  0]LogInit: Computer: DESKTOP-DG7KHEC
[2018.05.25-18.16.47:963][  0]LogInit: User: steph
[2018.05.25-18.16.47:963][  0]LogInit: CPU Page size=4096, Cores=2
[2018.05.25-18.16.47:963][  0]LogInit: High frequency timer resolution =2.533316 MHz
[2018.05.25-18.16.47:963][  0]LogMemory: Memory total: Physical=7.8GB (8GB approx)
[2018.05.25-18.16.47:964][  0]LogMemory: Platform Memory Stats for Windows
[2018.05.25-18.16.47:964][  0]LogMemory: Process Physical Memory: 271.18 MB used, 271.18 MB peak
[2018.05.25-18.16.47:964][  0]LogMemory: Process Virtual Memory: 269.27 MB used, 269.27 MB peak
[2018.05.25-18.16.47:964][  0]LogMemory: Physical Memory: 7283.36 MB used,  728.09 MB free, 8011.45 MB total
[2018.05.25-18.16.47:964][  0]LogMemory: Virtual Memory: 673.48 MB used,  728.09 MB free, 134217728.00 MB total
[2018.05.25-18.16.48:416][  0]LogInit: Using OS detected language (de-DE).
[2018.05.25-18.16.48:416][  0]LogInit: Using OS detected locale (de-DE).
[2018.05.25-18.16.48:506][  0]LogTextLocalizationManager: No localization for 'de-DE' exists, so 'en' will be used for the language.
[2018.05.25-18.16.48:508][  0]LogTextLocalizationManager: No localization for 'de-DE' exists, so 'en' will be used for the locale.
[2018.05.25-18.16.49:280][  0]LogInit: Setting process to per monitor DPI aware
[2018.05.25-18.16.53:521][  0]LogD3D11RHI: D3D11 adapters:
[2018.05.25-18.16.53:528][  0]LogD3D11RHI:    0. 'Intel(R) HD Graphics 4000' (Feature Level 11_0)
[2018.05.25-18.16.53:529][  0]LogD3D11RHI:       32/0/1760 MB DedicatedVideo/DedicatedSystem/SharedSystem, Outputs:1, VendorId:0x8086
[2018.05.25-18.16.53:533][  0]LogD3D11RHI:    1. 'Microsoft Basic Render Driver' (Feature Level 11_0)
[2018.05.25-18.16.53:533][  0]LogD3D11RHI:       0/0/4005 MB DedicatedVideo/DedicatedSystem/SharedSystem, Outputs:0, VendorId:0x1414
[2018.05.25-18.16.53:533][  0]LogD3D11RHI: Chosen D3D11 Adapter: 0
[2018.05.25-18.16.53:546][  0]LogD3D11RHI: Creating new Direct3DDevice
[2018.05.25-18.16.53:546][  0]LogD3D11RHI:     GPU DeviceId: 0x166 (for the marketing name, search the web for "GPU Device Id")
[2018.05.25-18.16.53:546][  0]LogWindows: EnumDisplayDevices:
[2018.05.25-18.16.53:547][  0]LogWindows:    0. 'Intel(R) HD Graphics 4000' (P:1 D:1)
[2018.05.25-18.16.53:547][  0]LogWindows:    1. 'Intel(R) HD Graphics 4000' (P:0 D:0)
[2018.05.25-18.16.53:547][  0]LogWindows:    2. 'Intel(R) HD Graphics 4000' (P:0 D:0)
[2018.05.25-18.16.53:547][  0]LogWindows: DebugString: GetVideoDriverDetailsInvalid PrimaryIsNotTheChoosenAdapter GetVideoDriverDetailsInvalid PrimaryIsNotTheChoosenAdapter GetVideoDriverDetailsInvalid PrimaryIsNotTheChoosenAdapter FoundDriverCount:0 
[2018.05.25-18.16.53:548][  0]LogD3D11RHI:     Adapter Name: Intel(R) HD Graphics 4000
[2018.05.25-18.16.53:548][  0]LogD3D11RHI:   Driver Version: Unknown (internal:Unknown, unified:Unknown)
[2018.05.25-18.16.53:548][  0]LogD3D11RHI:      Driver Date: Unknown
[2018.05.25-18.16.53:548][  0]LogRHI: Texture pool is 638 MB (70% of 912 MB)
[2018.05.25-18.16.53:553][  0]LogD3D11RHI: Async texture creation enabled
[2018.05.25-18.16.53:574][  0]LogD3D11RHI: GPU Timing Frequency: 12.500000 (Debug: 2 0)
[2018.05.25-18.16.53:580][  0]LogShaderCompilers: Guid format shader working directory is -19 characters bigger than the processId version (../../../../../../Users/steph/Documents/Unreal Projects/Recovery/Intermediate/Shaders/WorkingDirectory/27108/).
[2018.05.25-18.16.53:580][  0]LogShaderCompilers: Cleaned the shader compiler working directory 'C:/Users/steph/AppData/Local/Temp/UnrealShaderWorkingDir/80B7105D47D6972526623E9D1C092EEF/'.
[2018.05.25-18.16.53:580][  0]LogShaderCompilers: Display: Using Local Shader Compiler.
[2018.05.25-18.16.57:527][  0]LogTemp: Display: Loaded TP AllDesktopTargetPlatform
[2018.05.25-18.16.57:633][  0]LogTemp: Display: Loaded TP MacClientTargetPlatform
[2018.05.25-18.16.57:738][  0]LogTemp: Display: Loaded TP MacNoEditorTargetPlatform
[2018.05.25-18.16.57:839][  0]LogTemp: Display: Loaded TP MacServerTargetPlatform
[2018.05.25-18.16.57:948][  0]LogTemp: Display: Loaded TP MacTargetPlatform
[2018.05.25-18.16.58:063][  0]LogTemp: Display: Loaded TP WindowsClientTargetPlatform
[2018.05.25-18.16.58:176][  0]LogTemp: Display: Loaded TP WindowsNoEditorTargetPlatform
[2018.05.25-18.16.58:308][  0]LogTemp: Display: Loaded TP WindowsServerTargetPlatform
[2018.05.25-18.16.58:406][  0]LogTemp: Display: Loaded TP WindowsTargetPlatform
[2018.05.25-18.16.58:515][  0]LogTemp: Display: Loaded TP Android_ASTCTargetPlatform
[2018.05.25-18.16.58:618][  0]LogTemp: Display: Loaded TP Android_ATCTargetPlatform
[2018.05.25-18.16.58:725][  0]LogTemp: Display: Loaded TP Android_DXTTargetPlatform
[2018.05.25-18.16.58:828][  0]LogTemp: Display: Loaded TP Android_ETC1TargetPlatform
[2018.05.25-18.16.58:942][  0]LogTemp: Display: Loaded TP Android_ETC2TargetPlatform
[2018.05.25-18.16.59:208][  0]LogTemp: Display: Loaded TP Android_MultiTargetPlatform
[2018.05.25-18.16.59:208][  0]LogTemp: Display: Loaded TP Android_PVRTCTargetPlatform
[2018.05.25-18.16.59:324][  0]LogTemp: Display: Loaded TP AndroidTargetPlatform
[2018.05.25-18.16.59:415][  0]LogTemp: Display: Loaded TP HTML5TargetPlatform
[2018.05.25-18.16.59:591][  0]LogTemp: Display: Loaded TP IOSTargetPlatform
[2018.05.25-18.16.59:648][  0]LogTemp: Display: Loaded TP TVOSTargetPlatform
[2018.05.25-18.16.59:772][  0]LogTemp: Display: Loaded TP LinuxClientTargetPlatform
[2018.05.25-18.16.59:872][  0]LogTemp: Display: Loaded TP LinuxNoEditorTargetPlatform
[2018.05.25-18.16.59:976][  0]LogTemp: Display: Loaded TP LinuxServerTargetPlatform
[2018.05.25-18.17.00:114][  0]LogTemp: Display: Loaded TP LinuxTargetPlatform
[2018.05.25-18.17.00:114][  0]LogTargetPlatformManager: Display: Building Assets For Windows
[2018.05.25-18.17.01:605][  0]LogDerivedDataCache: Display: Max Cache Size: 512 MB
[2018.05.25-18.17.02:064][  0]LogDerivedDataCache: Loaded boot cache 0.46s 82MB C:/Users/steph/AppData/Local/UnrealEngine/4.18/DerivedDataCache/Boot.ddc.
[2018.05.25-18.17.02:064][  0]LogDerivedDataCache: Display: Loaded Boot cache: C:/Users/steph/AppData/Local/UnrealEngine/4.18/DerivedDataCache/Boot.ddc
[2018.05.25-18.17.02:065][  0]LogDerivedDataCache: FDerivedDataBackendGraph:  Pak pak cache file ../../../../../../Users/steph/Documents/Unreal Projects/Recovery/DerivedDataCache/DDC.ddp not found, will not use a pak cache.
[2018.05.25-18.17.02:065][  0]LogDerivedDataCache: Unable to find inner node Pak for hierarchical cache Hierarchy.
[2018.05.25-18.17.02:065][  0]LogDerivedDataCache: FDerivedDataBackendGraph:  CompressedPak pak cache file ../../../../../../Users/steph/Documents/Unreal Projects/Recovery/DerivedDataCache/Compressed.ddp not found, will not use a pak cache.
[2018.05.25-18.17.02:065][  0]LogDerivedDataCache: Unable to find inner node CompressedPak for hierarchical cache Hierarchy.
[2018.05.25-18.17.02:112][  0]LogDerivedDataCache: Display: Pak cache opened for reading ../../../Engine/DerivedDataCache/Compressed.ddp.
[2018.05.25-18.17.02:129][  0]LogDerivedDataCache: Using Local data cache path C:/Users/steph/AppData/Local/UnrealEngine/Common/DerivedDataCache: Writable
[2018.05.25-18.17.02:157][  0]LogMaterial: Verifying Global Shaders for PCD3D_SM5
[2018.05.25-18.17.02:162][  0]LogSlate: Using Freetype 2.6.0
[2018.05.25-18.17.02:193][  0]LogSlate: SlateFontCache - WITH_FREETYPE: 1, WITH_HARFBUZZ: 1
[2018.05.25-18.17.02:193][  0]LogSlate: SlateFontCache - WITH_FREETYPE: 1, WITH_HARFBUZZ: 1
[2018.05.25-18.17.03:839][  0]LogInit: Selected Device Profile: [Windows]
[2018.05.25-18.17.04:954][  0]LogSimplygon: Simplygon DLL not present - disabling.
[2018.05.25-18.17.05:073][  0]LogMeshReduction: Using SimplygonSwarm for distributed automatic mesh merging
[2018.05.25-18.17.05:074][  0]LogMeshReduction: Using QuadricMeshReduction for automatic static mesh reduction
[2018.05.25-18.17.05:074][  0]LogMeshReduction: No automatic skeletal mesh reduction module available
[2018.05.25-18.17.05:074][  0]LogMeshReduction: No automatic mesh merging module available
[2018.05.25-18.17.05:074][  0]LogMeshMerging: No automatic mesh merging module available
[2018.05.25-18.17.05:197][  0]LogNetVersion: Recovery , NetCL: 3709383, EngineNetVer: 2, GameNetVer: 0 (Checksum: 427405547)
[2018.05.25-18.17.05:861][  0]LogAssetRegistry: FAssetRegistry took 0.0340 seconds to start up
[2018.05.25-18.17.08:378][  0]LogPackageLocalizationCache: Processed 7 localized package path(s) for 1 prioritized culture(s) in 0.193578 seconds
[2018.05.25-18.17.08:392][  0]LogUObjectArray: 35870 objects as part of root set at end of initial load.
[2018.05.25-18.17.08:392][  0]LogUObjectAllocator: 7363696 out of 0 bytes used by permanent object pool.
[2018.05.25-18.17.08:392][  0]LogUObjectArray: CloseDisregardForGC: 0/0 objects in disregard for GC pool
[2018.05.25-18.17.08:617][  0]LogInit: WinSock: version 1.1 (2.2), MaxSocks=32767, MaxUdp=65467
[2018.05.25-18.17.27:905][  0]LogTcpMessaging: Initializing TcpMessaging bridge
[2018.05.25-18.17.28:018][  0]LogUdpMessaging: Initializing bridge on interface 0.0.0.0:0 to multicast group 230.0.0.1:6666.
[2018.05.25-18.17.32:294][  0]LogMaterial: Uniform references updated for custom material expression Custom.
[2018.05.25-18.17.34:217][  0]SourceControl: Source control is disabled
[2018.05.25-18.17.34:218][  0]SourceControl: Source control is disabled
[2018.05.25-18.17.34:413][  0]SourceControl: Source control is disabled
[2018.05.25-18.17.34:602][  0]SourceControl: Source control is disabled
[2018.05.25-18.17.37:810][  0]LogAndroidPermission: UAndroidPermissionCallbackProxy::GetInstance
[2018.05.25-18.17.38:803][  0]LogOcInput: OculusInput pre-init called
[2018.05.25-18.17.39:771][  0]LogEngine: Initializing Engine...
[2018.05.25-18.17.39:784][  0]LogHMD: Failed to initialize OpenVR with code 110
[2018.05.25-18.17.41:019][  0]LogStats: UGameplayTagsManager::ConstructGameplayTagTree: Construct from data asset -  0.000 s
[2018.05.25-18.17.41:020][  0]LogStats: UGameplayTagsManager::ConstructGameplayTagTree: GameplayTagTreeChangedEvent.Broadcast -  0.000 s
[2018.05.25-18.17.42:891][  0]LogAIModule: Creating AISystem for world Untitled
[2018.05.25-18.17.43:217][  0]LogInit: XAudio2 using 'Lautsprecher/Kopfhörer (Realtek High Definition Audio)' : 2 channels at 48 kHz using 32 bits per sample (channel mask 0x3)
[2018.05.25-18.17.43:623][  0]LogInit: FAudioDevice initialized.
[2018.05.25-18.17.43:998][  0]LogDerivedDataCache: Saved boot cache 0.32s 82MB C:/Users/steph/AppData/Local/UnrealEngine/4.18/DerivedDataCache/Boot.ddc.
[2018.05.25-18.17.44:206][  0]LogInit: Texture streaming: Enabled
[2018.05.25-18.17.44:995][  0]LogEngineSessionManager: EngineSessionManager initialized
[2018.05.25-18.17.44:996][  0]LogEngineSessionManager: EngineSessionManager sent abnormal shutdown report. Type=Debugger, SessionId={354F4166-4396-1734-A5E8-DFB98F565911}
[2018.05.25-18.17.45:948][  0]LogInit: Transaction tracking system initialized
[2018.05.25-18.17.48:984][  0]BlueprintLog: New page: Editor Load
[2018.05.25-18.17.59:295][  0]LocalizationService: Localization service is disabled
[2018.05.25-18.18.02:475][  0]LogConsoleResponse: Display: 
[2018.05.25-18.18.03:569][  0]LogCook: Display: Max memory allowance for cook 16384mb min free memory 0mb
[2018.05.25-18.18.03:570][  0]LogCook: Display: Mobile HDR setting 1
[2018.05.25-18.18.03:571][  0]LogGameplayTags: Display: UGameplayTagsManager::DoneAddingNativeTags. DelegateIsBound: 0
[2018.05.25-18.18.03:952][  0]LogFileCache: Scanning file cache for directory 'C:/Users/steph/Documents/Unreal Projects/Recovery/Content/' took 0.03s
[2018.05.25-18.18.06:686][  0]SourceControl: Source control is disabled
[2018.05.25-18.18.06:688][  0]Cmd: MAP LOAD FILE="../../../../../../Users/steph/Documents/Unreal Projects/Recovery/Content/FirstPersonCPP/Maps/FirstPersonExampleMap.umap" TEMPLATE=0 SHOWPROGRESS=1 FEATURELEVEL=3
[2018.05.25-18.18.06:698][  0]LightingResults: New page: Lighting Build
[2018.05.25-18.18.06:818][  0]MapCheck: New page: Map Check
[2018.05.25-18.18.06:818][  0]LightingResults: New page: Lighting Build
[2018.05.25-18.18.07:525][  0]LogAIModule: Creating AISystem for world FirstPersonExampleMap
[2018.05.25-18.18.07:615][  0]LogEditorServer: Finished looking for orphan Actors (0.000 secs)
[2018.05.25-18.18.07:647][  0]Cmd: MAP CHECKDEP NOCLEARLOG
[2018.05.25-18.18.07:767][  0]MapCheck: Map check complete: 0 Error(s), 0 Warning(s), took 119.276ms to complete.
[2018.05.25-18.18.07:767][  0]LogFileHelpers: Loading map 'FirstPersonExampleMap' took 1.080
[2018.05.25-18.18.08:149][  0]LogCollectionManager: Loaded 0 collections in 0.002499 seconds
[2018.05.25-18.18.08:298][  0]LogFileCache: Scanning file cache for directory 'C:/Users/steph/Documents/Unreal Projects/Recovery/Saved/Collections/' took 0.01s
[2018.05.25-18.18.08:298][  0]LogFileCache: Scanning file cache for directory 'C:/Users/steph/Documents/Unreal Projects/Recovery/Content/Developers/steph/Collections/' took 0.01s
[2018.05.25-18.18.08:298][  0]LogFileCache: Scanning file cache for directory 'C:/Users/steph/Documents/Unreal Projects/Recovery/Content/Collections/' took 0.01s
[2018.05.25-18.18.08:298][  0]LogCollectionManager: Rebuilt the GUID cache for 0 collections in 0.000000 seconds
[2018.05.25-18.18.08:323][  0]LogContentBrowser: Native class hierarchy populated in 0.0234 seconds. Added 2374 classes and 521 folders.
[2018.05.25-18.18.08:480][  0]LogContentBrowser: Native class hierarchy updated for 'WidgetCarousel' in 0.0009 seconds. Added 0 classes and 0 folders.
[2018.05.25-18.18.09:040][  0]LogContentBrowser: Native class hierarchy updated for 'AddContentDialog' in 0.0013 seconds. Added 0 classes and 0 folders.
[2018.05.25-18.18.09:153][  0]LogContentBrowser: Native class hierarchy updated for 'SceneOutliner' in 0.0010 seconds. Added 1 classes and 2 folders.
[2018.05.25-18.18.09:494][  0]LogSlate: Took 0.009694 seconds to synchronously load lazily loaded font '../../../Engine/Content/Slate/Fonts/Roboto-Regular.ttf' (155K)
[2018.05.25-18.18.09:504][  0]LogSlate: Took 0.006439 seconds to synchronously load lazily loaded font '../../../Engine/Content/Slate/Fonts/Roboto-Bold.ttf' (160K)
[2018.05.25-18.18.09:523][  0]LogSlate: Took 0.008999 seconds to synchronously load lazily loaded font '../../../Engine/Content/Editor/Slate/Fonts/FontAwesome.ttf' (139K)
[2018.05.25-18.18.09:776][  0]LogRenderer: Reallocating scene render targets to support 784x372 Format 10 NumSamples 1 (Frame:1).
[2018.05.25-18.18.10:830][  0]LogContentBrowser: Native class hierarchy updated for 'HierarchicalLODOutliner' in 0.0010 seconds. Added 1 classes and 2 folders.
[2018.05.25-18.18.10:830][  0]LogLoad: (Engine Initialization) Total time: 90.68 seconds
[2018.05.25-18.18.10:830][  0]LogLoad: (Engine Initialization) Total Blueprint compile time: 0.00 seconds
[2018.05.25-18.18.10:831][  0]LogExternalProfiler: No external profilers were discovered.  External profiling features will not be available.
[2018.05.25-18.18.11:211][  0]LogContentStreaming: Texture pool size now 1000 MB
[2018.05.25-18.18.11:270][  0]LogSlate: Took 0.008142 seconds to synchronously load lazily loaded font '../../../Engine/Content/Slate/Fonts/Roboto-Light.ttf' (159K)
[2018.05.25-18.18.13:659][  7]LogAssetRegistry: Asset discovery search completed in 67.8228 seconds
[2018.05.25-18.18.13:663][  7]LogCollectionManager: Rebuilt the object cache for 0 collections in 0.000000 seconds (found 0 objects)
[2018.05.25-18.18.13:663][  7]LogCollectionManager: Fixed up redirectors for 0 collections in 0.000386 seconds (updated 0 objects)
[2018.05.25-18.18.48:811][529]LogSlate: Took 0.000209 seconds to synchronously load lazily loaded font '../../../Engine/Content/Slate/Fonts/Roboto-Light.ttf' (159K)
[2018.05.25-18.18.49:445][529]LogSlate: Took 0.000214 seconds to synchronously load lazily loaded font '../../../Engine/Content/Slate/Fonts/Roboto-Regular.ttf' (155K)
[2018.05.25-18.18.49:746][529]LogContentBrowser: Native class hierarchy updated for 'BlueprintGraph' in 0.0019 seconds. Added 116 classes and 0 folders.
[2018.05.25-18.18.51:562][529]LogSlate: Took 0.000227 seconds to synchronously load lazily loaded font '../../../Engine/Content/Slate/Fonts/Roboto-Light.ttf' (159K)
[2018.05.25-18.18.51:569][529]LogSlate: Took 0.006300 seconds to synchronously load lazily loaded font '../../../Engine/Content/Editor/Slate/Fonts/Roboto-BoldCondensed.ttf' (158K)
[2018.05.25-18.20.41:577][963]BlueprintLog: New page: Compile KeypadWidget
[2018.05.25-18.20.42:546][  7]Cmd: OBJ SAVEPACKAGE PACKAGE="/Game/Widgets/KeypadWidget" FILE="../../../../../../Users/steph/Documents/Unreal Projects/Recovery/Content/Widgets/KeypadWidget.uasset" SILENT=true
[2018.05.25-18.20.42:615][  7]LogSavePackage: Save=48.44ms
[2018.05.25-18.20.42:616][  7]LogSavePackage: Moving '../../../../../../Users/steph/Documents/Unreal Projects/Recovery/Saved/KeypadWidget21C4854D4DD620789FC939B684C631A2.tmp' to '../../../../../../Users/steph/Documents/Unreal Projects/Recovery/Content/Widgets/KeypadWidget.uasset'
[2018.05.25-18.20.42:628][  7]LogSavePackage: Display: Finished SavePackage ../../../../../../Users/steph/Documents/Unreal Projects/Recovery/Content/Widgets/KeypadWidget.uasset
[2018.05.25-18.20.43:968][ 85]LogTemp: Repeating last play command: Selected Viewport
[2018.05.25-18.20.44:057][ 85]LogBlueprintUserMessages: Early PlayInEditor Detection: Level '/Game/FirstPersonCPP/Maps/FirstPersonExampleMap.FirstPersonExampleMap:PersistentLevel' has LevelScriptBlueprint '/Game/FirstPersonCPP/Maps/FirstPersonExampleMap.FirstPersonExampleMap:PersistentLevel.FirstPersonExampleMap' with GeneratedClass '/Game/FirstPersonCPP/Maps/FirstPersonExampleMap.FirstPersonExampleMap_C' with ClassGeneratedBy '/Game/FirstPersonCPP/Maps/FirstPersonExampleMap.FirstPersonExampleMap:PersistentLevel.FirstPersonExampleMap'
[2018.05.25-18.20.44:059][ 85]LogPlayLevel: PlayLevel: No blueprints needed recompiling
[2018.05.25-18.20.44:072][ 85]PIE: New page: PIE session: FirstPersonExampleMap (May 25, 2018, 10:20:44 PM)
[2018.05.25-18.20.44:073][ 85]LogPlayLevel: Creating play world package: /Game/FirstPersonCPP/Maps/UEDPIE_0_FirstPersonExampleMap
[2018.05.25-18.20.44:116][ 85]LogPlayLevel: PIE: StaticDuplicateObject took: (0.043639s)
[2018.05.25-18.20.44:117][ 85]LogAIModule: Creating AISystem for world FirstPersonExampleMap
[2018.05.25-18.20.44:119][ 85]LogPlayLevel: PIE: World Init took: (0.002023s)
[2018.05.25-18.20.44:120][ 85]LogPlayLevel: PIE: Created PIE world by copying editor world from /Game/FirstPersonCPP/Maps/FirstPersonExampleMap.FirstPersonExampleMap to /Game/FirstPersonCPP/Maps/UEDPIE_0_FirstPersonExampleMap.FirstPersonExampleMap (0.047447s)
[2018.05.25-18.20.44:158][ 85]LogInit: XAudio2 using 'Lautsprecher/Kopfhörer (Realtek High Definition Audio)' : 2 channels at 48 kHz using 32 bits per sample (channel mask 0x3)
[2018.05.25-18.20.44:189][ 85]LogInit: FAudioDevice initialized.
[2018.05.25-18.20.44:253][ 85]LogLoad: Game class is 'MyGameModeBase'
[2018.05.25-18.20.44:258][ 85]LogWorld: Bringing World /Game/FirstPersonCPP/Maps/UEDPIE_0_FirstPersonExampleMap.FirstPersonExampleMap up for play (max tick rate 60) at 2018.05.25-20.20.44
[2018.05.25-18.20.44:263][ 85]LogWorld: Bringing up level for play took: 0.008713
[2018.05.25-18.20.44:422][ 85]LogContentBrowser: Native class hierarchy updated for 'MovieSceneCapture' in 0.0014 seconds. Added 11 classes and 0 folders.
[2018.05.25-18.20.44:433][ 85]PIE: Play in editor start time for /Game/FirstPersonCPP/Maps/UEDPIE_0_FirstPersonExampleMap 0.254
[2018.05.25-18.20.44:435][ 85]LogBlueprintUserMessages: Late PlayInEditor Detection: Level '/Game/FirstPersonCPP/Maps/FirstPersonExampleMap.FirstPersonExampleMap:PersistentLevel' has LevelScriptBlueprint '/Game/FirstPersonCPP/Maps/FirstPersonExampleMap.FirstPersonExampleMap:PersistentLevel.FirstPersonExampleMap' with GeneratedClass '/Game/FirstPersonCPP/Maps/FirstPersonExampleMap.FirstPersonExampleMap_C' with ClassGeneratedBy '/Game/FirstPersonCPP/Maps/FirstPersonExampleMap.FirstPersonExampleMap:PersistentLevel.FirstPersonExampleMap'
[2018.05.25-18.20.44:605][ 85]LogRenderer: Reallocating scene render targets to support 1292x756 Format 10 NumSamples 1 (Frame:1).
[2018.05.25-18.20.55:068][234]LogTemp: Warning: Button clicked
[2018.05.25-18.20.56:990][263]LogBlueprintUserMessages: Early EndPlayMap Detection: Level '/Game/FirstPersonCPP/Maps/FirstPersonExampleMap.FirstPersonExampleMap:PersistentLevel' has LevelScriptBlueprint '/Game/FirstPersonCPP/Maps/FirstPersonExampleMap.FirstPersonExampleMap:PersistentLevel.FirstPersonExampleMap' with GeneratedClass '/Game/FirstPersonCPP/Maps/FirstPersonExampleMap.FirstPersonExampleMap_C' with ClassGeneratedBy '/Game/FirstPersonCPP/Maps/FirstPersonExampleMap.FirstPersonExampleMap:PersistentLevel.FirstPersonExampleMap'
[2018.05.25-18.20.57:033][263]LogBlueprintUserMessages: Late EndPlayMap Detection: Level '/Game/FirstPersonCPP/Maps/FirstPersonExampleMap.FirstPersonExampleMap:PersistentLevel' has LevelScriptBlueprint '/Game/FirstPersonCPP/Maps/FirstPersonExampleMap.FirstPersonExampleMap:PersistentLevel.FirstPersonExampleMap' with GeneratedClass '/Game/FirstPersonCPP/Maps/FirstPersonExampleMap.FirstPersonExampleMap_C' with ClassGeneratedBy '/Game/FirstPersonCPP/Maps/FirstPersonExampleMap.FirstPersonExampleMap:PersistentLevel.FirstPersonExampleMap'
[2018.05.25-18.21.06:288][793]LogTemp: Repeating last play command: Selected Viewport
[2018.05.25-18.21.06:320][793]LogBlueprintUserMessages: Early PlayInEditor Detection: Level '/Game/FirstPersonCPP/Maps/FirstPersonExampleMap.FirstPersonExampleMap:PersistentLevel' has LevelScriptBlueprint '/Game/FirstPersonCPP/Maps/FirstPersonExampleMap.FirstPersonExampleMap:PersistentLevel.FirstPersonExampleMap' with GeneratedClass '/Game/FirstPersonCPP/Maps/FirstPersonExampleMap.FirstPersonExampleMap_C' with ClassGeneratedBy '/Game/FirstPersonCPP/Maps/FirstPersonExampleMap.FirstPersonExampleMap:PersistentLevel.FirstPersonExampleMap'
[2018.05.25-18.21.06:320][793]LogPlayLevel: PlayLevel: No blueprints needed recompiling
[2018.05.25-18.21.06:320][793]PIE: New page: PIE session: FirstPersonExampleMap (May 25, 2018, 10:21:06 PM)
[2018.05.25-18.21.06:320][793]LogPlayLevel: Creating play world package: /Game/FirstPersonCPP/Maps/UEDPIE_0_FirstPersonExampleMap
[2018.05.25-18.21.06:344][793]LogPlayLevel: PIE: StaticDuplicateObject took: (0.024035s)
[2018.05.25-18.21.06:346][793]LogAIModule: Creating AISystem for world FirstPersonExampleMap
[2018.05.25-18.21.06:346][793]LogPlayLevel: PIE: World Init took: (0.001318s)
[2018.05.25-18.21.06:346][793]LogPlayLevel: PIE: Created PIE world by copying editor world from /Game/FirstPersonCPP/Maps/FirstPersonExampleMap.FirstPersonExampleMap to /Game/FirstPersonCPP/Maps/UEDPIE_0_FirstPersonExampleMap.FirstPersonExampleMap (0.025860s)
[2018.05.25-18.21.06:386][793]LogInit: XAudio2 using 'Lautsprecher/Kopfhörer (Realtek High Definition Audio)' : 2 channels at 48 kHz using 32 bits per sample (channel mask 0x3)
[2018.05.25-18.21.06:402][793]LogInit: FAudioDevice initialized.
[2018.05.25-18.21.06:450][793]LogLoad: Game class is 'MyGameModeBase'
[2018.05.25-18.21.06:454][793]LogWorld: Bringing World /Game/FirstPersonCPP/Maps/UEDPIE_0_FirstPersonExampleMap.FirstPersonExampleMap up for play (max tick rate 60) at 2018.05.25-20.21.06
[2018.05.25-18.21.06:455][793]LogWorld: Bringing up level for play took: 0.004488
[2018.05.25-18.21.06:461][793]PIE: Play in editor start time for /Game/FirstPersonCPP/Maps/UEDPIE_0_FirstPersonExampleMap 0.283
[2018.05.25-18.21.06:462][793]LogBlueprintUserMessages: Late PlayInEditor Detection: Level '/Game/FirstPersonCPP/Maps/FirstPersonExampleMap.FirstPersonExampleMap:PersistentLevel' has LevelScriptBlueprint '/Game/FirstPersonCPP/Maps/FirstPersonExampleMap.FirstPersonExampleMap:PersistentLevel.FirstPersonExampleMap' with GeneratedClass '/Game/FirstPersonCPP/Maps/FirstPersonExampleMap.FirstPersonExampleMap_C' with ClassGeneratedBy '/Game/FirstPersonCPP/Maps/FirstPersonExampleMap.FirstPersonExampleMap:PersistentLevel.FirstPersonExampleMap'
[2018.05.25-18.21.14:256][909]LogTemp: Warning: Button clicked
[2018.05.25-18.21.15:195][924]LogTemp: Warning: Button clicked
[2018.05.25-18.21.20:463][  7]LogBlueprintUserMessages: Early EndPlayMap Detection: Level '/Game/FirstPersonCPP/Maps/FirstPersonExampleMap.FirstPersonExampleMap:PersistentLevel' has LevelScriptBlueprint '/Game/FirstPersonCPP/Maps/FirstPersonExampleMap.FirstPersonExampleMap:PersistentLevel.FirstPersonExampleMap' with GeneratedClass '/Game/FirstPersonCPP/Maps/FirstPersonExampleMap.FirstPersonExampleMap_C' with ClassGeneratedBy '/Game/FirstPersonCPP/Maps/FirstPersonExampleMap.FirstPersonExampleMap:PersistentLevel.FirstPersonExampleMap'
[2018.05.25-18.21.20:501][  7]LogBlueprintUserMessages: Late EndPlayMap Detection: Level '/Game/FirstPersonCPP/Maps/FirstPersonExampleMap.FirstPersonExampleMap:PersistentLevel' has LevelScriptBlueprint '/Game/FirstPersonCPP/Maps/FirstPersonExampleMap.FirstPersonExampleMap:PersistentLevel.FirstPersonExampleMap' with GeneratedClass '/Game/FirstPersonCPP/Maps/FirstPersonExampleMap.FirstPersonExampleMap_C' with ClassGeneratedBy '/Game/FirstPersonCPP/Maps/FirstPersonExampleMap.FirstPersonExampleMap:PersistentLevel.FirstPersonExampleMap'
[2018.05.25-18.22.09:045][535]BlueprintLog: New page: Compile KeypadWidget
[2018.05.25-18.22.09:865][572]Cmd: OBJ SAVEPACKAGE PACKAGE="/Game/Widgets/KeypadWidget" FILE="../../../../../../Users/steph/Documents/Unreal Projects/Recovery/Content/Widgets/KeypadWidget.uasset" SILENT=true
[2018.05.25-18.22.09:913][572]LogSavePackage: Save=41.89ms
[2018.05.25-18.22.09:914][572]LogSavePackage: Moving '../../../../../../Users/steph/Documents/Unreal Projects/Recovery/Saved/KeypadWidget78F2A8C94AA0D851930026AB12DF4128.tmp' to '../../../../../../Users/steph/Documents/Unreal Projects/Recovery/Content/Widgets/KeypadWidget.uasset'
[2018.05.25-18.22.09:922][572]LogSavePackage: Display: Finished SavePackage ../../../../../../Users/steph/Documents/Unreal Projects/Recovery/Content/Widgets/KeypadWidget.uasset
[2018.05.25-18.22.10:805][617]LogTemp: Repeating last play command: Selected Viewport
[2018.05.25-18.22.10:833][617]LogBlueprintUserMessages: Early PlayInEditor Detection: Level '/Game/FirstPersonCPP/Maps/FirstPersonExampleMap.FirstPersonExampleMap:PersistentLevel' has LevelScriptBlueprint '/Game/FirstPersonCPP/Maps/FirstPersonExampleMap.FirstPersonExampleMap:PersistentLevel.FirstPersonExampleMap' with GeneratedClass '/Game/FirstPersonCPP/Maps/FirstPersonExampleMap.FirstPersonExampleMap_C' with ClassGeneratedBy '/Game/FirstPersonCPP/Maps/FirstPersonExampleMap.FirstPersonExampleMap:PersistentLevel.FirstPersonExampleMap'
[2018.05.25-18.22.10:833][617]LogPlayLevel: PlayLevel: No blueprints needed recompiling
[2018.05.25-18.22.10:833][617]PIE: New page: PIE session: FirstPersonExampleMap (May 25, 2018, 10:22:10 PM)
[2018.05.25-18.22.10:834][617]LogPlayLevel: Creating play world package: /Game/FirstPersonCPP/Maps/UEDPIE_0_FirstPersonExampleMap
[2018.05.25-18.22.10:863][617]LogPlayLevel: PIE: StaticDuplicateObject took: (0.029707s)
[2018.05.25-18.22.10:865][617]LogAIModule: Creating AISystem for world FirstPersonExampleMap
[2018.05.25-18.22.10:865][617]LogPlayLevel: PIE: World Init took: (0.001626s)
[2018.05.25-18.22.10:866][617]LogPlayLevel: PIE: Created PIE world by copying editor world from /Game/FirstPersonCPP/Maps/FirstPersonExampleMap.FirstPersonExampleMap to /Game/FirstPersonCPP/Maps/UEDPIE_0_FirstPersonExampleMap.FirstPersonExampleMap (0.031914s)
[2018.05.25-18.22.10:905][617]LogInit: XAudio2 using 'Lautsprecher/Kopfhörer (Realtek High Definition Audio)' : 2 channels at 48 kHz using 32 bits per sample (channel mask 0x3)
[2018.05.25-18.22.10:925][617]LogInit: FAudioDevice initialized.
[2018.05.25-18.22.10:974][617]LogLoad: Game class is 'MyGameModeBase'
[2018.05.25-18.22.10:980][617]LogWorld: Bringing World /Game/FirstPersonCPP/Maps/UEDPIE_0_FirstPersonExampleMap.FirstPersonExampleMap up for play (max tick rate 60) at 2018.05.25-20.22.10
[2018.05.25-18.22.10:981][617]LogWorld: Bringing up level for play took: 0.005666
[2018.05.25-18.22.10:985][617]PIE: Play in editor start time for /Game/FirstPersonCPP/Maps/UEDPIE_0_FirstPersonExampleMap 0.807
[2018.05.25-18.22.10:985][617]LogBlueprintUserMessages: Late PlayInEditor Detection: Level '/Game/FirstPersonCPP/Maps/FirstPersonExampleMap.FirstPersonExampleMap:PersistentLevel' has LevelScriptBlueprint '/Game/FirstPersonCPP/Maps/FirstPersonExampleMap.FirstPersonExampleMap:PersistentLevel.FirstPersonExampleMap' with GeneratedClass '/Game/FirstPersonCPP/Maps/FirstPersonExampleMap.FirstPersonExampleMap_C' with ClassGeneratedBy '/Game/FirstPersonCPP/Maps/FirstPersonExampleMap.FirstPersonExampleMap:PersistentLevel.FirstPersonExampleMap'
[2018.05.25-18.22.19:626][747]LogTemp: Warning: Button clicked
[2018.05.25-18.22.20:696][764]LogTemp: Warning: Button clicked
[2018.05.25-18.22.21:568][778]LogTemp: Warning: Button clicked
[2018.05.25-18.22.22:643][795]LogTemp: Warning: Button clicked
[2018.05.25-18.22.23:398][807]LogTemp: Warning: Button clicked
[2018.05.25-18.22.24:473][824]LogTemp: Warning: Button clicked
[2018.05.25-18.22.25:614][842]LogTemp: Warning: Button clicked
[2018.05.25-18.22.26:188][851]LogTemp: Warning: Button clicked
[2018.05.25-18.22.26:955][863]LogTemp: Warning: Button clicked
[2018.05.25-18.22.27:775][876]LogTemp: Warning: Button clicked
[2018.05.25-18.22.28:528][888]LogTemp: Warning: Button clicked
[2018.05.25-18.22.31:088][928]LogBlueprintUserMessages: Early EndPlayMap Detection: Level '/Game/FirstPersonCPP/Maps/FirstPersonExampleMap.FirstPersonExampleMap:PersistentLevel' has LevelScriptBlueprint '/Game/FirstPersonCPP/Maps/FirstPersonExampleMap.FirstPersonExampleMap:PersistentLevel.FirstPersonExampleMap' with GeneratedClass '/Game/FirstPersonCPP/Maps/FirstPersonExampleMap.FirstPersonExampleMap_C' with ClassGeneratedBy '/Game/FirstPersonCPP/Maps/FirstPersonExampleMap.FirstPersonExampleMap:PersistentLevel.FirstPersonExampleMap'
[2018.05.25-18.22.31:208][928]LogBlueprintUserMessages: Late EndPlayMap Detection: Level '/Game/FirstPersonCPP/Maps/FirstPersonExampleMap.FirstPersonExampleMap:PersistentLevel' has LevelScriptBlueprint '/Game/FirstPersonCPP/Maps/FirstPersonExampleMap.FirstPersonExampleMap:PersistentLevel.FirstPersonExampleMap' with GeneratedClass '/Game/FirstPersonCPP/Maps/FirstPersonExampleMap.FirstPersonExampleMap_C' with ClassGeneratedBy '/Game/FirstPersonCPP/Maps/FirstPersonExampleMap.FirstPersonExampleMap:PersistentLevel.FirstPersonExampleMap'
[2018.05.25-18.22.59:472][517]PIE: UWidget::RemoveFromParent() called on '/Engine/Transient.Button_369' which has no UMG parent (if it was added directly to a native Slate widget via TakeWidget() then it must be removed explicitly rather than via RemoveFromParent())
[2018.05.25-18.22.59:482][517]PIE: UWidget::RemoveFromParent() called on '/Engine/Transient.Button_371' which has no UMG parent (if it was added directly to a native Slate widget via TakeWidget() then it must be removed explicitly rather than via RemoveFromParent())
[2018.05.25-18.22.59:505][518]PIE: UWidget::RemoveFromParent() called on '/Engine/Transient.Button_373' which has no UMG parent (if it was added directly to a native Slate widget via TakeWidget() then it must be removed explicitly rather than via RemoveFromParent())
[2018.05.25-18.22.59:522][519]PIE: UWidget::RemoveFromParent() called on '/Engine/Transient.Button_375' which has no UMG parent (if it was added directly to a native Slate widget via TakeWidget() then it must be removed explicitly rather than via RemoveFromParent())
[2018.05.25-18.22.59:539][520]PIE: UWidget::RemoveFromParent() called on '/Engine/Transient.Button_377' which has no UMG parent (if it was added directly to a native Slate widget via TakeWidget() then it must be removed explicitly rather than via RemoveFromParent())
[2018.05.25-18.22.59:555][521]PIE: UWidget::RemoveFromParent() called on '/Engine/Transient.Button_379' which has no UMG parent (if it was added directly to a native Slate widget via TakeWidget() then it must be removed explicitly rather than via RemoveFromParent())
[2018.05.25-18.22.59:572][522]PIE: UWidget::RemoveFromParent() called on '/Engine/Transient.Button_381' which has no UMG parent (if it was added directly to a native Slate widget via TakeWidget() then it must be removed explicitly rather than via RemoveFromParent())
[2018.05.25-18.22.59:589][523]PIE: UWidget::RemoveFromParent() called on '/Engine/Transient.Button_383' which has no UMG parent (if it was added directly to a native Slate widget via TakeWidget() then it must be removed explicitly rather than via RemoveFromParent())
[2018.05.25-18.22.59:605][524]PIE: UWidget::RemoveFromParent() called on '/Engine/Transient.Button_385' which has no UMG parent (if it was added directly to a native Slate widget via TakeWidget() then it must be removed explicitly rather than via RemoveFromParent())
[2018.05.25-18.22.59:623][525]PIE: UWidget::RemoveFromParent() called on '/Engine/Transient.Button_387' which has no UMG parent (if it was added directly to a native Slate widget via TakeWidget() then it must be removed explicitly rather than via RemoveFromParent())
[2018.05.25-18.22.59:638][526]PIE: UWidget::RemoveFromParent() called on '/Engine/Transient.Button_389' which has no UMG parent (if it was added directly to a native Slate widget via TakeWidget() then it must be removed explicitly rather than via RemoveFromParent())
[2018.05.25-18.22.59:656][527]PIE: UWidget::RemoveFromParent() called on '/Engine/Transient.Button_391' which has no UMG parent (if it was added directly to a native Slate widget via TakeWidget() then it must be removed explicitly rather than via RemoveFromParent())
[2018.05.25-18.22.59:673][528]PIE: UWidget::RemoveFromParent() called on '/Engine/Transient.Button_393' which has no UMG parent (if it was added directly to a native Slate widget via TakeWidget() then it must be removed explicitly rather than via RemoveFromParent())
[2018.05.25-18.22.59:690][529]PIE: UWidget::RemoveFromParent() called on '/Engine/Transient.Button_395' which has no UMG parent (if it was added directly to a native Slate widget via TakeWidget() then it must be removed explicitly rather than via RemoveFromParent())
[2018.05.25-18.22.59:706][530]PIE: UWidget::RemoveFromParent() called on '/Engine/Transient.Button_397' which has no UMG parent (if it was added directly to a native Slate widget via TakeWidget() then it must be removed explicitly rather than via RemoveFromParent())
[2018.05.25-18.22.59:723][531]PIE: UWidget::RemoveFromParent() called on '/Engine/Transient.Button_399' which has no UMG parent (if it was added directly to a native Slate widget via TakeWidget() then it must be removed explicitly rather than via RemoveFromParent())
[2018.05.25-18.22.59:739][532]PIE: UWidget::RemoveFromParent() called on '/Engine/Transient.Button_401' which has no UMG parent (if it was added directly to a native Slate widget via TakeWidget() then it must be removed explicitly rather than via RemoveFromParent())
[2018.05.25-18.22.59:755][533]PIE: UWidget::RemoveFromParent() called on '/Engine/Transient.Button_403' which has no UMG parent (if it was added directly to a native Slate widget via TakeWidget() then it must be removed explicitly rather than via RemoveFromParent())
[2018.05.25-18.22.59:773][534]PIE: UWidget::RemoveFromParent() called on '/Engine/Transient.Button_405' which has no UMG parent (if it was added directly to a native Slate widget via TakeWidget() then it must be removed explicitly rather than via RemoveFromParent())
[2018.05.25-18.22.59:789][535]PIE: UWidget::RemoveFromParent() called on '/Engine/Transient.Button_407' which has no UMG parent (if it was added directly to a native Slate widget via TakeWidget() then it must be removed explicitly rather than via RemoveFromParent())
[2018.05.25-18.22.59:805][536]PIE: UWidget::RemoveFromParent() called on '/Engine/Transient.Button_409' which has no UMG parent (if it was added directly to a native Slate widget via TakeWidget() then it must be removed explicitly rather than via RemoveFromParent())
[2018.05.25-18.22.59:821][537]PIE: UWidget::RemoveFromParent() called on '/Engine/Transient.Button_411' which has no UMG parent (if it was added directly to a native Slate widget via TakeWidget() then it must be removed explicitly rather than via RemoveFromParent())
[2018.05.25-18.22.59:824][537]PIE: UWidget::RemoveFromParent() called on '/Engine/Transient.Button_413' which has no UMG parent (if it was added directly to a native Slate widget via TakeWidget() then it must be removed explicitly rather than via RemoveFromParent())
[2018.05.25-18.22.59:839][538]PIE: UWidget::RemoveFromParent() called on '/Engine/Transient.Button_415' which has no UMG parent (if it was added directly to a native Slate widget via TakeWidget() then it must be removed explicitly rather than via RemoveFromParent())
[2018.05.25-18.22.59:856][539]PIE: UWidget::RemoveFromParent() called on '/Engine/Transient.Button_417' which has no UMG parent (if it was added directly to a native Slate widget via TakeWidget() then it must be removed explicitly rather than via RemoveFromParent())
[2018.05.25-18.22.59:871][540]PIE: UWidget::RemoveFromParent() called on '/Engine/Transient.Button_419' which has no UMG parent (if it was added directly to a native Slate widget via TakeWidget() then it must be removed explicitly rather than via RemoveFromParent())
[2018.05.25-18.22.59:875][540]PIE: UWidget::RemoveFromParent() called on '/Engine/Transient.Button_421' which has no UMG parent (if it was added directly to a native Slate widget via TakeWidget() then it must be removed explicitly rather than via RemoveFromParent())
[2018.05.25-18.22.59:889][541]PIE: UWidget::RemoveFromParent() called on '/Engine/Transient.Button_423' which has no UMG parent (if it was added directly to a native Slate widget via TakeWidget() then it must be removed explicitly rather than via RemoveFromParent())
[2018.05.25-18.22.59:906][542]PIE: UWidget::RemoveFromParent() called on '/Engine/Transient.Button_425' which has no UMG parent (if it was added directly to a native Slate widget via TakeWidget() then it must be removed explicitly rather than via RemoveFromParent())
[2018.05.25-18.22.59:922][543]PIE: UWidget::RemoveFromParent() called on '/Engine/Transient.Button_427' which has no UMG parent (if it was added directly to a native Slate widget via TakeWidget() then it must be removed explicitly rather than via RemoveFromParent())
[2018.05.25-18.22.59:938][544]PIE: UWidget::RemoveFromParent() called on '/Engine/Transient.Button_429' which has no UMG parent (if it was added directly to a native Slate widget via TakeWidget() then it must be removed explicitly rather than via RemoveFromParent())
[2018.05.25-18.22.59:941][544]PIE: UWidget::RemoveFromParent() called on '/Engine/Transient.Button_431' which has no UMG parent (if it was added directly to a native Slate widget via TakeWidget() then it must be removed explicitly rather than via RemoveFromParent())
[2018.05.25-18.22.59:956][545]PIE: UWidget::RemoveFromParent() called on '/Engine/Transient.Button_433' which has no UMG parent (if it was added directly to a native Slate widget via TakeWidget() then it must be removed explicitly rather than via RemoveFromParent())
[2018.05.25-18.22.59:973][546]PIE: UWidget::RemoveFromParent() called on '/Engine/Transient.Button_435' which has no UMG parent (if it was added directly to a native Slate widget via TakeWidget() then it must be removed explicitly rather than via RemoveFromParent())
[2018.05.25-18.22.59:989][547]PIE: UWidget::RemoveFromParent() called on '/Engine/Transient.Button_437' which has no UMG parent (if it was added directly to a native Slate widget via TakeWidget() then it must be removed explicitly rather than via RemoveFromParent())
[2018.05.25-18.22.59:992][547]PIE: UWidget::RemoveFromParent() called on '/Engine/Transient.Button_439' which has no UMG parent (if it was added directly to a native Slate widget via TakeWidget() then it must be removed explicitly rather than via RemoveFromParent())
[2018.05.25-18.23.00:012][548]PIE: UWidget::RemoveFromParent() called on '/Engine/Transient.Button_441' which has no UMG parent (if it was added directly to a native Slate widget via TakeWidget() then it must be removed explicitly rather than via RemoveFromParent())
[2018.05.25-18.23.00:017][548]PIE: UWidget::RemoveFromParent() called on '/Engine/Transient.Button_443' which has no UMG parent (if it was added directly to a native Slate widget via TakeWidget() then it must be removed explicitly rather than via RemoveFromParent())
[2018.05.25-18.23.00:031][549]PIE: UWidget::RemoveFromParent() called on '/Engine/Transient.Button_445' which has no UMG parent (if it was added directly to a native Slate widget via TakeWidget() then it must be removed explicitly rather than via RemoveFromParent())
[2018.05.25-18.23.00:050][550]PIE: UWidget::RemoveFromParent() called on '/Engine/Transient.Button_447' which has no UMG parent (if it was added directly to a native Slate widget via TakeWidget() then it must be removed explicitly rather than via RemoveFromParent())
[2018.05.25-18.23.00:064][551]PIE: UWidget::RemoveFromParent() called on '/Engine/Transient.Button_449' which has no UMG parent (if it was added directly to a native Slate widget via TakeWidget() then it must be removed explicitly rather than via RemoveFromParent())
[2018.05.25-18.23.00:082][552]PIE: UWidget::RemoveFromParent() called on '/Engine/Transient.Button_451' which has no UMG parent (if it was added directly to a native Slate widget via TakeWidget() then it must be removed explicitly rather than via RemoveFromParent())
[2018.05.25-18.23.00:097][553]PIE: UWidget::RemoveFromParent() called on '/Engine/Transient.Button_453' which has no UMG parent (if it was added directly to a native Slate widget via TakeWidget() then it must be removed explicitly rather than via RemoveFromParent())
[2018.05.25-18.23.00:114][554]PIE: UWidget::RemoveFromParent() called on '/Engine/Transient.Button_455' which has no UMG parent (if it was added directly to a native Slate widget via TakeWidget() then it must be removed explicitly rather than via RemoveFromParent())
[2018.05.25-18.23.00:131][555]PIE: UWidget::RemoveFromParent() called on '/Engine/Transient.Button_457' which has no UMG parent (if it was added directly to a native Slate widget via TakeWidget() then it must be removed explicitly rather than via RemoveFromParent())
[2018.05.25-18.23.00:148][556]PIE: UWidget::RemoveFromParent() called on '/Engine/Transient.Button_459' which has no UMG parent (if it was added directly to a native Slate widget via TakeWidget() then it must be removed explicitly rather than via RemoveFromParent())
[2018.05.25-18.23.00:164][557]PIE: UWidget::RemoveFromParent() called on '/Engine/Transient.Button_461' which has no UMG parent (if it was added directly to a native Slate widget via TakeWidget() then it must be removed explicitly rather than via RemoveFromParent())
[2018.05.25-18.23.00:181][558]PIE: UWidget::RemoveFromParent() called on '/Engine/Transient.Button_463' which has no UMG parent (if it was added directly to a native Slate widget via TakeWidget() then it must be removed explicitly rather than via RemoveFromParent())
[2018.05.25-18.23.00:201][559]PIE: UWidget::RemoveFromParent() called on '/Engine/Transient.Button_465' which has no UMG parent (if it was added directly to a native Slate widget via TakeWidget() then it must be removed explicitly rather than via RemoveFromParent())
[2018.05.25-18.23.00:217][560]PIE: UWidget::RemoveFromParent() called on '/Engine/Transient.Button_467' which has no UMG parent (if it was added directly to a native Slate widget via TakeWidget() then it must be removed explicitly rather than via RemoveFromParent())
[2018.05.25-18.23.00:234][561]PIE: UWidget::RemoveFromParent() called on '/Engine/Transient.Button_469' which has no UMG parent (if it was added directly to a native Slate widget via TakeWidget() then it must be removed explicitly rather than via RemoveFromParent())
[2018.05.25-18.23.00:250][562]PIE: UWidget::RemoveFromParent() called on '/Engine/Transient.Button_471' which has no UMG parent (if it was added directly to a native Slate widget via TakeWidget() then it must be removed explicitly rather than via RemoveFromParent())
[2018.05.25-18.23.00:268][563]PIE: UWidget::RemoveFromParent() called on '/Engine/Transient.Button_473' which has no UMG parent (if it was added directly to a native Slate widget via TakeWidget() then it must be removed explicitly rather than via RemoveFromParent())
[2018.05.25-18.23.00:283][564]PIE: UWidget::RemoveFromParent() called on '/Engine/Transient.Button_475' which has no UMG parent (if it was added directly to a native Slate widget via TakeWidget() then it must be removed explicitly rather than via RemoveFromParent())
[2018.05.25-18.23.00:301][565]PIE: UWidget::RemoveFromParent() called on '/Engine/Transient.Button_477' which has no UMG parent (if it was added directly to a native Slate widget via TakeWidget() then it must be removed explicitly rather than via RemoveFromParent())
[2018.05.25-18.23.00:317][566]PIE: UWidget::RemoveFromParent() called on '/Engine/Transient.Button_479' which has no UMG parent (if it was added directly to a native Slate widget via TakeWidget() then it must be removed explicitly rather than via RemoveFromParent())
[2018.05.25-18.23.00:333][567]PIE: UWidget::RemoveFromParent() called on '/Engine/Transient.Button_481' which has no UMG parent (if it was added directly to a native Slate widget via TakeWidget() then it must be removed explicitly rather than via RemoveFromParent())
[2018.05.25-18.23.00:350][568]PIE: UWidget::RemoveFromParent() called on '/Engine/Transient.Button_483' which has no UMG parent (if it was added directly to a native Slate widget via TakeWidget() then it must be removed explicitly rather than via RemoveFromParent())
[2018.05.25-18.23.00:367][569]PIE: UWidget::RemoveFromParent() called on '/Engine/Transient.Button_485' which has no UMG parent (if it was added directly to a native Slate widget via TakeWidget() then it must be removed explicitly rather than via RemoveFromParent())
[2018.05.25-18.23.00:383][570]PIE: UWidget::RemoveFromParent() called on '/Engine/Transient.Button_487' which has no UMG parent (if it was added directly to a native Slate widget via TakeWidget() then it must be removed explicitly rather than via RemoveFromParent())
[2018.05.25-18.23.00:400][571]PIE: UWidget::RemoveFromParent() called on '/Engine/Transient.Button_489' which has no UMG parent (if it was added directly to a native Slate widget via TakeWidget() then it must be removed explicitly rather than via RemoveFromParent())
[2018.05.25-18.23.00:417][572]PIE: UWidget::RemoveFromParent() called on '/Engine/Transient.Button_491' which has no UMG parent (if it was added directly to a native Slate widget via TakeWidget() then it must be removed explicitly rather than via RemoveFromParent())
[2018.05.25-18.23.00:433][573]PIE: UWidget::RemoveFromParent() called on '/Engine/Transient.Button_493' which has no UMG parent (if it was added directly to a native Slate widget via TakeWidget() then it must be removed explicitly rather than via RemoveFromParent())
[2018.05.25-18.23.00:450][574]PIE: UWidget::RemoveFromParent() called on '/Engine/Transient.Button_495' which has no UMG parent (if it was added directly to a native Slate widget via TakeWidget() then it must be removed explicitly rather than via RemoveFromParent())
[2018.05.25-18.23.06:666][934]PIE: UWidget::RemoveFromParent() called on '/Engine/Transient.Button_369' which has no UMG parent (if it was added directly to a native Slate widget via TakeWidget() then it must be removed explicitly rather than via RemoveFromParent())
[2018.05.25-18.23.06:668][934]PIE: UWidget::RemoveFromParent() called on '/Engine/Transient.Button_499' which has no UMG parent (if it was added directly to a native Slate widget via TakeWidget() then it must be removed explicitly rather than via RemoveFromParent())
[2018.05.25-18.23.06:686][935]PIE: UWidget::RemoveFromParent() called on '/Engine/Transient.Button_501' which has no UMG parent (if it was added directly to a native Slate widget via TakeWidget() then it must be removed explicitly rather than via RemoveFromParent())
[2018.05.25-18.23.06:703][936]PIE: UWidget::RemoveFromParent() called on '/Engine/Transient.Button_503' which has no UMG parent (if it was added directly to a native Slate widget via TakeWidget() then it must be removed explicitly rather than via RemoveFromParent())
[2018.05.25-18.23.06:718][937]PIE: UWidget::RemoveFromParent() called on '/Engine/Transient.Button_505' which has no UMG parent (if it was added directly to a native Slate widget via TakeWidget() then it must be removed explicitly rather than via RemoveFromParent())
[2018.05.25-18.23.06:722][937]PIE: UWidget::RemoveFromParent() called on '/Engine/Transient.Button_507' which has no UMG parent (if it was added directly to a native Slate widget via TakeWidget() then it must be removed explicitly rather than via RemoveFromParent())
[2018.05.25-18.23.06:725][937]PIE: UWidget::RemoveFromParent() called on '/Engine/Transient.Button_509' which has no UMG parent (if it was added directly to a native Slate widget via TakeWidget() then it must be removed explicitly rather than via RemoveFromParent())
[2018.05.25-18.23.06:738][938]PIE: UWidget::RemoveFromParent() called on '/Engine/Transient.Button_511' which has no UMG parent (if it was added directly to a native Slate widget via TakeWidget() then it must be removed explicitly rather than via RemoveFromParent())
[2018.05.25-18.23.06:754][939]PIE: UWidget::RemoveFromParent() called on '/Engine/Transient.Button_513' which has no UMG parent (if it was added directly to a native Slate widget via TakeWidget() then it must be removed explicitly rather than via RemoveFromParent())
[2018.05.25-18.23.06:757][939]PIE: UWidget::RemoveFromParent() called on '/Engine/Transient.Button_515' which has no UMG parent (if it was added directly to a native Slate widget via TakeWidget() then it must be removed explicitly rather than via RemoveFromParent())
[2018.05.25-18.23.06:773][940]PIE: UWidget::RemoveFromParent() called on '/Engine/Transient.Button_517' which has no UMG parent (if it was added directly to a native Slate widget via TakeWidget() then it must be removed explicitly rather than via RemoveFromParent())
[2018.05.25-18.23.06:788][941]PIE: UWidget::RemoveFromParent() called on '/Engine/Transient.Button_519' which has no UMG parent (if it was added directly to a native Slate widget via TakeWidget() then it must be removed explicitly rather than via RemoveFromParent())
[2018.05.25-18.23.06:805][942]PIE: UWidget::RemoveFromParent() called on '/Engine/Transient.Button_521' which has no UMG parent (if it was added directly to a native Slate widget via TakeWidget() then it must be removed explicitly rather than via RemoveFromParent())
[2018.05.25-18.23.06:822][943]PIE: UWidget::RemoveFromParent() called on '/Engine/Transient.Button_523' which has no UMG parent (if it was added directly to a native Slate widget via TakeWidget() then it must be removed explicitly rather than via RemoveFromParent())
[2018.05.25-18.23.06:838][944]PIE: UWidget::RemoveFromParent() called on '/Engine/Transient.Button_525' which has no UMG parent (if it was added directly to a native Slate widget via TakeWidget() then it must be removed explicitly rather than via RemoveFromParent())
[2018.05.25-18.23.06:856][945]PIE: UWidget::RemoveFromParent() called on '/Engine/Transient.Button_527' which has no UMG parent (if it was added directly to a native Slate widget via TakeWidget() then it must be removed explicitly rather than via RemoveFromParent())
[2018.05.25-18.23.06:871][946]PIE: UWidget::RemoveFromParent() called on '/Engine/Transient.Button_529' which has no UMG parent (if it was added directly to a native Slate widget via TakeWidget() then it must be removed explicitly rather than via RemoveFromParent())
[2018.05.25-18.23.06:875][946]PIE: UWidget::RemoveFromParent() called on '/Engine/Transient.Button_531' which has no UMG parent (if it was added directly to a native Slate widget via TakeWidget() then it must be removed explicitly rather than via RemoveFromParent())
[2018.05.25-18.23.06:888][947]PIE: UWidget::RemoveFromParent() called on '/Engine/Transient.Button_533' which has no UMG parent (if it was added directly to a native Slate widget via TakeWidget() then it must be removed explicitly rather than via RemoveFromParent())
[2018.05.25-18.23.06:892][947]PIE: UWidget::RemoveFromParent() called on '/Engine/Transient.Button_535' which has no UMG parent (if it was added directly to a native Slate widget via TakeWidget() then it must be removed explicitly rather than via RemoveFromParent())
[2018.05.25-18.23.06:904][948]PIE: UWidget::RemoveFromParent() called on '/Engine/Transient.Button_537' which has no UMG parent (if it was added directly to a native Slate widget via TakeWidget() then it must be removed explicitly rather than via RemoveFromParent())
[2018.05.25-18.23.06:907][948]PIE: UWidget::RemoveFromParent() called on '/Engine/Transient.Button_539' which has no UMG parent (if it was added directly to a native Slate widget via TakeWidget() then it must be removed explicitly rather than via RemoveFromParent())
[2018.05.25-18.23.06:922][949]PIE: UWidget::RemoveFromParent() called on '/Engine/Transient.Button_541' which has no UMG parent (if it was added directly to a native Slate widget via TakeWidget() then it must be removed explicitly rather than via RemoveFromParent())
[2018.05.25-18.23.06:938][950]PIE: UWidget::RemoveFromParent() called on '/Engine/Transient.Button_543' which has no UMG parent (if it was added directly to a native Slate widget via TakeWidget() then it must be removed explicitly rather than via RemoveFromParent())
[2018.05.25-18.23.06:955][951]PIE: UWidget::RemoveFromParent() called on '/Engine/Transient.Button_545' which has no UMG parent (if it was added directly to a native Slate widget via TakeWidget() then it must be removed explicitly rather than via RemoveFromParent())
[2018.05.25-18.23.06:974][952]PIE: UWidget::RemoveFromParent() called on '/Engine/Transient.Button_547' which has no UMG parent (if it was added directly to a native Slate widget via TakeWidget() then it must be removed explicitly rather than via RemoveFromParent())
[2018.05.25-18.23.06:989][953]PIE: UWidget::RemoveFromParent() called on '/Engine/Transient.Button_549' which has no UMG parent (if it was added directly to a native Slate widget via TakeWidget() then it must be removed explicitly rather than via RemoveFromParent())
[2018.05.25-18.23.07:005][954]PIE: UWidget::RemoveFromParent() called on '/Engine/Transient.Button_551' which has no UMG parent (if it was added directly to a native Slate widget via TakeWidget() then it must be removed explicitly rather than via RemoveFromParent())
[2018.05.25-18.23.07:022][955]PIE: UWidget::RemoveFromParent() called on '/Engine/Transient.Button_553' which has no UMG parent (if it was added directly to a native Slate widget via TakeWidget() then it must be removed explicitly rather than via RemoveFromParent())
[2018.05.25-18.23.07:038][956]PIE: UWidget::RemoveFromParent() called on '/Engine/Transient.Button_555' which has no UMG parent (if it was added directly to a native Slate widget via TakeWidget() then it must be removed explicitly rather than via RemoveFromParent())
[2018.05.25-18.23.07:041][956]PIE: UWidget::RemoveFromParent() called on '/Engine/Transient.Button_557' which has no UMG parent (if it was added directly to a native Slate widget via TakeWidget() then it must be removed explicitly rather than via RemoveFromParent())
[2018.05.25-18.23.07:056][957]PIE: UWidget::RemoveFromParent() called on '/Engine/Transient.Button_559' which has no UMG parent (if it was added directly to a native Slate widget via TakeWidget() then it must be removed explicitly rather than via RemoveFromParent())
[2018.05.25-18.23.07:073][958]PIE: UWidget::RemoveFromParent() called on '/Engine/Transient.Button_561' which has no UMG parent (if it was added directly to a native Slate widget via TakeWidget() then it must be removed explicitly rather than via RemoveFromParent())
[2018.05.25-18.23.07:076][958]PIE: UWidget::RemoveFromParent() called on '/Engine/Transient.Button_563' which has no UMG parent (if it was added directly to a native Slate widget via TakeWidget() then it must be removed explicitly rather than via RemoveFromParent())
[2018.05.25-18.23.07:092][959]PIE: UWidget::RemoveFromParent() called on '/Engine/Transient.Button_565' which has no UMG parent (if it was added directly to a native Slate widget via TakeWidget() then it must be removed explicitly rather than via RemoveFromParent())
[2018.05.25-18.23.07:097][959]PIE: UWidget::RemoveFromParent() called on '/Engine/Transient.Button_567' which has no UMG parent (if it was added directly to a native Slate widget via TakeWidget() then it must be removed explicitly rather than via RemoveFromParent())
[2018.05.25-18.23.07:109][960]PIE: UWidget::RemoveFromParent() called on '/Engine/Transient.Button_569' which has no UMG parent (if it was added directly to a native Slate widget via TakeWidget() then it must be removed explicitly rather than via RemoveFromParent())
[2018.05.25-18.23.07:126][961]PIE: UWidget::RemoveFromParent() called on '/Engine/Transient.Button_571' which has no UMG parent (if it was added directly to a native Slate widget via TakeWidget() then it must be removed explicitly rather than via RemoveFromParent())
[2018.05.25-18.23.07:143][962]PIE: UWidget::RemoveFromParent() called on '/Engine/Transient.Button_573' which has no UMG parent (if it was added directly to a native Slate widget via TakeWidget() then it must be removed explicitly rather than via RemoveFromParent())
[2018.05.25-18.23.07:159][963]PIE: UWidget::RemoveFromParent() called on '/Engine/Transient.Button_575' which has no UMG parent (if it was added directly to a native Slate widget via TakeWidget() then it must be removed explicitly rather than via RemoveFromParent())
[2018.05.25-18.23.07:177][964]PIE: UWidget::RemoveFromParent() called on '/Engine/Transient.Button_577' which has no UMG parent (if it was added directly to a native Slate widget via TakeWidget() then it must be removed explicitly rather than via RemoveFromParent())
[2018.05.25-18.23.07:198][965]PIE: UWidget::RemoveFromParent() called on '/Engine/Transient.Button_579' which has no UMG parent (if it was added directly to a native Slate widget via TakeWidget() then it must be removed explicitly rather than via RemoveFromParent())
[2018.05.25-18.23.07:215][966]PIE: UWidget::RemoveFromParent() called on '/Engine/Transient.Button_581' which has no UMG parent (if it was added directly to a native Slate widget via TakeWidget() then it must be removed explicitly rather than via RemoveFromParent())
[2018.05.25-18.23.07:234][967]PIE: UWidget::RemoveFromParent() called on '/Engine/Transient.Button_583' which has no UMG parent (if it was added directly to a native Slate widget via TakeWidget() then it must be removed explicitly rather than via RemoveFromParent())
[2018.05.25-18.23.07:253][968]PIE: UWidget::RemoveFromParent() called on '/Engine/Transient.Button_585' which has no UMG parent (if it was added directly to a native Slate widget via TakeWidget() then it must be removed explicitly rather than via RemoveFromParent())
[2018.05.25-18.23.07:267][969]PIE: UWidget::RemoveFromParent() called on '/Engine/Transient.Button_587' which has no UMG parent (if it was added directly to a native Slate widget via TakeWidget() then it must be removed explicitly rather than via RemoveFromParent())
[2018.05.25-18.23.07:283][970]PIE: UWidget::RemoveFromParent() called on '/Engine/Transient.Button_589' which has no UMG parent (if it was added directly to a native Slate widget via TakeWidget() then it must be removed explicitly rather than via RemoveFromParent())
[2018.05.25-18.23.07:302][971]PIE: UWidget::RemoveFromParent() called on '/Engine/Transient.Button_591' which has no UMG parent (if it was added directly to a native Slate widget via TakeWidget() then it must be removed explicitly rather than via RemoveFromParent())
[2018.05.25-18.23.07:317][972]PIE: UWidget::RemoveFromParent() called on '/Engine/Transient.Button_593' which has no UMG parent (if it was added directly to a native Slate widget via TakeWidget() then it must be removed explicitly rather than via RemoveFromParent())
[2018.05.25-18.23.07:335][973]PIE: UWidget::RemoveFromParent() called on '/Engine/Transient.Button_595' which has no UMG parent (if it was added directly to a native Slate widget via TakeWidget() then it must be removed explicitly rather than via RemoveFromParent())
[2018.05.25-18.23.07:352][974]PIE: UWidget::RemoveFromParent() called on '/Engine/Transient.Button_597' which has no UMG parent (if it was added directly to a native Slate widget via TakeWidget() then it must be removed explicitly rather than via RemoveFromParent())
[2018.05.25-18.23.07:366][975]PIE: UWidget::RemoveFromParent() called on '/Engine/Transient.Button_599' which has no UMG parent (if it was added directly to a native Slate widget via TakeWidget() then it must be removed explicitly rather than via RemoveFromParent())
[2018.05.25-18.23.07:369][975]PIE: UWidget::RemoveFromParent() called on '/Engine/Transient.Button_601' which has no UMG parent (if it was added directly to a native Slate widget via TakeWidget() then it must be removed explicitly rather than via RemoveFromParent())
[2018.05.25-18.23.07:383][976]PIE: UWidget::RemoveFromParent() called on '/Engine/Transient.Button_603' which has no UMG parent (if it was added directly to a native Slate widget via TakeWidget() then it must be removed explicitly rather than via RemoveFromParent())
[2018.05.25-18.23.07:386][976]PIE: UWidget::RemoveFromParent() called on '/Engine/Transient.Button_605' which has no UMG parent (if it was added directly to a native Slate widget via TakeWidget() then it must be removed explicitly rather than via RemoveFromParent())
[2018.05.25-18.23.07:400][977]PIE: UWidget::RemoveFromParent() called on '/Engine/Transient.Button_607' which has no UMG parent (if it was added directly to a native Slate widget via TakeWidget() then it must be removed explicitly rather than via RemoveFromParent())
[2018.05.25-18.23.07:417][978]PIE: UWidget::RemoveFromParent() called on '/Engine/Transient.Button_609' which has no UMG parent (if it was added directly to a native Slate widget via TakeWidget() then it must be removed explicitly rather than via RemoveFromParent())
[2018.05.25-18.23.07:434][979]PIE: UWidget::RemoveFromParent() called on '/Engine/Transient.Button_611' which has no UMG parent (if it was added directly to a native Slate widget via TakeWidget() then it must be removed explicitly rather than via RemoveFromParent())
[2018.05.25-18.23.07:451][980]PIE: UWidget::RemoveFromParent() called on '/Engine/Transient.Button_613' which has no UMG parent (if it was added directly to a native Slate widget via TakeWidget() then it must be removed explicitly rather than via RemoveFromParent())
[2018.05.25-18.23.07:467][981]PIE: UWidget::RemoveFromParent() called on '/Engine/Transient.Button_615' which has no UMG parent (if it was added directly to a native Slate widget via TakeWidget() then it must be removed explicitly rather than via RemoveFromParent())
[2018.05.25-18.23.07:483][982]PIE: UWidget::RemoveFromParent() called on '/Engine/Transient.Button_617' which has no UMG parent (if it was added directly to a native Slate widget via TakeWidget() then it must be removed explicitly rather than via RemoveFromParent())
[2018.05.25-18.23.07:500][983]PIE: UWidget::RemoveFromParent() called on '/Engine/Transient.Button_619' which has no UMG parent (if it was added directly to a native Slate widget via TakeWidget() then it must be removed explicitly rather than via RemoveFromParent())
[2018.05.25-18.23.07:517][984]PIE: UWidget::RemoveFromParent() called on '/Engine/Transient.Button_621' which has no UMG parent (if it was added directly to a native Slate widget via TakeWidget() then it must be removed explicitly rather than via RemoveFromParent())
[2018.05.25-18.23.07:534][985]PIE: UWidget::RemoveFromParent() called on '/Engine/Transient.Button_623' which has no UMG parent (if it was added directly to a native Slate widget via TakeWidget() then it must be removed explicitly rather than via RemoveFromParent())
[2018.05.25-18.23.07:553][986]PIE: UWidget::RemoveFromParent() called on '/Engine/Transient.Button_625' which has no UMG parent (if it was added directly to a native Slate widget via TakeWidget() then it must be removed explicitly rather than via RemoveFromParent())
[2018.05.25-18.23.07:567][987]PIE: UWidget::RemoveFromParent() called on '/Engine/Transient.Button_627' which has no UMG parent (if it was added directly to a native Slate widget via TakeWidget() then it must be removed explicitly rather than via RemoveFromParent())
[2018.05.25-18.23.07:584][988]PIE: UWidget::RemoveFromParent() called on '/Engine/Transient.Button_629' which has no UMG parent (if it was added directly to a native Slate widget via TakeWidget() then it must be removed explicitly rather than via RemoveFromParent())
[2018.05.25-18.23.07:601][989]PIE: UWidget::RemoveFromParent() called on '/Engine/Transient.Button_631' which has no UMG parent (if it was added directly to a native Slate widget via TakeWidget() then it must be removed explicitly rather than via RemoveFromParent())
[2018.05.25-18.23.07:618][990]PIE: UWidget::RemoveFromParent() called on '/Engine/Transient.Button_633' which has no UMG parent (if it was added directly to a native Slate widget via TakeWidget() then it must be removed explicitly rather than via RemoveFromParent())
[2018.05.25-18.23.07:634][991]PIE: UWidget::RemoveFromParent() called on '/Engine/Transient.Button_635' which has no UMG parent (if it was added directly to a native Slate widget via TakeWidget() then it must be removed explicitly rather than via RemoveFromParent())
[2018.05.25-18.23.07:652][992]PIE: UWidget::RemoveFromParent() called on '/Engine/Transient.Button_637' which has no UMG parent (if it was added directly to a native Slate widget via TakeWidget() then it must be removed explicitly rather than via RemoveFromParent())
[2018.05.25-18.23.07:667][993]PIE: UWidget::RemoveFromParent() called on '/Engine/Transient.Button_639' which has no UMG parent (if it was added directly to a native Slate widget via TakeWidget() then it must be removed explicitly rather than via RemoveFromParent())
[2018.05.25-18.23.07:684][994]PIE: UWidget::RemoveFromParent() called on '/Engine/Transient.Button_641' which has no UMG parent (if it was added directly to a native Slate widget via TakeWidget() then it must be removed explicitly rather than via RemoveFromParent())
[2018.05.25-18.23.07:701][995]PIE: UWidget::RemoveFromParent() called on '/Engine/Transient.Button_643' which has no UMG parent (if it was added directly to a native Slate widget via TakeWidget() then it must be removed explicitly rather than via RemoveFromParent())
[2018.05.25-18.23.07:718][996]PIE: UWidget::RemoveFromParent() called on '/Engine/Transient.Button_645' which has no UMG parent (if it was added directly to a native Slate widget via TakeWidget() then it must be removed explicitly rather than via RemoveFromParent())
[2018.05.25-18.23.07:735][997]PIE: UWidget::RemoveFromParent() called on '/Engine/Transient.Button_647' which has no UMG parent (if it was added directly to a native Slate widget via TakeWidget() then it must be removed explicitly rather than via RemoveFromParent())
[2018.05.25-18.23.07:752][998]PIE: UWidget::RemoveFromParent() called on '/Engine/Transient.Button_649' which has no UMG parent (if it was added directly to a native Slate widget via TakeWidget() then it must be removed explicitly rather than via RemoveFromParent())
[2018.05.25-18.23.07:768][999]PIE: UWidget::RemoveFromParent() called on '/Engine/Transient.Button_651' which has no UMG parent (if it was added directly to a native Slate widget via TakeWidget() then it must be removed explicitly rather than via RemoveFromParent())
[2018.05.25-18.23.07:784][  0]PIE: UWidget::RemoveFromParent() called on '/Engine/Transient.Button_653' which has no UMG parent (if it was added directly to a native Slate widget via TakeWidget() then it must be removed explicitly rather than via RemoveFromParent())
[2018.05.25-18.23.07:802][  1]PIE: UWidget::RemoveFromParent() called on '/Engine/Transient.Button_655' which has no UMG parent (if it was added directly to a native Slate widget via TakeWidget() then it must be removed explicitly rather than via RemoveFromParent())
[2018.05.25-18.23.07:818][  2]PIE: UWidget::RemoveFromParent() called on '/Engine/Transient.Button_657' which has no UMG parent (if it was added directly to a native Slate widget via TakeWidget() then it must be removed explicitly rather than via RemoveFromParent())
[2018.05.25-18.23.07:835][  3]PIE: UWidget::RemoveFromParent() called on '/Engine/Transient.Button_659' which has no UMG parent (if it was added directly to a native Slate widget via TakeWidget() then it must be removed explicitly rather than via RemoveFromParent())
[2018.05.25-18.23.07:852][  4]PIE: UWidget::RemoveFromParent() called on '/Engine/Transient.Button_661' which has no UMG parent (if it was added directly to a native Slate widget via TakeWidget() then it must be removed explicitly rather than via RemoveFromParent())
[2018.05.25-18.23.07:868][  5]PIE: UWidget::RemoveFromParent() called on '/Engine/Transient.Button_663' which has no UMG parent (if it was added directly to a native Slate widget via TakeWidget() then it must be removed explicitly rather than via RemoveFromParent())
[2018.05.25-18.23.07:885][  6]PIE: UWidget::RemoveFromParent() called on '/Engine/Transient.Button_665' which has no UMG parent (if it was added directly to a native Slate widget via TakeWidget() then it must be removed explicitly rather than via RemoveFromParent())
[2018.05.25-18.23.07:902][  7]PIE: UWidget::RemoveFromParent() called on '/Engine/Transient.Button_667' which has no UMG parent (if it was added directly to a native Slate widget via TakeWidget() then it must be removed explicitly rather than via RemoveFromParent())
[2018.05.25-18.25.12:718][313]BlueprintLog: New page: Compile KeypadWidget
[2018.05.25-18.25.13:646][362]Cmd: OBJ SAVEPACKAGE PACKAGE="/Game/Widgets/KeypadWidget" FILE="../../../../../../Users/steph/Documents/Unreal Projects/Recovery/Content/Widgets/KeypadWidget.uasset" SILENT=true
[2018.05.25-18.25.13:700][362]LogSavePackage: Save=45.68ms
[2018.05.25-18.25.13:700][362]LogSavePackage: Moving '../../../../../../Users/steph/Documents/Unreal Projects/Recovery/Saved/KeypadWidget0E72F78E47DF6A01915263B53CD42EF8.tmp' to '../../../../../../Users/steph/Documents/Unreal Projects/Recovery/Content/Widgets/KeypadWidget.uasset'
[2018.05.25-18.25.13:706][362]LogSavePackage: Display: Finished SavePackage ../../../../../../Users/steph/Documents/Unreal Projects/Recovery/Content/Widgets/KeypadWidget.uasset
[2018.05.25-18.28.45:770][155]LogHotReload: New module detected: UE4Editor-Recovery-5032.dll
[2018.05.25-18.28.47:140][160]LogHotReload: Starting Hot-Reload from IDE
[2018.05.25-18.28.47:494][160]LogClass: Could not find existing class KeypadUserWidget in package /Script/Recovery for HotReload, assuming new class
[2018.05.25-18.28.47:494][160]LogClass: Function OnButtonClicked0 is new.
[2018.05.25-18.28.47:495][160]LogClass: Function OnButtonClicked1 is new.
[2018.05.25-18.28.47:495][160]LogClass: Function OnButtonClicked2 is new.
[2018.05.25-18.28.47:495][160]LogClass: Function OnButtonClicked3 is new.
[2018.05.25-18.28.47:495][160]LogClass: Function OnButtonClicked4 is new.
[2018.05.25-18.28.47:495][160]LogClass: Function OnButtonClicked5 is new.
[2018.05.25-18.28.47:495][160]LogClass: Function OnButtonClicked6 is new.
[2018.05.25-18.28.47:495][160]LogClass: Function OnButtonClicked7 is new.
[2018.05.25-18.28.47:495][160]LogClass: Function OnButtonClicked8 is new.
[2018.05.25-18.28.47:495][160]LogClass: Function OnButtonClicked9 is new.
[2018.05.25-18.28.47:495][160]LogClass: Function OnButtonClickedBack is new.
[2018.05.25-18.28.47:495][160]LogClass: Function OnButtonClickedOK is new.
[2018.05.25-18.28.47:496][160]LogClass: Function OnButtonClickedR is new.
[2018.05.25-18.28.47:523][160]LogHotReload: Re-instancing KeypadUserWidget after hot-reload.
[2018.05.25-18.28.47:906][160]LogContentBrowser: Native class hierarchy updated for 'Recovery' in 0.0011 seconds. Added 11 classes and 2 folders.
[2018.05.25-18.28.47:910][160]Display: HotReload successful (7 functions remapped  0 scriptstructs remapped)
[2018.05.25-18.28.48:686][160]LogContentBrowser: Native class hierarchy populated in 0.0256 seconds. Added 2376 classes and 525 folders.
[2018.05.25-18.28.48:699][160]Display: HotReload took  1.6s.
[2018.05.25-18.28.51:971][231]LogEditorViewport: Clicking on Actor (LMB): StaticMeshActor (Wall4)
[2018.05.25-18.28.55:296][298]LogTemp: Repeating last play command: Selected Viewport
[2018.05.25-18.28.55:358][298]LogBlueprintUserMessages: Early PlayInEditor Detection: Level '/Game/FirstPersonCPP/Maps/FirstPersonExampleMap.FirstPersonExampleMap:PersistentLevel' has LevelScriptBlueprint '/Game/FirstPersonCPP/Maps/FirstPersonExampleMap.FirstPersonExampleMap:PersistentLevel.FirstPersonExampleMap' with GeneratedClass '/Game/FirstPersonCPP/Maps/FirstPersonExampleMap.FirstPersonExampleMap_C' with ClassGeneratedBy '/Game/FirstPersonCPP/Maps/FirstPersonExampleMap.FirstPersonExampleMap:PersistentLevel.FirstPersonExampleMap'
[2018.05.25-18.28.55:358][298]LogPlayLevel: PlayLevel: No blueprints needed recompiling
[2018.05.25-18.28.55:358][298]PIE: New page: PIE session: FirstPersonExampleMap (May 25, 2018, 10:28:55 PM)
[2018.05.25-18.28.55:359][298]LogPlayLevel: Creating play world package: /Game/FirstPersonCPP/Maps/UEDPIE_0_FirstPersonExampleMap
[2018.05.25-18.28.55:413][298]LogPlayLevel: PIE: StaticDuplicateObject took: (0.054255s)
[2018.05.25-18.28.55:415][298]LogAIModule: Creating AISystem for world FirstPersonExampleMap
[2018.05.25-18.28.55:416][298]LogPlayLevel: PIE: World Init took: (0.002524s)
[2018.05.25-18.28.55:416][298]LogPlayLevel: PIE: Created PIE world by copying editor world from /Game/FirstPersonCPP/Maps/FirstPersonExampleMap.FirstPersonExampleMap to /Game/FirstPersonCPP/Maps/UEDPIE_0_FirstPersonExampleMap.FirstPersonExampleMap (0.057752s)
[2018.05.25-18.28.55:572][298]LogInit: XAudio2 using 'Lautsprecher/Kopfhörer (Realtek High Definition Audio)' : 2 channels at 48 kHz using 32 bits per sample (channel mask 0x3)
[2018.05.25-18.28.55:591][298]LogInit: FAudioDevice initialized.
[2018.05.25-18.28.55:628][298]LogLoad: Game class is 'MyGameModeBase'
[2018.05.25-18.28.55:631][298]LogWorld: Bringing World /Game/FirstPersonCPP/Maps/UEDPIE_0_FirstPersonExampleMap.FirstPersonExampleMap up for play (max tick rate 60) at 2018.05.25-20.28.55
[2018.05.25-18.28.55:632][298]LogWorld: Bringing up level for play took: 0.003704
[2018.05.25-18.28.55:634][298]PIE: Play in editor start time for /Game/FirstPersonCPP/Maps/UEDPIE_0_FirstPersonExampleMap -0.544
[2018.05.25-18.28.55:634][298]LogBlueprintUserMessages: Late PlayInEditor Detection: Level '/Game/FirstPersonCPP/Maps/FirstPersonExampleMap.FirstPersonExampleMap:PersistentLevel' has LevelScriptBlueprint '/Game/FirstPersonCPP/Maps/FirstPersonExampleMap.FirstPersonExampleMap:PersistentLevel.FirstPersonExampleMap' with GeneratedClass '/Game/FirstPersonCPP/Maps/FirstPersonExampleMap.FirstPersonExampleMap_C' with ClassGeneratedBy '/Game/FirstPersonCPP/Maps/FirstPersonExampleMap.FirstPersonExampleMap:PersistentLevel.FirstPersonExampleMap'
[2018.05.25-18.29.03:835][548]LogTemp: Warning: Button clicked
[2018.05.25-18.29.06:020][618]LogTemp: Warning: Button clicked
[2018.05.25-18.29.07:084][652]LogTemp: Warning: Button clicked
[2018.05.25-18.29.11:317][786]LogTemp: Warning: Button clicked
[2018.05.25-18.29.11:787][801]LogTemp: Warning: Button clicked
[2018.05.25-18.29.12:223][815]LogTemp: Warning: Button clicked
[2018.05.25-18.29.12:841][834]LogTemp: Warning: Button clicked
[2018.05.25-18.29.13:493][855]LogTemp: Warning: Button clicked
[2018.05.25-18.29.19:437][ 44]LogBlueprintUserMessages: Early EndPlayMap Detection: Level '/Game/FirstPersonCPP/Maps/FirstPersonExampleMap.FirstPersonExampleMap:PersistentLevel' has LevelScriptBlueprint '/Game/FirstPersonCPP/Maps/FirstPersonExampleMap.FirstPersonExampleMap:PersistentLevel.FirstPersonExampleMap' with GeneratedClass '/Game/FirstPersonCPP/Maps/FirstPersonExampleMap.FirstPersonExampleMap_C' with ClassGeneratedBy '/Game/FirstPersonCPP/Maps/FirstPersonExampleMap.FirstPersonExampleMap:PersistentLevel.FirstPersonExampleMap'
[2018.05.25-18.29.19:508][ 44]LogBlueprintUserMessages: Late EndPlayMap Detection: Level '/Game/FirstPersonCPP/Maps/FirstPersonExampleMap.FirstPersonExampleMap:PersistentLevel' has LevelScriptBlueprint '/Game/FirstPersonCPP/Maps/FirstPersonExampleMap.FirstPersonExampleMap:PersistentLevel.FirstPersonExampleMap' with GeneratedClass '/Game/FirstPersonCPP/Maps/FirstPersonExampleMap.FirstPersonExampleMap_C' with ClassGeneratedBy '/Game/FirstPersonCPP/Maps/FirstPersonExampleMap.FirstPersonExampleMap:PersistentLevel.FirstPersonExampleMap'
[2018.05.25-18.29.21:148][ 74]LogSavePackage: Save=271.23ms
[2018.05.25-18.29.21:148][ 74]LogSavePackage: Moving '../../../../../../Users/steph/Documents/Unreal Projects/Recovery/Saved/FirstPersonExampleMap15415DC04EC4062C4123D9B0CD17484D.tmp' to '../../../../../../Users/steph/Documents/Unreal Projects/Recovery/Content/FirstPersonCPP/Maps/FirstPersonExampleMap.umap'
[2018.05.25-18.29.21:159][ 74]LogSavePackage: Display: Finished SavePackage ../../../../../../Users/steph/Documents/Unreal Projects/Recovery/Content/FirstPersonCPP/Maps/FirstPersonExampleMap.umap
[2018.05.25-18.29.24:892][ 74]LogSavePackage: Save=3587.58ms
[2018.05.25-18.29.24:892][ 74]LogSavePackage: Moving '../../../../../../Users/steph/Documents/Unreal Projects/Recovery/Saved/FirstPersonExampleMap_BuiltData03C6292048B939BEEE7482BC0F99C8B2.tmp' to '../../../../../../Users/steph/Documents/Unreal Projects/Recovery/Content/FirstPersonCPP/Maps/FirstPersonExampleMap_BuiltData.uasset'
[2018.05.25-18.29.24:900][ 74]LogSavePackage: Display: Finished SavePackage ../../../../../../Users/steph/Documents/Unreal Projects/Recovery/Content/FirstPersonCPP/Maps/FirstPersonExampleMap_BuiltData.uasset
