Log file open, 05/24/18 20:20:06
LogWindows: Failed to load 'aqProf.dll' (GetLastError=126)
LogWindows: File 'aqProf.dll' does not exist
LogWindows: Failed to load 'VSPerf140.dll' (GetLastError=126)
LogWindows: File 'VSPerf140.dll' does not exist
LogWindows: Failed to load 'VtuneApi.dll' (GetLastError=126)
LogWindows: File 'VtuneApi.dll' does not exist
LogWindows: Failed to load 'VtuneApi32e.dll' (GetLastError=126)
LogWindows: File 'VtuneApi32e.dll' does not exist
LogInit: Display: Running engine for game: Recovery
LogPlatformFile: Not using cached read wrapper
LogInit: Display: RandInit(1563660523) SRandInit(1563660523).
LogInit: Read version file with build ID '3709383'
LogInit: Overriding engine version to CL 3832480, compatible CL 3709383
LogInit: Registered custom module enumerator with build ID '3709383'
LogTaskGraph: Started task graph with 5 named threads and 8 total threads with 3 sets of task threads.
LogStats: Stats thread started at 0.194841
LogD3D11RHI: Aftermath initialized
LogPluginManager: Mounting plugin Paper2D
LogPluginManager: Mounting plugin LightPropagationVolume
LogPluginManager: Mounting plugin CodeLiteSourceCodeAccess
LogPluginManager: Mounting plugin GitSourceControl
LogPluginManager: Mounting plugin KDevelopSourceCodeAccess
LogPluginManager: Mounting plugin NullSourceCodeAccess
LogPluginManager: Mounting plugin PerforceSourceControl
LogPluginManager: Mounting plugin SubversionSourceControl
LogPluginManager: Mounting plugin UObjectPlugin
LogPluginManager: Mounting plugin VisualStudioCodeSourceCodeAccess
LogPluginManager: Mounting plugin VisualStudioSourceCodeAccess
LogPluginManager: Mounting plugin XCodeSourceCodeAccess
LogPluginManager: Mounting plugin AssetManagerEditor
LogPluginManager: Mounting plugin AudioCapture
LogPluginManager: Mounting plugin FacialAnimation
LogPluginManager: Mounting plugin GameplayTagsEditor
LogPluginManager: Mounting plugin MobileLauncherProfileWizard
LogPluginManager: Mounting plugin PluginBrowser
LogPluginManager: Mounting plugin SpeedTreeImporter
LogPluginManager: Mounting plugin AlembicImporter
LogPluginManager: Mounting plugin CharacterAI
LogPluginManager: Mounting plugin HTML5Networking
LogPluginManager: Mounting plugin AndroidMedia
LogPluginManager: Mounting plugin AvfMedia
LogPluginManager: Mounting plugin ImgMedia
LogPluginManager: Mounting plugin MediaCompositing
LogPluginManager: Mounting plugin MediaPlayerEditor
LogPluginManager: Mounting plugin WmfMedia
LogPluginManager: Mounting plugin TcpMessaging
LogPluginManager: Mounting plugin UdpMessaging
LogPluginManager: Mounting plugin ActorSequence
LogPluginManager: Mounting plugin LevelSequenceEditor
LogPluginManager: Mounting plugin MatineeToLevelSequence
LogPluginManager: Mounting plugin OnlineSubsystemGooglePlay
LogPluginManager: Mounting plugin OnlineSubsystemIOS
LogPluginManager: Mounting plugin OnlineSubsystem
LogPluginManager: Mounting plugin OnlineSubsystemNull
LogPluginManager: Mounting plugin OnlineSubsystemUtils
LogPluginManager: Mounting plugin AndroidDeviceProfileSelector
LogPluginManager: Mounting plugin AndroidMoviePlayer
LogPluginManager: Mounting plugin AndroidPermission
LogPluginManager: Mounting plugin AppleARKit
LogPluginManager: Mounting plugin AppleMoviePlayer
LogPluginManager: Mounting plugin ArchVisCharacter
LogPluginManager: Mounting plugin CableComponent
LogPluginManager: Mounting plugin CustomMeshComponent
LogPluginManager: Mounting plugin ExampleDeviceProfileSelector
LogPluginManager: Mounting plugin GoogleCloudMessaging
LogPluginManager: Mounting plugin ImmediatePhysics
LogPluginManager: Mounting plugin IOSDeviceProfileSelector
LogPluginManager: Mounting plugin LinuxDeviceProfileSelector
LogPluginManager: Mounting plugin LocationServicesBPLibrary
LogPluginManager: Mounting plugin MobilePatchingUtils
LogPluginManager: Mounting plugin OculusVR
LogPluginManager: Plugin shader directory ../../../Engine/Plugins/Runtime/Oculus/OculusVR/Shaders found
LogPluginManager: Mapping shader source directory ../../../Engine/Plugins/Runtime/Oculus/OculusVR/Shaders to virtual directory /Plugin/OculusVR
LogPluginManager: Mounting plugin PhysXVehicles
LogPluginManager: Mounting plugin ProceduralMeshComponent
LogPluginManager: Mounting plugin RuntimePhysXCooking
LogPluginManager: Mounting plugin SteamVR
LogPluginManager: Mounting plugin WindowsMoviePlayer
LogModuleManager: Display: Found up-to-date module file ../../../../../../Users/steph/Documents/Unreal Projects/Recovery/Binaries/Win64/UE4Editor-Recovery-1900.dll (API version 3709383).
LogModuleManager: Display: Found up-to-date module file ../../../Engine/Plugins/2D/Paper2D/Binaries/Win64/UE4Editor-Paper2D.dll (API version 3709383).
LogModuleManager: Display: Found up-to-date module file ../../../Engine/Plugins/2D/Paper2D/Binaries/Win64/UE4Editor-Paper2DEditor.dll (API version 3709383).
LogModuleManager: Display: Found up-to-date module file ../../../Engine/Plugins/2D/Paper2D/Binaries/Win64/UE4Editor-PaperSpriteSheetImporter.dll (API version 3709383).
LogModuleManager: Display: Found up-to-date module file ../../../Engine/Plugins/2D/Paper2D/Binaries/Win64/UE4Editor-PaperTiledImporter.dll (API version 3709383).
LogModuleManager: Display: Found up-to-date module file ../../../Engine/Plugins/2D/Paper2D/Binaries/Win64/UE4Editor-SmartSnapping.dll (API version 3709383).
LogModuleManager: Display: Found up-to-date module file ../../../Engine/Plugins/Blendables/LightPropagationVolume/Binaries/Win64/UE4Editor-LightPropagationVolumeRuntime.dll (API version 3709383).
LogModuleManager: Display: Found up-to-date module file ../../../Engine/Plugins/Blendables/LightPropagationVolume/Binaries/Win64/UE4Editor-LightPropagationVolumeEditor.dll (API version 3709383).
LogModuleManager: Display: Found up-to-date module file ../../../Engine/Plugins/Developer/GitSourceControl/Binaries/Win64/UE4Editor-GitSourceControl.dll (API version 3709383).
LogModuleManager: Display: Found up-to-date module file ../../../Engine/Plugins/Developer/PerforceSourceControl/Binaries/Win64/UE4Editor-PerforceSourceControl.dll (API version 3709383).
LogModuleManager: Display: Found up-to-date module file ../../../Engine/Plugins/Developer/SubversionSourceControl/Binaries/Win64/UE4Editor-SubversionSourceControl.dll (API version 3709383).
LogModuleManager: Display: Found up-to-date module file ../../../Engine/Plugins/Developer/UObjectPlugin/Binaries/Win64/UE4Editor-UObjectPlugin.dll (API version 3709383).
LogModuleManager: Display: Found up-to-date module file ../../../Engine/Plugins/Developer/VisualStudioCodeSourceCodeAccess/Binaries/Win64/UE4Editor-VisualStudioCodeSourceCodeAccess.dll (API version 3709383).
LogModuleManager: Display: Found up-to-date module file ../../../Engine/Plugins/Developer/VisualStudioSourceCodeAccess/Binaries/Win64/UE4Editor-VisualStudioSourceCodeAccess.dll (API version 3709383).
LogModuleManager: Display: Found up-to-date module file ../../../Engine/Plugins/Editor/AssetManagerEditor/Binaries/Win64/UE4Editor-AssetManagerEditor.dll (API version 3709383).
LogModuleManager: Display: Found up-to-date module file ../../../Engine/Plugins/Editor/AudioCapture/Binaries/Win64/UE4Editor-AudioCapture.dll (API version 3709383).
LogModuleManager: Display: Found up-to-date module file ../../../Engine/Plugins/Editor/FacialAnimation/Binaries/Win64/UE4Editor-FacialAnimation.dll (API version 3709383).
LogModuleManager: Display: Found up-to-date module file ../../../Engine/Plugins/Editor/FacialAnimation/Binaries/Win64/UE4Editor-FacialAnimationEditor.dll (API version 3709383).
LogModuleManager: Display: Found up-to-date module file ../../../Engine/Plugins/Editor/GameplayTagsEditor/Binaries/Win64/UE4Editor-GameplayTagsEditor.dll (API version 3709383).
LogModuleManager: Display: Found up-to-date module file ../../../Engine/Plugins/Editor/MobileLauncherProfileWizard/Binaries/Win64/UE4Editor-MobileLauncherProfileWizard.dll (API version 3709383).
LogModuleManager: Display: Found up-to-date module file ../../../Engine/Plugins/Editor/PluginBrowser/Binaries/Win64/UE4Editor-PluginBrowser.dll (API version 3709383).
LogModuleManager: Display: Found up-to-date module file ../../../Engine/Plugins/Editor/SpeedTreeImporter/Binaries/Win64/UE4Editor-SpeedTreeImporter.dll (API version 3709383).
LogModuleManager: Display: Found up-to-date module file ../../../Engine/Plugins/Experimental/AlembicImporter/Binaries/Win64/UE4Editor-AlembicImporter.dll (API version 3709383).
LogModuleManager: Display: Found up-to-date module file ../../../Engine/Plugins/Experimental/AlembicImporter/Binaries/Win64/UE4Editor-AlembicLibrary.dll (API version 3709383).
LogModuleManager: Display: Found up-to-date module file ../../../Engine/Plugins/Experimental/CharacterAI/Binaries/Win64/UE4Editor-CharacterAI.dll (API version 3709383).
LogModuleManager: Display: Found up-to-date module file ../../../Engine/Plugins/Experimental/HTML5Networking/Binaries/Win64/UE4Editor-HTML5Networking.dll (API version 3709383).
LogModuleManager: Display: Found up-to-date module file ../../../Engine/Plugins/Media/AndroidMedia/Binaries/Win64/UE4Editor-AndroidMediaEditor.dll (API version 3709383).
LogModuleManager: Display: Found up-to-date module file ../../../Engine/Plugins/Media/AndroidMedia/Binaries/Win64/UE4Editor-AndroidMediaFactory.dll (API version 3709383).
LogModuleManager: Display: Found up-to-date module file ../../../Engine/Plugins/Media/AvfMedia/Binaries/Win64/UE4Editor-AvfMediaEditor.dll (API version 3709383).
LogModuleManager: Display: Found up-to-date module file ../../../Engine/Plugins/Media/AvfMedia/Binaries/Win64/UE4Editor-AvfMediaFactory.dll (API version 3709383).
LogModuleManager: Display: Found up-to-date module file ../../../Engine/Plugins/Media/AvfMedia/Binaries/Win64/UE4Editor-AvfMediaFactory.dll (API version 3709383).
LogModuleManager: Display: Found up-to-date module file ../../../Engine/Plugins/Media/ImgMedia/Binaries/Win64/UE4Editor-ImgMedia.dll (API version 3709383).
LogModuleManager: Display: Found up-to-date module file ../../../Engine/Plugins/Media/ImgMedia/Binaries/Win64/UE4Editor-ImgMediaEditor.dll (API version 3709383).
LogModuleManager: Display: Found up-to-date module file ../../../Engine/Plugins/Media/ImgMedia/Binaries/Win64/UE4Editor-ImgMediaFactory.dll (API version 3709383).
LogModuleManager: Display: Found up-to-date module file ../../../Engine/Plugins/Media/ImgMedia/Binaries/Win64/UE4Editor-ImgMediaFactory.dll (API version 3709383).
LogModuleManager: Display: Found up-to-date module file ../../../Engine/Plugins/Media/ImgMedia/Binaries/Win64/UE4Editor-OpenExrWrapper.dll (API version 3709383).
LogModuleManager: Display: Found up-to-date module file ../../../Engine/Plugins/Media/MediaCompositing/Binaries/Win64/UE4Editor-MediaCompositing.dll (API version 3709383).
LogModuleManager: Display: Found up-to-date module file ../../../Engine/Plugins/Media/MediaCompositing/Binaries/Win64/UE4Editor-MediaCompositingEditor.dll (API version 3709383).
LogModuleManager: Display: Found up-to-date module file ../../../Engine/Plugins/Media/MediaPlayerEditor/Binaries/Win64/UE4Editor-MediaPlayerEditor.dll (API version 3709383).
LogModuleManager: Display: Found up-to-date module file ../../../Engine/Plugins/Media/WmfMedia/Binaries/Win64/UE4Editor-WmfMedia.dll (API version 3709383).
LogModuleManager: Display: Found up-to-date module file ../../../Engine/Plugins/Media/WmfMedia/Binaries/Win64/UE4Editor-WmfMediaEditor.dll (API version 3709383).
LogModuleManager: Display: Found up-to-date module file ../../../Engine/Plugins/Media/WmfMedia/Binaries/Win64/UE4Editor-WmfMediaFactory.dll (API version 3709383).
LogModuleManager: Display: Found up-to-date module file ../../../Engine/Plugins/Media/WmfMedia/Binaries/Win64/UE4Editor-WmfMediaFactory.dll (API version 3709383).
LogModuleManager: Display: Found up-to-date module file ../../../Engine/Plugins/Messaging/TcpMessaging/Binaries/Win64/UE4Editor-TcpMessaging.dll (API version 3709383).
LogModuleManager: Display: Found up-to-date module file ../../../Engine/Plugins/Messaging/UdpMessaging/Binaries/Win64/UE4Editor-UdpMessaging.dll (API version 3709383).
LogModuleManager: Display: Found up-to-date module file ../../../Engine/Plugins/MovieScene/ActorSequence/Binaries/Win64/UE4Editor-ActorSequence.dll (API version 3709383).
LogModuleManager: Display: Found up-to-date module file ../../../Engine/Plugins/MovieScene/LevelSequenceEditor/Binaries/Win64/UE4Editor-LevelSequenceEditor.dll (API version 3709383).
LogModuleManager: Display: Found up-to-date module file ../../../Engine/Plugins/MovieScene/MatineeToLevelSequence/Binaries/Win64/UE4Editor-MatineeToLevelSequence.dll (API version 3709383).
LogModuleManager: Display: Found up-to-date module file ../../../Engine/Plugins/Online/OnlineSubsystem/Binaries/Win64/UE4Editor-OnlineSubsystem.dll (API version 3709383).
LogModuleManager: Display: Found up-to-date module file ../../../Engine/Plugins/Online/OnlineSubsystemNull/Binaries/Win64/UE4Editor-OnlineSubsystemNull.dll (API version 3709383).
LogModuleManager: Display: Found up-to-date module file ../../../Engine/Plugins/Online/OnlineSubsystemUtils/Binaries/Win64/UE4Editor-OnlineSubsystemUtils.dll (API version 3709383).
LogModuleManager: Display: Found up-to-date module file ../../../Engine/Plugins/Online/OnlineSubsystemUtils/Binaries/Win64/UE4Editor-OnlineBlueprintSupport.dll (API version 3709383).
LogModuleManager: Display: Found up-to-date module file ../../../Engine/Plugins/Runtime/AndroidDeviceProfileSelector/Binaries/Win64/UE4Editor-AndroidDeviceProfileSelector.dll (API version 3709383).
LogModuleManager: Display: Found up-to-date module file ../../../Engine/Plugins/Runtime/AndroidPermission/Binaries/Win64/UE4Editor-AndroidPermission.dll (API version 3709383).
LogModuleManager: Display: Found up-to-date module file ../../../Engine/Plugins/Runtime/AppleARKit/Binaries/Win64/UE4Editor-AppleARKit.dll (API version 3709383).
LogModuleManager: Display: Found up-to-date module file ../../../Engine/Plugins/Runtime/ArchVisCharacter/Binaries/Win64/UE4Editor-ArchVisCharacter.dll (API version 3709383).
LogModuleManager: Display: Found up-to-date module file ../../../Engine/Plugins/Runtime/CableComponent/Binaries/Win64/UE4Editor-CableComponent.dll (API version 3709383).
LogModuleManager: Display: Found up-to-date module file ../../../Engine/Plugins/Runtime/CustomMeshComponent/Binaries/Win64/UE4Editor-CustomMeshComponent.dll (API version 3709383).
LogModuleManager: Display: Found up-to-date module file ../../../Engine/Plugins/Runtime/ExampleDeviceProfileSelector/Binaries/Win64/UE4Editor-ExampleDeviceProfileSelector.dll (API version 3709383).
LogModuleManager: Display: Found up-to-date module file ../../../Engine/Plugins/Runtime/ImmediatePhysics/Binaries/Win64/UE4Editor-ImmediatePhysics.dll (API version 3709383).
LogModuleManager: Display: Found up-to-date module file ../../../Engine/Plugins/Runtime/ImmediatePhysics/Binaries/Win64/UE4Editor-ImmediatePhysicsEditor.dll (API version 3709383).
LogModuleManager: Display: Found up-to-date module file ../../../Engine/Plugins/Runtime/LocationServicesBPLibrary/Binaries/Win64/UE4Editor-LocationServicesBPLibrary.dll (API version 3709383).
LogModuleManager: Display: Found up-to-date module file ../../../Engine/Plugins/Runtime/MobilePatchingUtils/Binaries/Win64/UE4Editor-MobilePatchingUtils.dll (API version 3709383).
LogModuleManager: Display: Found up-to-date module file ../../../Engine/Plugins/Runtime/Oculus/OculusVR/Binaries/Win64/UE4Editor-OculusHMD.dll (API version 3709383).
LogModuleManager: Display: Found up-to-date module file ../../../Engine/Plugins/Runtime/Oculus/OculusVR/Binaries/Win64/UE4Editor-OculusInput.dll (API version 3709383).
LogModuleManager: Display: Found up-to-date module file ../../../Engine/Plugins/Runtime/Oculus/OculusVR/Binaries/Win64/UE4Editor-OculusEditor.dll (API version 3709383).
LogModuleManager: Display: Found up-to-date module file ../../../Engine/Plugins/Runtime/PhysXVehicles/Binaries/Win64/UE4Editor-PhysXVehicles.dll (API version 3709383).
LogModuleManager: Display: Found up-to-date module file ../../../Engine/Plugins/Runtime/PhysXVehicles/Binaries/Win64/UE4Editor-PhysXVehiclesEditor.dll (API version 3709383).
LogModuleManager: Display: Found up-to-date module file ../../../Engine/Plugins/Runtime/ProceduralMeshComponent/Binaries/Win64/UE4Editor-ProceduralMeshComponent.dll (API version 3709383).
LogModuleManager: Display: Found up-to-date module file ../../../Engine/Plugins/Runtime/ProceduralMeshComponent/Binaries/Win64/UE4Editor-ProceduralMeshComponentEditor.dll (API version 3709383).
LogModuleManager: Display: Found up-to-date module file ../../../Engine/Plugins/Runtime/RuntimePhysXCooking/Binaries/Win64/UE4Editor-RuntimePhysXCooking.dll (API version 3709383).
LogModuleManager: Display: Found up-to-date module file ../../../Engine/Plugins/Runtime/Steam/SteamVR/Binaries/Win64/UE4Editor-SteamVR.dll (API version 3709383).
LogModuleManager: Display: Found up-to-date module file ../../../Engine/Plugins/Runtime/Steam/SteamVR/Binaries/Win64/UE4Editor-SteamVRController.dll (API version 3709383).
LogModuleManager: Display: Found up-to-date module file ../../../Engine/Plugins/Runtime/WindowsMoviePlayer/Binaries/Win64/UE4Editor-WindowsMoviePlayer.dll (API version 3709383).
LogInit: Using libcurl 7.47.1
LogInit:  - built for x86_64-pc-win32
LogInit:  - supports SSL with OpenSSL/1.0.2g
LogInit:  - supports HTTP deflate (compression) using libz 1.2.8
LogInit:  - other features:
LogInit:      CURL_VERSION_SSL
LogInit:      CURL_VERSION_LIBZ
LogInit:      CURL_VERSION_IPV6
LogInit:      CURL_VERSION_ASYNCHDNS
LogInit:      CURL_VERSION_LARGEFILE
LogInit:      CURL_VERSION_IDN
LogInit:  CurlRequestOptions (configurable via config and command line):
LogInit:  - bVerifyPeer = false  - Libcurl will NOT verify peer certificate
LogInit:  - bUseHttpProxy = false  - Libcurl will NOT use HTTP proxy
LogInit:  - bDontReuseConnections = false  - Libcurl will reuse connections
LogInit:  - CertBundlePath = nullptr  - Libcurl will use whatever was configured at build time.
LogInit: Build: ++UE4+Release-4.18-CL-3832480
LogInit: Engine Version: 4.18.3-3832480+++UE4+Release-4.18
LogInit: Compatible Engine Version: 4.18.0-3709383+++UE4+Release-4.18
LogInit: Net CL: 3709383
LogDevObjectVersion: Number of dev versions registered: 16
LogDevObjectVersion:   Dev-Blueprints (B0D832E4-1F89-4F0D-ACCF-7EB736FD4AA2): 10
LogDevObjectVersion:   Dev-Build (E1C64328-A22C-4D53-A36C-8E866417BD8C): 0
LogDevObjectVersion:   Dev-Core (375EC13C-06E4-48FB-B500-84F0262A717E): 2
LogDevObjectVersion:   Dev-Editor (E4B068ED-F494-42E9-A231-DA0B2E46BB41): 20
LogDevObjectVersion:   Dev-Framework (CFFC743F-43B0-4480-9391-14DF171D2073): 30
LogDevObjectVersion:   Dev-Mobile (B02B49B5-BB20-44E9-A304-32B752E40360): 0
LogDevObjectVersion:   Dev-Networking (A4E4105C-59A1-49B5-A7C5-40C4547EDFEE): 0
LogDevObjectVersion:   Dev-Online (39C831C9-5AE6-47DC-9A44-9C173E1C8E7C): 0
LogDevObjectVersion:   Dev-Physics (78F01B33-EBEA-4F98-B9B4-84EACCB95AA2): 0
LogDevObjectVersion:   Dev-Platform (6631380F-2D4D-43E0-8009-CF276956A95A): 0
LogDevObjectVersion:   Dev-Rendering (12F88B9F-8875-4AFC-A67C-D90C383ABD29): 20
LogDevObjectVersion:   Dev-Sequencer (7B5AE74C-D270-4C10-A958-57980B212A5A): 4
LogDevObjectVersion:   Dev-VR (D7296918-1DD6-4BDD-9DE2-64A83CC13884): 0
LogDevObjectVersion:   Dev-LoadTimes (C2A15278-BFE7-4AFE-6C17-90FF531DF755): 1
LogDevObjectVersion:   Private-Geometry (6EACA3D4-40EC-4CC1-B786-8BED09428FC5): 1
LogDevObjectVersion:   Dev-AnimPhys (29E575DD-E0A3-4627-9D10-D276232CDCEA): 12
LogInit: Compiled (64-bit): Jan 12 2018 02:04:55
LogInit: Compiled with Visual C++: 19.00.24215.01
LogInit: Build Configuration: Development
LogInit: Branch Name: ++UE4+Release-4.18
LogInit: Command line:  
LogInit: Base directory: C:/Program Files/Epic Games/UE_4.18/Engine/Binaries/Win64/
LogInit: Installed Engine Build: 1
LogInit: Presizing for max 8388607 objects, including 0 objects not considered by GC, pre-allocating 0 bytes for permanent pool.
LogInit: Object subsystem initialized
[2018.05.24-18.20.15:086][  0]LogInit: Selected Device Profile: [Windows]
[2018.05.24-18.20.15:087][  0]LogInit: Applying CVar settings loaded from the selected device profile: [Windows]
[2018.05.24-18.20.15:344][  0]LogInit: Computer: DESKTOP-DG7KHEC
[2018.05.24-18.20.15:344][  0]LogInit: User: steph
[2018.05.24-18.20.15:345][  0]LogInit: CPU Page size=4096, Cores=2
[2018.05.24-18.20.15:345][  0]LogInit: High frequency timer resolution =2.533316 MHz
[2018.05.24-18.20.15:346][  0]LogMemory: Memory total: Physical=7.8GB (8GB approx)
[2018.05.24-18.20.15:346][  0]LogMemory: Platform Memory Stats for Windows
[2018.05.24-18.20.15:346][  0]LogMemory: Process Physical Memory: 270.21 MB used, 270.21 MB peak
[2018.05.24-18.20.15:346][  0]LogMemory: Process Virtual Memory: 261.22 MB used, 261.22 MB peak
[2018.05.24-18.20.15:346][  0]LogMemory: Physical Memory: 7829.60 MB used,  181.86 MB free, 8011.45 MB total
[2018.05.24-18.20.15:346][  0]LogMemory: Virtual Memory: 665.48 MB used,  181.86 MB free, 134217728.00 MB total
[2018.05.24-18.20.17:889][  0]LogInit: Using OS detected language (de-DE).
[2018.05.24-18.20.17:897][  0]LogInit: Using OS detected locale (de-DE).
[2018.05.24-18.20.18:785][  0]LogTextLocalizationManager: No localization for 'de-DE' exists, so 'en' will be used for the language.
[2018.05.24-18.20.18:786][  0]LogTextLocalizationManager: No localization for 'de-DE' exists, so 'en' will be used for the locale.
[2018.05.24-18.20.20:715][  0]LogInit: Setting process to per monitor DPI aware
[2018.05.24-18.20.33:228][  0]LogD3D11RHI: D3D11 adapters:
[2018.05.24-18.20.33:280][  0]LogD3D11RHI:    0. 'Intel(R) HD Graphics 4000' (Feature Level 11_0)
[2018.05.24-18.20.33:281][  0]LogD3D11RHI:       32/0/1760 MB DedicatedVideo/DedicatedSystem/SharedSystem, Outputs:1, VendorId:0x8086
[2018.05.24-18.20.33:292][  0]LogD3D11RHI:    1. 'Microsoft Basic Render Driver' (Feature Level 11_0)
[2018.05.24-18.20.33:292][  0]LogD3D11RHI:       0/0/4005 MB DedicatedVideo/DedicatedSystem/SharedSystem, Outputs:0, VendorId:0x1414
[2018.05.24-18.20.33:292][  0]LogD3D11RHI: Chosen D3D11 Adapter: 0
[2018.05.24-18.20.33:311][  0]LogD3D11RHI: Creating new Direct3DDevice
[2018.05.24-18.20.33:311][  0]LogD3D11RHI:     GPU DeviceId: 0x166 (for the marketing name, search the web for "GPU Device Id")
[2018.05.24-18.20.33:311][  0]LogWindows: EnumDisplayDevices:
[2018.05.24-18.20.33:311][  0]LogWindows:    0. 'Intel(R) HD Graphics 4000' (P:1 D:1)
[2018.05.24-18.20.33:312][  0]LogWindows:    1. 'Intel(R) HD Graphics 4000' (P:0 D:0)
[2018.05.24-18.20.33:312][  0]LogWindows:    2. 'Intel(R) HD Graphics 4000' (P:0 D:0)
[2018.05.24-18.20.33:312][  0]LogWindows: DebugString: GetVideoDriverDetailsInvalid PrimaryIsNotTheChoosenAdapter GetVideoDriverDetailsInvalid PrimaryIsNotTheChoosenAdapter GetVideoDriverDetailsInvalid PrimaryIsNotTheChoosenAdapter FoundDriverCount:0 
[2018.05.24-18.20.33:312][  0]LogD3D11RHI:     Adapter Name: Intel(R) HD Graphics 4000
[2018.05.24-18.20.33:312][  0]LogD3D11RHI:   Driver Version: Unknown (internal:Unknown, unified:Unknown)
[2018.05.24-18.20.33:312][  0]LogD3D11RHI:      Driver Date: Unknown
[2018.05.24-18.20.33:312][  0]LogRHI: Texture pool is 638 MB (70% of 912 MB)
[2018.05.24-18.20.33:323][  0]LogD3D11RHI: Async texture creation enabled
[2018.05.24-18.20.33:416][  0]LogD3D11RHI: GPU Timing Frequency: 12.500000 (Debug: 2 0)
[2018.05.24-18.20.33:419][  0]LogShaderCompilers: Guid format shader working directory is -19 characters bigger than the processId version (../../../../../../Users/steph/Documents/Unreal Projects/Recovery/Intermediate/Shaders/WorkingDirectory/20780/).
[2018.05.24-18.20.33:420][  0]LogShaderCompilers: Cleaned the shader compiler working directory 'C:/Users/steph/AppData/Local/Temp/UnrealShaderWorkingDir/7B36E7CB43119A5CD71253A3CA0E96DD/'.
[2018.05.24-18.20.33:420][  0]LogShaderCompilers: Display: Using Local Shader Compiler.
[2018.05.24-18.20.42:641][  0]LogTemp: Display: Loaded TP AllDesktopTargetPlatform
[2018.05.24-18.20.42:869][  0]LogTemp: Display: Loaded TP MacClientTargetPlatform
[2018.05.24-18.20.43:107][  0]LogTemp: Display: Loaded TP MacNoEditorTargetPlatform
[2018.05.24-18.20.43:377][  0]LogTemp: Display: Loaded TP MacServerTargetPlatform
[2018.05.24-18.20.43:740][  0]LogTemp: Display: Loaded TP MacTargetPlatform
[2018.05.24-18.20.44:120][  0]LogTemp: Display: Loaded TP WindowsClientTargetPlatform
[2018.05.24-18.20.44:435][  0]LogTemp: Display: Loaded TP WindowsNoEditorTargetPlatform
[2018.05.24-18.20.44:708][  0]LogTemp: Display: Loaded TP WindowsServerTargetPlatform
[2018.05.24-18.20.44:959][  0]LogTemp: Display: Loaded TP WindowsTargetPlatform
[2018.05.24-18.20.45:194][  0]LogTemp: Display: Loaded TP Android_ASTCTargetPlatform
[2018.05.24-18.20.45:440][  0]LogTemp: Display: Loaded TP Android_ATCTargetPlatform
[2018.05.24-18.20.45:689][  0]LogTemp: Display: Loaded TP Android_DXTTargetPlatform
[2018.05.24-18.20.45:933][  0]LogTemp: Display: Loaded TP Android_ETC1TargetPlatform
[2018.05.24-18.20.46:179][  0]LogTemp: Display: Loaded TP Android_ETC2TargetPlatform
[2018.05.24-18.20.46:820][  0]LogTemp: Display: Loaded TP Android_MultiTargetPlatform
[2018.05.24-18.20.46:837][  0]LogTemp: Display: Loaded TP Android_PVRTCTargetPlatform
[2018.05.24-18.20.47:173][  0]LogTemp: Display: Loaded TP AndroidTargetPlatform
[2018.05.24-18.20.47:439][  0]LogTemp: Display: Loaded TP HTML5TargetPlatform
[2018.05.24-18.20.47:944][  0]LogTemp: Display: Loaded TP IOSTargetPlatform
[2018.05.24-18.20.48:137][  0]LogTemp: Display: Loaded TP TVOSTargetPlatform
[2018.05.24-18.20.48:407][  0]LogTemp: Display: Loaded TP LinuxClientTargetPlatform
[2018.05.24-18.20.48:653][  0]LogTemp: Display: Loaded TP LinuxNoEditorTargetPlatform
[2018.05.24-18.20.48:911][  0]LogTemp: Display: Loaded TP LinuxServerTargetPlatform
[2018.05.24-18.20.49:156][  0]LogTemp: Display: Loaded TP LinuxTargetPlatform
[2018.05.24-18.20.49:156][  0]LogTargetPlatformManager: Display: Building Assets For Windows
[2018.05.24-18.20.51:681][  0]LogDerivedDataCache: Display: Max Cache Size: 512 MB
[2018.05.24-18.20.52:146][  0]LogDerivedDataCache: Loaded boot cache 0.46s 82MB C:/Users/steph/AppData/Local/UnrealEngine/4.18/DerivedDataCache/Boot.ddc.
[2018.05.24-18.20.52:146][  0]LogDerivedDataCache: Display: Loaded Boot cache: C:/Users/steph/AppData/Local/UnrealEngine/4.18/DerivedDataCache/Boot.ddc
[2018.05.24-18.20.52:146][  0]LogDerivedDataCache: FDerivedDataBackendGraph:  Pak pak cache file ../../../../../../Users/steph/Documents/Unreal Projects/Recovery/DerivedDataCache/DDC.ddp not found, will not use a pak cache.
[2018.05.24-18.20.52:146][  0]LogDerivedDataCache: Unable to find inner node Pak for hierarchical cache Hierarchy.
[2018.05.24-18.20.52:146][  0]LogDerivedDataCache: FDerivedDataBackendGraph:  CompressedPak pak cache file ../../../../../../Users/steph/Documents/Unreal Projects/Recovery/DerivedDataCache/Compressed.ddp not found, will not use a pak cache.
[2018.05.24-18.20.52:146][  0]LogDerivedDataCache: Unable to find inner node CompressedPak for hierarchical cache Hierarchy.
[2018.05.24-18.20.52:177][  0]LogDerivedDataCache: Display: Pak cache opened for reading ../../../Engine/DerivedDataCache/Compressed.ddp.
[2018.05.24-18.20.52:190][  0]LogDerivedDataCache: Using Local data cache path C:/Users/steph/AppData/Local/UnrealEngine/Common/DerivedDataCache: Writable
[2018.05.24-18.20.52:211][  0]LogMaterial: Verifying Global Shaders for PCD3D_SM5
[2018.05.24-18.20.52:212][  0]LogSlate: Using Freetype 2.6.0
[2018.05.24-18.20.52:238][  0]LogSlate: SlateFontCache - WITH_FREETYPE: 1, WITH_HARFBUZZ: 1
[2018.05.24-18.20.52:238][  0]LogSlate: SlateFontCache - WITH_FREETYPE: 1, WITH_HARFBUZZ: 1
[2018.05.24-18.20.53:845][  0]LogInit: Selected Device Profile: [Windows]
[2018.05.24-18.20.55:003][  0]LogSimplygon: Simplygon DLL not present - disabling.
[2018.05.24-18.20.55:354][  0]LogMeshReduction: Using SimplygonSwarm for distributed automatic mesh merging
[2018.05.24-18.20.55:354][  0]LogMeshReduction: Using QuadricMeshReduction for automatic static mesh reduction
[2018.05.24-18.20.55:354][  0]LogMeshReduction: No automatic skeletal mesh reduction module available
[2018.05.24-18.20.55:354][  0]LogMeshReduction: No automatic mesh merging module available
[2018.05.24-18.20.55:354][  0]LogMeshMerging: No automatic mesh merging module available
[2018.05.24-18.20.55:439][  0]LogNetVersion: Recovery , NetCL: 3709383, EngineNetVer: 2, GameNetVer: 0 (Checksum: 427405547)
[2018.05.24-18.20.56:034][  0]LogAssetRegistry: FAssetRegistry took 0.0391 seconds to start up
[2018.05.24-18.20.58:179][  0]LogPackageLocalizationCache: Processed 7 localized package path(s) for 1 prioritized culture(s) in 0.134072 seconds
[2018.05.24-18.20.58:195][  0]LogUObjectArray: 35870 objects as part of root set at end of initial load.
[2018.05.24-18.20.58:195][  0]LogUObjectAllocator: 7363696 out of 0 bytes used by permanent object pool.
[2018.05.24-18.20.58:195][  0]LogUObjectArray: CloseDisregardForGC: 0/0 objects in disregard for GC pool
[2018.05.24-18.20.58:396][  0]LogInit: WinSock: version 1.1 (2.2), MaxSocks=32767, MaxUdp=65467
[2018.05.24-18.21.17:185][  0]LogTcpMessaging: Initializing TcpMessaging bridge
[2018.05.24-18.21.17:286][  0]LogUdpMessaging: Initializing bridge on interface 0.0.0.0:0 to multicast group 230.0.0.1:6666.
[2018.05.24-18.21.20:149][  0]LogMaterial: Uniform references updated for custom material expression Custom.
[2018.05.24-18.21.21:487][  0]SourceControl: Source control is disabled
[2018.05.24-18.21.21:487][  0]SourceControl: Source control is disabled
[2018.05.24-18.21.21:643][  0]SourceControl: Source control is disabled
[2018.05.24-18.21.21:811][  0]SourceControl: Source control is disabled
[2018.05.24-18.21.24:460][  0]LogAndroidPermission: UAndroidPermissionCallbackProxy::GetInstance
[2018.05.24-18.21.25:306][  0]LogOcInput: OculusInput pre-init called
[2018.05.24-18.21.26:098][  0]LogEngine: Initializing Engine...
[2018.05.24-18.21.26:104][  0]LogHMD: Failed to initialize OpenVR with code 110
[2018.05.24-18.21.26:672][  0]LogStats: UGameplayTagsManager::ConstructGameplayTagTree: Construct from data asset -  0.000 s
[2018.05.24-18.21.26:672][  0]LogStats: UGameplayTagsManager::ConstructGameplayTagTree: GameplayTagTreeChangedEvent.Broadcast -  0.000 s
[2018.05.24-18.21.27:094][  0]LogAIModule: Creating AISystem for world Untitled
[2018.05.24-18.21.27:108][  0]LogInit: XAudio2 using 'Lautsprecher/Kopfhörer (Realtek High Definition Audio)' : 2 channels at 48 kHz using 32 bits per sample (channel mask 0x3)
[2018.05.24-18.21.27:148][  0]LogInit: FAudioDevice initialized.
[2018.05.24-18.21.27:329][  0]LogDerivedDataCache: Saved boot cache 0.18s 82MB C:/Users/steph/AppData/Local/UnrealEngine/4.18/DerivedDataCache/Boot.ddc.
[2018.05.24-18.21.27:343][  0]LogInit: Texture streaming: Enabled
[2018.05.24-18.21.27:624][  0]LogEngineSessionManager: EngineSessionManager initialized
[2018.05.24-18.21.27:980][  0]LogInit: Transaction tracking system initialized
[2018.05.24-18.21.28:970][  0]BlueprintLog: New page: Editor Load
[2018.05.24-18.21.31:746][  0]LocalizationService: Localization service is disabled
[2018.05.24-18.21.33:950][  0]LogConsoleResponse: Display: 
[2018.05.24-18.21.34:622][  0]LogCook: Display: Max memory allowance for cook 16384mb min free memory 0mb
[2018.05.24-18.21.34:622][  0]LogCook: Display: Mobile HDR setting 1
[2018.05.24-18.21.34:622][  0]LogGameplayTags: Display: UGameplayTagsManager::DoneAddingNativeTags. DelegateIsBound: 0
[2018.05.24-18.21.35:562][  0]LogFileCache: Scanning file cache for directory 'C:/Users/steph/Documents/Unreal Projects/Recovery/Content/' took 0.03s
[2018.05.24-18.21.38:013][  0]SourceControl: Source control is disabled
[2018.05.24-18.21.38:014][  0]Cmd: MAP LOAD FILE="../../../../../../Users/steph/Documents/Unreal Projects/Recovery/Content/FirstPersonCPP/Maps/FirstPersonExampleMap.umap" TEMPLATE=0 SHOWPROGRESS=1 FEATURELEVEL=3
[2018.05.24-18.21.38:015][  0]LightingResults: New page: Lighting Build
[2018.05.24-18.21.38:129][  0]MapCheck: New page: Map Check
[2018.05.24-18.21.38:129][  0]LightingResults: New page: Lighting Build
[2018.05.24-18.21.38:801][  0]LogAIModule: Creating AISystem for world FirstPersonExampleMap
[2018.05.24-18.21.38:880][  0]LogEditorServer: Finished looking for orphan Actors (0.000 secs)
[2018.05.24-18.21.38:966][  0]Cmd: MAP CHECKDEP NOCLEARLOG
[2018.05.24-18.21.39:108][  0]MapCheck: Map check complete: 0 Error(s), 0 Warning(s), took 142.201ms to complete.
[2018.05.24-18.21.39:108][  0]LogFileHelpers: Loading map 'FirstPersonExampleMap' took 1.095
[2018.05.24-18.21.39:398][  0]LogCollectionManager: Loaded 0 collections in 0.003167 seconds
[2018.05.24-18.21.39:559][  0]LogFileCache: Scanning file cache for directory 'C:/Users/steph/Documents/Unreal Projects/Recovery/Saved/Collections/' took 0.01s
[2018.05.24-18.21.39:559][  0]LogFileCache: Scanning file cache for directory 'C:/Users/steph/Documents/Unreal Projects/Recovery/Content/Developers/steph/Collections/' took 0.01s
[2018.05.24-18.21.39:559][  0]LogFileCache: Scanning file cache for directory 'C:/Users/steph/Documents/Unreal Projects/Recovery/Content/Collections/' took 0.01s
[2018.05.24-18.21.39:559][  0]LogCollectionManager: Rebuilt the GUID cache for 0 collections in 0.000000 seconds
[2018.05.24-18.21.39:577][  0]LogContentBrowser: Native class hierarchy populated in 0.0180 seconds. Added 2374 classes and 521 folders.
[2018.05.24-18.21.39:761][  0]LogContentBrowser: Native class hierarchy updated for 'WidgetCarousel' in 0.0011 seconds. Added 0 classes and 0 folders.
[2018.05.24-18.21.40:373][  0]LogContentBrowser: Native class hierarchy updated for 'AddContentDialog' in 0.0009 seconds. Added 0 classes and 0 folders.
[2018.05.24-18.21.40:502][  0]LogContentBrowser: Native class hierarchy updated for 'SceneOutliner' in 0.0011 seconds. Added 1 classes and 2 folders.
[2018.05.24-18.21.40:820][  0]LogSlate: Took 0.000332 seconds to synchronously load lazily loaded font '../../../Engine/Content/Slate/Fonts/Roboto-Regular.ttf' (155K)
[2018.05.24-18.21.40:830][  0]LogSlate: Took 0.007661 seconds to synchronously load lazily loaded font '../../../Engine/Content/Slate/Fonts/Roboto-Bold.ttf' (160K)
[2018.05.24-18.21.40:851][  0]LogSlate: Took 0.011569 seconds to synchronously load lazily loaded font '../../../Engine/Content/Editor/Slate/Fonts/FontAwesome.ttf' (139K)
[2018.05.24-18.21.41:162][  0]LogRenderer: Reallocating scene render targets to support 784x372 Format 10 NumSamples 1 (Frame:1).
[2018.05.24-18.21.42:494][  0]LogContentBrowser: Native class hierarchy updated for 'HierarchicalLODOutliner' in 0.0016 seconds. Added 1 classes and 2 folders.
[2018.05.24-18.21.42:494][  0]LogLoad: (Engine Initialization) Total time: 100.16 seconds
[2018.05.24-18.21.42:494][  0]LogLoad: (Engine Initialization) Total Blueprint compile time: 0.00 seconds
[2018.05.24-18.21.42:495][  0]LogExternalProfiler: No external profilers were discovered.  External profiling features will not be available.
[2018.05.24-18.21.42:864][  0]LogContentStreaming: Texture pool size now 1000 MB
[2018.05.24-18.21.42:907][  0]LogSlate: Took 0.008265 seconds to synchronously load lazily loaded font '../../../Engine/Content/Slate/Fonts/Roboto-Light.ttf' (159K)
[2018.05.24-18.21.44:151][  3]LogAssetRegistry: Asset discovery search completed in 48.1424 seconds
[2018.05.24-18.21.44:154][  3]LogCollectionManager: Rebuilt the object cache for 0 collections in 0.000000 seconds (found 0 objects)
[2018.05.24-18.21.44:154][  3]LogCollectionManager: Fixed up redirectors for 0 collections in 0.000128 seconds (updated 0 objects)
[2018.05.24-18.32.44:565][205]LogHotReload: New module detected: UE4Editor-Recovery-7300.dll
[2018.05.24-18.35.22:614][679]LogHotReload: New module detected: UE4Editor-Recovery-6137.dll
[2018.05.24-18.35.23:653][683]LogHotReload: Starting Hot-Reload from IDE
[2018.05.24-18.35.23:675][683]LogSlate: Took 0.006904 seconds to synchronously load lazily loaded font '../../../Engine/Content/Slate/Fonts/Roboto-Light.ttf' (159K)
[2018.05.24-18.35.24:074][683]LogClass: Could not find existing class MyGameModeBase in package /Script/Recovery for HotReload, assuming new class
[2018.05.24-18.35.24:107][683]LogContentBrowser: Native class hierarchy updated for 'Recovery' in 0.0026 seconds. Added 12 classes and 2 folders.
[2018.05.24-18.35.24:110][683]Display: HotReload successful (7 functions remapped  0 scriptstructs remapped)
[2018.05.24-18.35.24:310][683]LogContentBrowser: Native class hierarchy populated in 0.0198 seconds. Added 2377 classes and 525 folders.
[2018.05.24-18.35.24:323][683]Display: HotReload took  0.7s.
[2018.05.24-18.36.52:892][225]LogSlate: Took 0.010074 seconds to synchronously load lazily loaded font '../../../Engine/Content/Editor/Slate/Fonts/Roboto-BoldCondensed.ttf' (158K)
[2018.05.24-18.37.04:719][515]LogContentBrowser: Native class hierarchy updated for 'BlueprintGraph' in 0.0016 seconds. Added 116 classes and 0 folders.
[2018.05.24-18.37.06:516][515]LogRenderer: Reallocating scene render targets to support 808x588 Format 10 NumSamples 1 (Frame:1).
[2018.05.24-18.37.09:316][545]LogSavePackage: Save=33.06ms
[2018.05.24-18.37.09:317][545]LogSavePackage: Moving '../../../../../../Users/steph/Documents/Unreal Projects/Recovery/Saved/MyGameModeBaseBP1014F8CA46A9E1D4234DFABAA515E37E.tmp' to '../../../../../../Users/steph/Documents/Unreal Projects/Recovery/Content/FirstPersonCPP/Blueprints/MyGameModeBaseBP.uasset'
[2018.05.24-18.37.09:329][545]LogSavePackage: Display: Finished SavePackage ../../../../../../Users/steph/Documents/Unreal Projects/Recovery/Content/FirstPersonCPP/Blueprints/MyGameModeBaseBP.uasset
[2018.05.24-18.37.11:520][589]LogSlate: Warning: Prevented a slow task dialog from being summoned while a context menu was open
[2018.05.24-18.37.28:620][221]LogSavePackage: Save=330.52ms
[2018.05.24-18.37.28:620][221]LogSavePackage: Moving '../../../../../../Users/steph/Documents/Unreal Projects/Recovery/Saved/FirstPersonExampleMap536E57D841F172E63269788C3EC80974.tmp' to '../../../../../../Users/steph/Documents/Unreal Projects/Recovery/Content/FirstPersonCPP/Maps/FirstPersonExampleMap.umap'
[2018.05.24-18.37.28:628][221]LogSavePackage: Display: Finished SavePackage ../../../../../../Users/steph/Documents/Unreal Projects/Recovery/Content/FirstPersonCPP/Maps/FirstPersonExampleMap.umap
[2018.05.24-18.37.29:946][221]LogSlate: Took 0.008468 seconds to synchronously load lazily loaded font '../../../Engine/Content/Slate/Fonts/Roboto-Regular.ttf' (155K)
[2018.05.24-18.37.32:628][221]LogSavePackage: Save=3870.56ms
[2018.05.24-18.37.32:629][221]LogSavePackage: Moving '../../../../../../Users/steph/Documents/Unreal Projects/Recovery/Saved/FirstPersonExampleMap_BuiltDataFBC481A84A9540649F87FAB7A06D4250.tmp' to '../../../../../../Users/steph/Documents/Unreal Projects/Recovery/Content/FirstPersonCPP/Maps/FirstPersonExampleMap_BuiltData.uasset'
[2018.05.24-18.37.32:635][221]LogSavePackage: Display: Finished SavePackage ../../../../../../Users/steph/Documents/Unreal Projects/Recovery/Content/FirstPersonCPP/Maps/FirstPersonExampleMap_BuiltData.uasset
[2018.05.24-18.37.33:930][250]LogTemp: Repeating last play command: Selected Viewport
[2018.05.24-18.37.34:072][250]LogBlueprintUserMessages: Early PlayInEditor Detection: Level '/Game/FirstPersonCPP/Maps/FirstPersonExampleMap.FirstPersonExampleMap:PersistentLevel' has LevelScriptBlueprint '/Game/FirstPersonCPP/Maps/FirstPersonExampleMap.FirstPersonExampleMap:PersistentLevel.FirstPersonExampleMap' with GeneratedClass '/Game/FirstPersonCPP/Maps/FirstPersonExampleMap.FirstPersonExampleMap_C' with ClassGeneratedBy '/Game/FirstPersonCPP/Maps/FirstPersonExampleMap.FirstPersonExampleMap:PersistentLevel.FirstPersonExampleMap'
[2018.05.24-18.37.34:073][250]LogPlayLevel: PlayLevel: No blueprints needed recompiling
[2018.05.24-18.37.34:089][250]PIE: New page: PIE session: FirstPersonExampleMap (May 24, 2018, 10:37:34 PM)
[2018.05.24-18.37.34:089][250]LogPlayLevel: Creating play world package: /Game/FirstPersonCPP/Maps/UEDPIE_0_FirstPersonExampleMap
[2018.05.24-18.37.34:150][250]LogPlayLevel: PIE: StaticDuplicateObject took: (0.060225s)
[2018.05.24-18.37.34:151][250]LogAIModule: Creating AISystem for world FirstPersonExampleMap
[2018.05.24-18.37.34:153][250]LogPlayLevel: PIE: World Init took: (0.002531s)
[2018.05.24-18.37.34:153][250]LogPlayLevel: PIE: Created PIE world by copying editor world from /Game/FirstPersonCPP/Maps/FirstPersonExampleMap.FirstPersonExampleMap to /Game/FirstPersonCPP/Maps/UEDPIE_0_FirstPersonExampleMap.FirstPersonExampleMap (0.063767s)
[2018.05.24-18.37.34:197][250]LogInit: XAudio2 using 'Lautsprecher/Kopfhörer (Realtek High Definition Audio)' : 2 channels at 48 kHz using 32 bits per sample (channel mask 0x3)
[2018.05.24-18.37.34:229][250]LogInit: FAudioDevice initialized.
[2018.05.24-18.37.34:280][250]LogLoad: Game class is 'MyGameModeBaseBP_C'
[2018.05.24-18.37.34:295][250]LogWorld: Bringing World /Game/FirstPersonCPP/Maps/UEDPIE_0_FirstPersonExampleMap.FirstPersonExampleMap up for play (max tick rate 60) at 2018.05.24-20.37.34
[2018.05.24-18.37.34:298][250]LogWorld: Bringing up level for play took: 0.006497
[2018.05.24-18.37.34:421][250]LogContentBrowser: Native class hierarchy updated for 'MovieSceneCapture' in 0.0011 seconds. Added 11 classes and 0 folders.
[2018.05.24-18.37.34:426][250]PIE: Play in editor start time for /Game/FirstPersonCPP/Maps/UEDPIE_0_FirstPersonExampleMap 1.035
[2018.05.24-18.37.34:427][250]LogBlueprintUserMessages: Late PlayInEditor Detection: Level '/Game/FirstPersonCPP/Maps/FirstPersonExampleMap.FirstPersonExampleMap:PersistentLevel' has LevelScriptBlueprint '/Game/FirstPersonCPP/Maps/FirstPersonExampleMap.FirstPersonExampleMap:PersistentLevel.FirstPersonExampleMap' with GeneratedClass '/Game/FirstPersonCPP/Maps/FirstPersonExampleMap.FirstPersonExampleMap_C' with ClassGeneratedBy '/Game/FirstPersonCPP/Maps/FirstPersonExampleMap.FirstPersonExampleMap:PersistentLevel.FirstPersonExampleMap'
[2018.05.24-18.37.42:453][451]LogOutputDevice: Warning: 

Script Stack:
Interactable.PerformInteract

[2018.05.24-18.37.44:582][451]LogStats: FPlatformStackWalk::StackWalkAndDump -  2.129 s
[2018.05.24-18.37.44:583][451]LogOutputDevice: Error: === Handled ensure: ===
[2018.05.24-18.37.44:583][451]LogOutputDevice: Error: 
[2018.05.24-18.37.44:583][451]LogOutputDevice: Error: Ensure condition failed: this->IsBound() [File:C:\Program Files\Epic Games\UE_4.18\Engine\Source\Runtime\Core\Public\Delegates/DelegateSignatureImpl.inl] [Line: 1058]
[2018.05.24-18.37.44:583][451]LogOutputDevice: Error: Unable to bind delegate to 'OnButtonClicked0' (function might not be marked as a UFUNCTION or object may be pending kill)
[2018.05.24-18.37.44:584][451]LogOutputDevice: Error: Stack: 
[2018.05.24-18.37.44:584][451]LogOutputDevice: Error: [Callstack] 0x000000003CD52786 UE4Editor-Core.dll!UnknownFunction []
[2018.05.24-18.37.44:584][451]LogOutputDevice: Error: [Callstack] 0x000000003CAF123A UE4Editor-Core.dll!UnknownFunction []
[2018.05.24-18.37.44:584][451]LogOutputDevice: Error: [Callstack] 0x000000003CB0B906 UE4Editor-Core.dll!UnknownFunction []
[2018.05.24-18.37.44:584][451]LogOutputDevice: Error: [Callstack] 0x000000005268376A UE4Editor-Recovery-6137.dll!TBaseDynamicDelegate<FWeakObjectPtr,void>::__Internal_BindDynamic<UKeypadUserWidget>() [c:\program files\epic games\ue_4.18\engine\source\runtime\core\public\delegates\delegatesignatureimpl.inl:1058]
[2018.05.24-18.37.44:584][451]LogOutputDevice: Error: [Callstack] 0x00000000526835F2 UE4Editor-Recovery-6137.dll!TBaseDynamicMulticastDelegate<FWeakObjectPtr,void>::__Internal_AddDynamic<UKeypadUserWidget>() [c:\program files\epic games\ue_4.18\engine\source\runtime\core\public\delegates\delegatesignatureimpl.inl:1140]
[2018.05.24-18.37.44:584][451]LogOutputDevice: Error: [Callstack] 0x000000005268407A UE4Editor-Recovery-6137.dll!UKeypadUserWidget::NativeConstruct() [c:\users\steph\documents\unreal projects\recovery\source\recovery\keypaduserwidget.cpp:12]
[2018.05.24-18.37.44:584][451]LogOutputDevice: Error: [Callstack] 0x00000000400CCF7D UE4Editor-UMG.dll!UnknownFunction []
[2018.05.24-18.37.44:584][451]LogOutputDevice: Error: [Callstack] 0x00000000400CC86C UE4Editor-UMG.dll!UnknownFunction []
[2018.05.24-18.37.44:584][451]LogOutputDevice: Error: [Callstack] 0x000000004001CBC4 UE4Editor-UMG.dll!UnknownFunction []
[2018.05.24-18.37.44:584][451]LogOutputDevice: Error: [Callstack] 0x0000000052685F15 UE4Editor-Recovery-6137.dll!AMyPlayerController::OpenUserWidget() [c:\users\steph\documents\unreal projects\recovery\source\recovery\myplayercontroller.cpp:23]
[2018.05.24-18.37.44:584][451]LogOutputDevice: Error: [Callstack] 0x0000000052683303 UE4Editor-Recovery-6137.dll!AKeypadActor::PerformInteract_Implementation() [c:\users\steph\documents\unreal projects\recovery\source\recovery\keypadactor.cpp:38]
[2018.05.24-18.37.44:584][451]LogOutputDevice: Error: [Callstack] 0x000000003A815264 UE4Editor-CoreUObject.dll!UnknownFunction []
[2018.05.24-18.37.44:584][451]LogOutputDevice: Error: [Callstack] 0x000000003A9F0F66 UE4Editor-CoreUObject.dll!UnknownFunction []
[2018.05.24-18.37.44:584][451]LogOutputDevice: Error: [Callstack] 0x0000000030E0E64B UE4Editor-Engine.dll!UnknownFunction []
[2018.05.24-18.37.44:584][451]LogOutputDevice: Error: [Callstack] 0x0000000052689A6E UE4Editor-Recovery-6137.dll!ARecoveryCharacter::TryInteract() [c:\users\steph\documents\unreal projects\recovery\source\recovery\recoverycharacter.cpp:328]
[2018.05.24-18.37.44:584][451]LogOutputDevice: Error: [Callstack] 0x0000000031F5F0D6 UE4Editor-Engine.dll!UnknownFunction []
[2018.05.24-18.37.44:584][451]LogOutputDevice: Error: [Callstack] 0x0000000031F9127B UE4Editor-Engine.dll!UnknownFunction []
[2018.05.24-18.37.44:584][451]LogOutputDevice: Error: [Callstack] 0x0000000031B0327C UE4Editor-Engine.dll!UnknownFunction []
[2018.05.24-18.37.44:584][451]LogOutputDevice: Error: [Callstack] 0x0000000031B16F66 UE4Editor-Engine.dll!UnknownFunction []
[2018.05.24-18.37.44:584][451]LogOutputDevice: Error: [Callstack] 0x0000000031B00DDB UE4Editor-Engine.dll!UnknownFunction []
[2018.05.24-18.37.44:584][451]LogOutputDevice: Error: [Callstack] 0x0000000031B1613A UE4Editor-Engine.dll!UnknownFunction []
[2018.05.24-18.37.44:584][451]LogOutputDevice: Error: [Callstack] 0x0000000030DE58B6 UE4Editor-Engine.dll!UnknownFunction []
[2018.05.24-18.37.44:584][451]LogOutputDevice: Error: [Callstack] 0x0000000031E39BDB UE4Editor-Engine.dll!UnknownFunction []
[2018.05.24-18.37.44:584][451]LogOutputDevice: Error: [Callstack] 0x0000000031E3DD0B UE4Editor-Engine.dll!UnknownFunction []
[2018.05.24-18.37.44:585][451]LogOutputDevice: Error: [Callstack] 0x000000003C9B4845 UE4Editor-Core.dll!UnknownFunction []
[2018.05.24-18.37.44:585][451]LogOutputDevice: Error: [Callstack] 0x000000003C9B4E2A UE4Editor-Core.dll!UnknownFunction []
[2018.05.24-18.37.44:585][451]LogOutputDevice: Error: [Callstack] 0x000000003C9D589E UE4Editor-Core.dll!UnknownFunction []
[2018.05.24-18.37.44:585][451]LogOutputDevice: Error: [Callstack] 0x0000000031E57E11 UE4Editor-Engine.dll!UnknownFunction []
[2018.05.24-18.37.44:585][451]LogOutputDevice: Error: [Callstack] 0x0000000031E5C632 UE4Editor-Engine.dll!UnknownFunction []
[2018.05.24-18.37.44:585][451]LogOutputDevice: Error: [Callstack] 0x000000003174D104 UE4Editor-Engine.dll!UnknownFunction []
[2018.05.24-18.37.44:585][451]LogOutputDevice: Error: [Callstack] 0x0000000031756448 UE4Editor-Engine.dll!UnknownFunction []
[2018.05.24-18.37.44:585][451]LogOutputDevice: Error: [Callstack] 0x0000000034046BA6 UE4Editor-UnrealEd.dll!UnknownFunction []
[2018.05.24-18.37.44:585][451]LogOutputDevice: Error: [Callstack] 0x00000000348F4AC6 UE4Editor-UnrealEd.dll!UnknownFunction []
[2018.05.24-18.37.44:585][451]LogOutputDevice: Error: [Callstack] 0x000000007AB25A26 UE4Editor.exe!UnknownFunction []
[2018.05.24-18.37.44:585][451]LogOutputDevice: Error: [Callstack] 0x000000007AB35430 UE4Editor.exe!UnknownFunction []
[2018.05.24-18.37.44:585][451]LogOutputDevice: Error: [Callstack] 0x000000007AB354AA UE4Editor.exe!UnknownFunction []
[2018.05.24-18.37.44:585][451]LogOutputDevice: Error: [Callstack] 0x000000007AB42379 UE4Editor.exe!UnknownFunction []
[2018.05.24-18.37.44:585][451]LogOutputDevice: Error: [Callstack] 0x000000007AB43D57 UE4Editor.exe!UnknownFunction []
[2018.05.24-18.37.44:585][451]LogOutputDevice: Error: [Callstack] 0x000000006E601FE4 KERNEL32.DLL!UnknownFunction []
[2018.05.24-18.37.44:585][451]LogOutputDevice: Error: [Callstack] 0x000000006EFDF061 ntdll.dll!UnknownFunction []
[2018.05.24-18.37.44:585][451]LogOutputDevice: Error: 
[2018.05.24-18.37.44:586][451]LogStats:                SubmitErrorReport -  0.000 s
[2018.05.24-18.37.45:418][451]LogStats:                    SendNewReport -  0.831 s
[2018.05.24-18.37.45:418][451]LogStats:             FDebug::EnsureFailed -  2.965 s
[2018.05.24-18.37.45:957][451]LogWindows: Error: === Critical error: ===
[2018.05.24-18.37.45:957][451]LogWindows: Error: 
[2018.05.24-18.37.45:957][451]LogWindows: Error: Unhandled Exception: EXCEPTION_ACCESS_VIOLATION reading address 0x00000468
[2018.05.24-18.37.45:957][451]LogWindows: Error: 
[2018.05.24-18.37.45:957][451]LogWindows: Error: [Callstack] 0x0000000052683CAA UE4Editor-Recovery-6137.dll!TMulticastScriptDelegate<FWeakObjectPtr>::CompactInvocationList() [c:\program files\epic games\ue_4.18\engine\source\runtime\core\public\uobject\scriptdelegates.h:560]
[2018.05.24-18.37.45:957][451]LogWindows: Error: [Callstack] 0x00000000526835FA UE4Editor-Recovery-6137.dll!TBaseDynamicMulticastDelegate<FWeakObjectPtr,void>::__Internal_AddDynamic<UKeypadUserWidget>() [c:\program files\epic games\ue_4.18\engine\source\runtime\core\public\delegates\delegatesignatureimpl.inl:1140]
[2018.05.24-18.37.45:957][451]LogWindows: Error: [Callstack] 0x000000005268407A UE4Editor-Recovery-6137.dll!UKeypadUserWidget::NativeConstruct() [c:\users\steph\documents\unreal projects\recovery\source\recovery\keypaduserwidget.cpp:12]
[2018.05.24-18.37.45:957][451]LogWindows: Error: [Callstack] 0x00000000400CCF7D UE4Editor-UMG.dll!UnknownFunction []
[2018.05.24-18.37.45:957][451]LogWindows: Error: [Callstack] 0x00000000400CC86C UE4Editor-UMG.dll!UnknownFunction []
[2018.05.24-18.37.45:957][451]LogWindows: Error: [Callstack] 0x000000004001CBC4 UE4Editor-UMG.dll!UnknownFunction []
[2018.05.24-18.37.45:957][451]LogWindows: Error: [Callstack] 0x0000000052685F15 UE4Editor-Recovery-6137.dll!AMyPlayerController::OpenUserWidget() [c:\users\steph\documents\unreal projects\recovery\source\recovery\myplayercontroller.cpp:23]
[2018.05.24-18.37.45:957][451]LogWindows: Error: [Callstack] 0x0000000052683303 UE4Editor-Recovery-6137.dll!AKeypadActor::PerformInteract_Implementation() [c:\users\steph\documents\unreal projects\recovery\source\recovery\keypadactor.cpp:38]
[2018.05.24-18.37.45:958][451]LogWindows: Error: [Callstack] 0x000000003A815264 UE4Editor-CoreUObject.dll!UnknownFunction []
[2018.05.24-18.37.45:958][451]LogWindows: Error: [Callstack] 0x000000003A9F0F66 UE4Editor-CoreUObject.dll!UnknownFunction []
[2018.05.24-18.37.45:958][451]LogWindows: Error: [Callstack] 0x0000000030E0E64B UE4Editor-Engine.dll!UnknownFunction []
[2018.05.24-18.37.45:958][451]LogWindows: Error: [Callstack] 0x0000000052689A6E UE4Editor-Recovery-6137.dll!ARecoveryCharacter::TryInteract() [c:\users\steph\documents\unreal projects\recovery\source\recovery\recoverycharacter.cpp:328]
[2018.05.24-18.37.45:958][451]LogWindows: Error: [Callstack] 0x0000000031F5F0D6 UE4Editor-Engine.dll!UnknownFunction []
[2018.05.24-18.37.45:958][451]LogWindows: Error: [Callstack] 0x0000000031F9127B UE4Editor-Engine.dll!UnknownFunction []
[2018.05.24-18.37.45:958][451]LogWindows: Error: [Callstack] 0x0000000031B0327C UE4Editor-Engine.dll!UnknownFunction []
[2018.05.24-18.37.45:958][451]LogWindows: Error: [Callstack] 0x0000000031B16F66 UE4Editor-Engine.dll!UnknownFunction []
[2018.05.24-18.37.45:958][451]LogWindows: Error: [Callstack] 0x0000000031B00DDB UE4Editor-Engine.dll!UnknownFunction []
[2018.05.24-18.37.45:958][451]LogWindows: Error: [Callstack] 0x0000000031B1613A UE4Editor-Engine.dll!UnknownFunction []
[2018.05.24-18.37.45:958][451]LogWindows: Error: [Callstack] 0x0000000030DE58B6 UE4Editor-Engine.dll!UnknownFunction []
[2018.05.24-18.37.45:958][451]LogWindows: Error: [Callstack] 0x0000000031E39BDB UE4Editor-Engine.dll!UnknownFunction []
[2018.05.24-18.37.45:958][451]LogWindows: Error: [Callstack] 0x0000000031E3DD0B UE4Editor-Engine.dll!UnknownFunction []
[2018.05.24-18.37.45:958][451]LogWindows: Error: [Callstack] 0x000000003C9B4845 UE4Editor-Core.dll!UnknownFunction []
[2018.05.24-18.37.45:958][451]LogWindows: Error: [Callstack] 0x000000003C9B4E2A UE4Editor-Core.dll!UnknownFunction []
[2018.05.24-18.37.45:958][451]LogWindows: Error: [Callstack] 0x000000003C9D589E UE4Editor-Core.dll!UnknownFunction []
[2018.05.24-18.37.45:958][451]LogWindows: Error: [Callstack] 0x0000000031E57E11 UE4Editor-Engine.dll!UnknownFunction []
[2018.05.24-18.37.45:958][451]LogWindows: Error: [Callstack] 0x0000000031E5C632 UE4Editor-Engine.dll!UnknownFunction []
[2018.05.24-18.37.45:958][451]LogWindows: Error: [Callstack] 0x000000003174D104 UE4Editor-Engine.dll!UnknownFunction []
[2018.05.24-18.37.45:958][451]LogWindows: Error: [Callstack] 0x0000000031756448 UE4Editor-Engine.dll!UnknownFunction []
[2018.05.24-18.37.45:958][451]LogWindows: Error: [Callstack] 0x0000000034046BA6 UE4Editor-UnrealEd.dll!UnknownFunction []
[2018.05.24-18.37.45:958][451]LogWindows: Error: [Callstack] 0x00000000348F4AC6 UE4Editor-UnrealEd.dll!UnknownFunction []
[2018.05.24-18.37.45:958][451]LogWindows: Error: [Callstack] 0x000000007AB25A26 UE4Editor.exe!UnknownFunction []
[2018.05.24-18.37.45:958][451]LogWindows: Error: [Callstack] 0x000000007AB35430 UE4Editor.exe!UnknownFunction []
[2018.05.24-18.37.45:958][451]LogWindows: Error: [Callstack] 0x000000007AB354AA UE4Editor.exe!UnknownFunction []
[2018.05.24-18.37.45:958][451]LogWindows: Error: [Callstack] 0x000000007AB42379 UE4Editor.exe!UnknownFunction []
[2018.05.24-18.37.45:959][451]LogWindows: Error: [Callstack] 0x000000007AB43D57 UE4Editor.exe!UnknownFunction []
[2018.05.24-18.37.45:959][451]LogWindows: Error: [Callstack] 0x000000006E601FE4 KERNEL32.DLL!UnknownFunction []
[2018.05.24-18.37.45:959][451]LogWindows: Error: [Callstack] 0x000000006EFDF061 ntdll.dll!UnknownFunction []
[2018.05.24-18.37.45:959][451]LogWindows: Error: [Callstack] 0x000000006EFDF061 ntdll.dll!UnknownFunction []
[2018.05.24-18.37.45:959][451]LogWindows: Error: 
[2018.05.24-18.37.46:017][451]LogExit: Executing StaticShutdownAfterError
[2018.05.24-18.37.46:123][451]LogWindows: FPlatformMisc::RequestExit(1)
[2018.05.24-18.37.46:124][451]Log file closed, 05/24/18 20:37:46
